

================================================================
== Vitis HLS Report for 'check_termination'
================================================================
* Date:           Sat Feb  7 11:29:14 2026

* Version:        2020.2 (Build 3064766 on Wed Nov 18 09:12:45 MST 2020)
* Project:        hls_project
* Solution:       solution1 (Vivado IP Flow Target)
* Product family: zynq
* Target device:  xc7z020-clg484-1


================================================================
== Performance Estimates
================================================================
+ Timing: 
    * Summary: 
    +--------+----------+-----------+------------+
    |  Clock |  Target  | Estimated | Uncertainty|
    +--------+----------+-----------+------------+
    |ap_clk  |  10.00 ns|  14.512 ns|     2.70 ns|
    +--------+----------+-----------+------------+

+ Latency: 
    * Summary: 
    +---------+---------+----------+----------+-----+-----+---------+
    |  Latency (cycles) |  Latency (absolute) |  Interval | Pipeline|
    |   min   |   max   |    min   |    max   | min | max |   Type  |
    +---------+---------+----------+----------+-----+-----+---------+
    |        ?|        ?|         ?|         ?|    ?|    ?|     none|
    +---------+---------+----------+----------+-----+-----+---------+

    + Detail: 
        * Instance: 
        +---------------------------------+----------------------+---------+---------+----------+----------+-----+-----+---------+
        |                                 |                      |  Latency (cycles) |  Latency (absolute) |  Interval | Pipeline|
        |             Instance            |        Module        |   min   |   max   |    min   |    max   | min | max |   Type  |
        +---------------------------------+----------------------+---------+---------+----------+----------+-----+-----+---------+
        |grp_is_primal_infeasible_fu_317  |is_primal_infeasible  |        ?|        ?|         ?|         ?|    ?|    ?|     none|
        |grp_is_dual_infeasible_fu_337    |is_dual_infeasible    |       93|      278|  1.350 us|  4.034 us|   93|  278|     none|
        +---------------------------------+----------------------+---------+---------+----------+----------+-----+-----+---------+

        * Loop: 
        +-------------------+---------+---------+----------+-----------+-----------+------+----------+
        |                   |  Latency (cycles) | Iteration|  Initiation Interval  | Trip |          |
        |     Loop Name     |   min   |   max   |  Latency |  achieved |   target  | Count| Pipelined|
        +-------------------+---------+---------+----------+-----------+-----------+------+----------+
        |- VITIS_LOOP_14_1  |      114|      114|         6|          -|          -|    19|        no|
        |- VITIS_LOOP_14_1  |      114|      114|         6|          -|          -|    19|        no|
        |- VITIS_LOOP_14_1  |       90|       90|         6|          -|          -|    15|        no|
        |- VITIS_LOOP_14_1  |       30|       30|         2|          -|          -|    15|        no|
        |- VITIS_LOOP_14_1  |       90|       90|         6|          -|          -|    15|        no|
        +-------------------+---------+---------+----------+-----------+-----------+------+----------+



================================================================
== Utilization Estimates
================================================================
* Summary: 
+-----------------+---------+-----+--------+-------+-----+
|       Name      | BRAM_18K| DSP |   FF   |  LUT  | URAM|
+-----------------+---------+-----+--------+-------+-----+
|DSP              |        -|    -|       -|      -|    -|
|Expression       |        -|    -|       0|   1381|    -|
|FIFO             |        -|    -|       -|      -|    -|
|Instance         |        0|    8|    2610|   4930|    -|
|Memory           |        -|    -|       -|      -|    -|
|Multiplexer      |        -|    -|       -|    737|    -|
|Register         |        -|    -|     686|      -|    -|
+-----------------+---------+-----+--------+-------+-----+
|Total            |        0|    8|    3296|   7048|    0|
+-----------------+---------+-----+--------+-------+-----+
|Available        |      280|  220|  106400|  53200|    0|
+-----------------+---------+-----+--------+-------+-----+
|Utilization (%)  |        0|    3|       3|     13|    0|
+-----------------+---------+-----+--------+-------+-----+

+ Detail: 
    * Instance: 
    +-------------------------------------+--------------------------------+---------+----+------+------+-----+
    |               Instance              |             Module             | BRAM_18K| DSP|  FF  |  LUT | URAM|
    +-------------------------------------+--------------------------------+---------+----+------+------+-----+
    |fadd_32ns_32ns_32_5_full_dsp_1_U100  |fadd_32ns_32ns_32_5_full_dsp_1  |        0|   2|   205|   390|    0|
    |fcmp_32ns_32ns_1_2_no_dsp_1_U102     |fcmp_32ns_32ns_1_2_no_dsp_1     |        0|   0|     0|     0|    0|
    |fcmp_32ns_32ns_1_2_no_dsp_1_U103     |fcmp_32ns_32ns_1_2_no_dsp_1     |        0|   0|     0|     0|    0|
    |fmul_32ns_32ns_32_4_max_dsp_1_U101   |fmul_32ns_32ns_32_4_max_dsp_1   |        0|   3|   143|   321|    0|
    |fmul_32ns_32ns_32_4_max_dsp_1_U104   |fmul_32ns_32ns_32_4_max_dsp_1   |        0|   3|   143|   321|    0|
    |grp_is_dual_infeasible_fu_337        |is_dual_infeasible              |        0|   0|   552|  1314|    0|
    |grp_is_primal_infeasible_fu_317      |is_primal_infeasible            |        0|   0|  1567|  2584|    0|
    +-------------------------------------+--------------------------------+---------+----+------+------+-----+
    |Total                                |                                |        0|   8|  2610|  4930|    0|
    +-------------------------------------+--------------------------------+---------+----+------+------+-----+

    * DSP: 
    N/A

    * Memory: 
    N/A

    * FIFO: 
    N/A

    * Expression: 
    +----------------------------------+----------+----+---+----+------------+------------+
    |           Variable Name          | Operation| DSP| FF| LUT| Bitwidth P0| Bitwidth P1|
    +----------------------------------+----------+----+---+----+------------+------------+
    |i_75_fu_482_p2                    |         +|   0|  0|  13|           5|           1|
    |i_77_fu_647_p2                    |         +|   0|  0|  13|           5|           1|
    |i_79_fu_965_p2                    |         +|   0|  0|  13|           4|           1|
    |i_81_fu_1130_p2                   |         +|   0|  0|  13|           4|           1|
    |i_83_fu_1192_p2                   |         +|   0|  0|  13|           4|           1|
    |and_ln117_1_fu_1435_p2            |       and|   0|  0|   2|           1|           1|
    |and_ln117_fu_1429_p2              |       and|   0|  0|   2|           1|           1|
    |and_ln119_1_fu_1526_p2            |       and|   0|  0|   2|           1|           1|
    |and_ln119_fu_1520_p2              |       and|   0|  0|   2|           1|           1|
    |and_ln14_10_fu_628_p2             |       and|   0|  0|   2|           1|           1|
    |and_ln14_11_fu_634_p2             |       and|   0|  0|   2|           1|           1|
    |and_ln14_12_fu_699_p2             |       and|   0|  0|   2|           1|           1|
    |and_ln14_13_fu_793_p2             |       and|   0|  0|   2|           1|           1|
    |and_ln14_14_fu_799_p2             |       and|   0|  0|   2|           1|           1|
    |and_ln14_15_fu_1017_p2            |       and|   0|  0|   2|           1|           1|
    |and_ln14_16_fu_1111_p2            |       and|   0|  0|   2|           1|           1|
    |and_ln14_17_fu_1117_p2            |       and|   0|  0|   2|           1|           1|
    |and_ln14_18_fu_1178_p2            |       and|   0|  0|   2|           1|           1|
    |and_ln14_19_fu_1244_p2            |       and|   0|  0|   2|           1|           1|
    |and_ln14_20_fu_1338_p2            |       and|   0|  0|   2|           1|           1|
    |and_ln14_21_fu_1344_p2            |       and|   0|  0|   2|           1|           1|
    |and_ln14_fu_534_p2                |       and|   0|  0|   2|           1|           1|
    |and_ln229_1_fu_470_p2             |       and|   0|  0|   2|           1|           1|
    |and_ln229_fu_429_p2               |       and|   0|  0|   2|           1|           1|
    |and_ln237_1_fu_951_p2             |       and|   0|  0|   2|           1|           1|
    |and_ln237_fu_946_p2               |       and|   0|  0|   2|           1|           1|
    |and_ln241_1_fu_1578_p2            |       and|   0|  0|   2|           1|           1|
    |and_ln241_fu_1573_p2              |       and|   0|  0|   2|           1|           1|
    |and_ln83_1_fu_890_p2              |       and|   0|  0|   2|           1|           1|
    |and_ln83_fu_884_p2                |       and|   0|  0|   2|           1|           1|
    |ap_block_state28_on_subcall_done  |       and|   0|  0|   2|           1|           1|
    |ap_block_state57_on_subcall_done  |       and|   0|  0|   2|           1|           1|
    |ap_predicate_op370_call_state57   |       and|   0|  0|   2|           1|           1|
    |icmp_ln117_1_fu_1399_p2           |      icmp|   0|  0|  15|          23|           1|
    |icmp_ln117_2_fu_1411_p2           |      icmp|   0|  0|  11|           8|           2|
    |icmp_ln117_3_fu_1417_p2           |      icmp|   0|  0|  15|          23|           1|
    |icmp_ln117_fu_1393_p2             |      icmp|   0|  0|  11|           8|           2|
    |icmp_ln119_1_fu_1490_p2           |      icmp|   0|  0|  15|          23|           1|
    |icmp_ln119_2_fu_1502_p2           |      icmp|   0|  0|  11|           8|           2|
    |icmp_ln119_3_fu_1508_p2           |      icmp|   0|  0|  15|          23|           1|
    |icmp_ln119_fu_1484_p2             |      icmp|   0|  0|  11|           8|           2|
    |icmp_ln14_25_fu_516_p2            |      icmp|   0|  0|  11|           8|           2|
    |icmp_ln14_26_fu_522_p2            |      icmp|   0|  0|  15|          23|           1|
    |icmp_ln14_27_fu_592_p2            |      icmp|   0|  0|  11|           8|           2|
    |icmp_ln14_28_fu_598_p2            |      icmp|   0|  0|  15|          23|           1|
    |icmp_ln14_29_fu_610_p2            |      icmp|   0|  0|  11|           8|           2|
    |icmp_ln14_30_fu_616_p2            |      icmp|   0|  0|  15|          23|           1|
    |icmp_ln14_31_fu_681_p2            |      icmp|   0|  0|  11|           8|           2|
    |icmp_ln14_32_fu_687_p2            |      icmp|   0|  0|  15|          23|           1|
    |icmp_ln14_33_fu_757_p2            |      icmp|   0|  0|  11|           8|           2|
    |icmp_ln14_34_fu_763_p2            |      icmp|   0|  0|  15|          23|           1|
    |icmp_ln14_35_fu_775_p2            |      icmp|   0|  0|  11|           8|           2|
    |icmp_ln14_36_fu_781_p2            |      icmp|   0|  0|  15|          23|           1|
    |icmp_ln14_37_fu_999_p2            |      icmp|   0|  0|  11|           8|           2|
    |icmp_ln14_38_fu_1005_p2           |      icmp|   0|  0|  15|          23|           1|
    |icmp_ln14_39_fu_1075_p2           |      icmp|   0|  0|  11|           8|           2|
    |icmp_ln14_3_fu_658_p2             |      icmp|   0|  0|   9|           5|           5|
    |icmp_ln14_40_fu_1081_p2           |      icmp|   0|  0|  15|          23|           1|
    |icmp_ln14_41_fu_1093_p2           |      icmp|   0|  0|  11|           8|           2|
    |icmp_ln14_42_fu_1099_p2           |      icmp|   0|  0|  15|          23|           1|
    |icmp_ln14_43_fu_1160_p2           |      icmp|   0|  0|  11|           8|           2|
    |icmp_ln14_44_fu_1166_p2           |      icmp|   0|  0|  15|          23|           1|
    |icmp_ln14_45_fu_1226_p2           |      icmp|   0|  0|  11|           8|           2|
    |icmp_ln14_46_fu_1232_p2           |      icmp|   0|  0|  15|          23|           1|
    |icmp_ln14_47_fu_1302_p2           |      icmp|   0|  0|  11|           8|           2|
    |icmp_ln14_48_fu_1308_p2           |      icmp|   0|  0|  15|          23|           1|
    |icmp_ln14_49_fu_1320_p2           |      icmp|   0|  0|  11|           8|           2|
    |icmp_ln14_4_fu_976_p2             |      icmp|   0|  0|   9|           4|           2|
    |icmp_ln14_50_fu_1326_p2           |      icmp|   0|  0|  15|          23|           1|
    |icmp_ln14_5_fu_1136_p2            |      icmp|   0|  0|   9|           4|           2|
    |icmp_ln14_6_fu_1203_p2            |      icmp|   0|  0|   9|           4|           2|
    |icmp_ln14_fu_493_p2               |      icmp|   0|  0|   9|           5|           5|
    |icmp_ln229_1_fu_417_p2            |      icmp|   0|  0|  15|          23|           1|
    |icmp_ln229_2_fu_452_p2            |      icmp|   0|  0|   8|           1|           2|
    |icmp_ln229_3_fu_458_p2            |      icmp|   0|  0|   8|           1|           1|
    |icmp_ln229_fu_411_p2              |      icmp|   0|  0|  11|           8|           2|
    |icmp_ln237_1_fu_936_p2            |      icmp|   0|  0|  15|          23|           1|
    |icmp_ln237_fu_930_p2              |      icmp|   0|  0|  11|           8|           2|
    |icmp_ln241_1_fu_1563_p2           |      icmp|   0|  0|  15|          23|           1|
    |icmp_ln241_fu_1557_p2             |      icmp|   0|  0|  11|           8|           2|
    |icmp_ln83_1_fu_854_p2             |      icmp|   0|  0|  15|          23|           1|
    |icmp_ln83_2_fu_866_p2             |      icmp|   0|  0|  11|           8|           2|
    |icmp_ln83_3_fu_872_p2             |      icmp|   0|  0|  15|          23|           1|
    |icmp_ln83_fu_848_p2               |      icmp|   0|  0|  11|           8|           2|
    |or_ln117_1_fu_1423_p2             |        or|   0|  0|   2|           1|           1|
    |or_ln117_fu_1405_p2               |        or|   0|  0|   2|           1|           1|
    |or_ln119_1_fu_1514_p2             |        or|   0|  0|   2|           1|           1|
    |or_ln119_fu_1496_p2               |        or|   0|  0|   2|           1|           1|
    |or_ln14_10_fu_604_p2              |        or|   0|  0|   2|           1|           1|
    |or_ln14_11_fu_622_p2              |        or|   0|  0|   2|           1|           1|
    |or_ln14_12_fu_693_p2              |        or|   0|  0|   2|           1|           1|
    |or_ln14_13_fu_769_p2              |        or|   0|  0|   2|           1|           1|
    |or_ln14_14_fu_787_p2              |        or|   0|  0|   2|           1|           1|
    |or_ln14_15_fu_1011_p2             |        or|   0|  0|   2|           1|           1|
    |or_ln14_16_fu_1087_p2             |        or|   0|  0|   2|           1|           1|
    |or_ln14_17_fu_1105_p2             |        or|   0|  0|   2|           1|           1|
    |or_ln14_18_fu_1172_p2             |        or|   0|  0|   2|           1|           1|
    |or_ln14_19_fu_1238_p2             |        or|   0|  0|   2|           1|           1|
    |or_ln14_20_fu_1314_p2             |        or|   0|  0|   2|           1|           1|
    |or_ln14_21_fu_1332_p2             |        or|   0|  0|   2|           1|           1|
    |or_ln14_fu_528_p2                 |        or|   0|  0|   2|           1|           1|
    |or_ln229_1_fu_423_p2              |        or|   0|  0|   2|           1|           1|
    |or_ln229_2_fu_464_p2              |        or|   0|  0|   2|           1|           1|
    |or_ln229_fu_476_p2                |        or|   0|  0|   2|           1|           1|
    |or_ln237_fu_942_p2                |        or|   0|  0|   2|           1|           1|
    |or_ln241_fu_1569_p2               |        or|   0|  0|   2|           1|           1|
    |or_ln83_1_fu_878_p2               |        or|   0|  0|   2|           1|           1|
    |or_ln83_fu_860_p2                 |        or|   0|  0|   2|           1|           1|
    |abs_v_i_2_fu_715_p3               |    select|   0|  0|  32|           1|          32|
    |abs_v_i_3_fu_1033_p3              |    select|   0|  0|  32|           1|          32|
    |abs_v_i_4_fu_1260_p3              |    select|   0|  0|  32|           1|          32|
    |abs_v_i_fu_550_p3                 |    select|   0|  0|  32|           1|          32|
    |eps_dual_inf_fu_957_p3            |    select|   0|  0|  30|           1|          30|
    |eps_rel_fu_896_p3                 |    select|   0|  0|  30|           1|          30|
    |max_14_fu_805_p3                  |    select|   0|  0|  32|           1|          32|
    |max_22_fu_1350_p3                 |    select|   0|  0|  32|           1|          32|
    |max_rel_eps_3_fu_1441_p3          |    select|   0|  0|  32|           1|          32|
    |max_rel_eps_4_fu_1532_p3          |    select|   0|  0|  32|           1|          32|
    |max_rel_eps_5_fu_640_p3           |    select|   0|  0|  32|           1|          32|
    |max_rel_eps_6_fu_1123_p3          |    select|   0|  0|  32|           1|          32|
    |max_rel_eps_fu_904_p3             |    select|   0|  0|  32|           1|          32|
    |select_ln210_fu_1584_p3           |    select|   0|  0|   3|           1|           2|
    |temp_rel_eps_fu_1184_p3           |    select|   0|  0|  32|           1|           1|
    |xor_ln14_2_fu_705_p2              |       xor|   0|  0|  33|          32|          33|
    |xor_ln14_3_fu_1023_p2             |       xor|   0|  0|  33|          32|          33|
    |xor_ln14_4_fu_1250_p2             |       xor|   0|  0|  33|          32|          33|
    |xor_ln14_fu_540_p2                |       xor|   0|  0|  33|          32|          33|
    +----------------------------------+----------+----+---+----+------------+------------+
    |Total                             |          |   0|  0|1381|         923|         689|
    +----------------------------------+----------+----+---+----+------------+------------+

    * Multiplexer: 
    +------------------------------------+-----+-----------+-----+-----------+
    |                Name                | LUT | Input Size| Bits| Total Bits|
    +------------------------------------+-----+-----------+-----+-----------+
    |ap_NS_fsm                           |  253|         59|    1|         59|
    |ap_phi_mux_retval_0_phi_fu_300_p10  |   14|          3|    1|          3|
    |ap_return                           |    9|          2|    1|          2|
    |grp_fu_1845_ce                      |    9|          2|    1|          2|
    |grp_fu_346_ce                       |    9|          2|    1|          2|
    |grp_fu_346_p0                       |    9|          2|   32|         64|
    |grp_fu_346_p1                       |    9|          2|   32|         64|
    |grp_fu_350_ce                       |   14|          3|    1|          3|
    |grp_fu_350_p0                       |   25|          5|   32|        160|
    |grp_fu_350_p1                       |   25|          5|   32|        160|
    |grp_fu_354_ce                       |    9|          2|    1|          2|
    |grp_fu_354_opcode                   |   20|          4|    5|         20|
    |grp_fu_354_p0                       |   65|         16|   32|        512|
    |grp_fu_354_p1                       |   59|         11|   32|        352|
    |grp_fu_359_ce                       |   14|          3|    1|          3|
    |grp_fu_359_opcode                   |   14|          3|    5|         15|
    |grp_fu_359_p0                       |   14|          3|   32|         96|
    |grp_fu_359_p1                       |   14|          3|   32|         96|
    |i_76_reg_191                        |    9|          2|    5|         10|
    |i_78_reg_239                        |    9|          2|    4|          8|
    |i_80_reg_262                        |    9|          2|    4|          8|
    |i_82_reg_285                        |    9|          2|    4|          8|
    |i_reg_168                           |    9|          2|    5|         10|
    |info_status_val                     |   25|          5|    5|         25|
    |max_12_reg_179                      |    9|          2|   32|         64|
    |max_15_reg_227                      |    9|          2|   32|         64|
    |max_18_reg_250                      |    9|          2|   32|         64|
    |max_20_reg_273                      |    9|          2|   32|         64|
    |max_reg_156                         |    9|          2|   32|         64|
    |prim_inf_check_1_reg_202            |    9|          2|    1|          2|
    |qdata_address0                      |   14|          3|    4|         12|
    |qdata_ce0                           |   14|          3|    1|          3|
    +------------------------------------+-----+-----------+-----+-----------+
    |Total                               |  737|        163|  467|       2021|
    +------------------------------------+-----+-----------+-----+-----------+

    * Register: 
    +----------------------------------------------+----+----+-----+-----------+
    |                     Name                     | FF | LUT| Bits| Const Bits|
    +----------------------------------------------+----+----+-----+-----------+
    |abs_v_i_2_reg_1694                            |  32|   0|   32|          0|
    |abs_v_i_3_reg_1762                            |  32|   0|   32|          0|
    |abs_v_i_4_reg_1807                            |  32|   0|   32|          0|
    |abs_v_i_reg_1662                              |  32|   0|   32|          0|
    |and_ln237_1_reg_1732                          |   1|   0|    1|          0|
    |and_ln241_1_reg_1841                          |   1|   0|    1|          0|
    |and_ln83_1_reg_1706                           |   1|   0|    1|          0|
    |ap_CS_fsm                                     |  58|   0|   58|          0|
    |ap_return_preg                                |   1|   0|    1|          0|
    |eps_dual_inf_reg_1736                         |  13|   0|   32|         19|
    |eps_rel_reg_1711                              |  11|   0|   32|         21|
    |grp_is_dual_infeasible_fu_337_ap_start_reg    |   1|   0|    1|          0|
    |grp_is_primal_infeasible_fu_317_ap_start_reg  |   1|   0|    1|          0|
    |i_75_reg_1642                                 |   5|   0|    5|          0|
    |i_76_reg_191                                  |   5|   0|    5|          0|
    |i_77_reg_1674                                 |   5|   0|    5|          0|
    |i_78_reg_239                                  |   4|   0|    4|          0|
    |i_79_reg_1742                                 |   4|   0|    4|          0|
    |i_80_reg_262                                  |   4|   0|    4|          0|
    |i_81_reg_1774                                 |   4|   0|    4|          0|
    |i_82_reg_285                                  |   4|   0|    4|          0|
    |i_83_reg_1787                                 |   4|   0|    4|          0|
    |i_reg_168                                     |   5|   0|    5|          0|
    |icmp_ln237_1_reg_1727                         |   1|   0|    1|          0|
    |icmp_ln237_reg_1722                           |   1|   0|    1|          0|
    |icmp_ln241_1_reg_1836                         |   1|   0|    1|          0|
    |icmp_ln241_reg_1831                           |   1|   0|    1|          0|
    |info_dua_res                                  |   0|   0|   32|         32|
    |max_12_reg_179                                |  32|   0|   32|          0|
    |max_15_reg_227                                |  32|   0|   32|          0|
    |max_18_reg_250                                |  32|   0|   32|          0|
    |max_20_reg_273                                |  32|   0|   32|          0|
    |max_reg_156                                   |  32|   0|   32|          0|
    |max_rel_eps_3_reg_1819                        |  32|   0|   32|          0|
    |max_rel_eps_4_reg_1826                        |  32|   0|   32|          0|
    |or_ln229_1_reg_1628                           |   1|   0|    1|          0|
    |or_ln229_2_reg_1633                           |   1|   0|    1|          0|
    |or_ln229_reg_1638                             |   1|   0|    1|          0|
    |prim_inf_check_1_reg_202                      |   1|   0|    1|          0|
    |prim_res_check_reg_214                        |   1|   0|    1|          0|
    |qdata_load_reg_1755                           |  32|   0|   32|          0|
    |reg_374                                       |  32|   0|   32|          0|
    |reg_379                                       |  32|   0|   32|          0|
    |retval_0_reg_296                              |   1|   0|    1|          0|
    |work_Ax_load_reg_1687                         |  32|   0|   32|          0|
    |work_Px_load_reg_1800                         |  32|   0|   32|          0|
    |work_z_load_reg_1655                          |  32|   0|   32|          0|
    +----------------------------------------------+----+----+-----+-----------+
    |Total                                         | 686|   0|  758|         72|
    +----------------------------------------------+----+----+-----+-----------+



================================================================
== Interface
================================================================
* Summary: 
+------------------------+-----+-----+------------+-------------------+--------------+
|        RTL Ports       | Dir | Bits|  Protocol  |   Source Object   |    C Type    |
+------------------------+-----+-----+------------+-------------------+--------------+
|ap_clk                  |   in|    1|  ap_ctrl_hs|  check_termination|  return value|
|ap_rst                  |   in|    1|  ap_ctrl_hs|  check_termination|  return value|
|ap_start                |   in|    1|  ap_ctrl_hs|  check_termination|  return value|
|ap_done                 |  out|    1|  ap_ctrl_hs|  check_termination|  return value|
|ap_idle                 |  out|    1|  ap_ctrl_hs|  check_termination|  return value|
|ap_ready                |  out|    1|  ap_ctrl_hs|  check_termination|  return value|
|ap_return               |  out|    1|  ap_ctrl_hs|  check_termination|  return value|
|approximate             |   in|    1|     ap_none|        approximate|        scalar|
|info_pri_res            |   in|   32|     ap_none|       info_pri_res|       pointer|
|info_status_val         |  out|    5|      ap_vld|    info_status_val|       pointer|
|info_status_val_ap_vld  |  out|    1|      ap_vld|    info_status_val|       pointer|
|work_z_address0         |  out|    5|   ap_memory|             work_z|         array|
|work_z_ce0              |  out|    1|   ap_memory|             work_z|         array|
|work_z_q0               |   in|   32|   ap_memory|             work_z|         array|
|work_Ax_address0        |  out|    5|   ap_memory|            work_Ax|         array|
|work_Ax_ce0             |  out|    1|   ap_memory|            work_Ax|         array|
|work_Ax_q0              |   in|   32|   ap_memory|            work_Ax|         array|
|udata_address0          |  out|    5|   ap_memory|              udata|         array|
|udata_ce0               |  out|    1|   ap_memory|              udata|         array|
|udata_q0                |   in|   32|   ap_memory|              udata|         array|
|ldata_address0          |  out|    5|   ap_memory|              ldata|         array|
|ldata_ce0               |  out|    1|   ap_memory|              ldata|         array|
|ldata_q0                |   in|   32|   ap_memory|              ldata|         array|
|work_delta_y_address0   |  out|    5|   ap_memory|       work_delta_y|         array|
|work_delta_y_ce0        |  out|    1|   ap_memory|       work_delta_y|         array|
|work_delta_y_we0        |  out|    1|   ap_memory|       work_delta_y|         array|
|work_delta_y_d0         |  out|   32|   ap_memory|       work_delta_y|         array|
|work_delta_y_q0         |   in|   32|   ap_memory|       work_delta_y|         array|
|Adata_x_address0        |  out|    6|   ap_memory|            Adata_x|         array|
|Adata_x_ce0             |  out|    1|   ap_memory|            Adata_x|         array|
|Adata_x_q0              |   in|   32|   ap_memory|            Adata_x|         array|
|qdata_address0          |  out|    4|   ap_memory|              qdata|         array|
|qdata_ce0               |  out|    1|   ap_memory|              qdata|         array|
|qdata_q0                |   in|   32|   ap_memory|              qdata|         array|
|work_Px_address0        |  out|    4|   ap_memory|            work_Px|         array|
|work_Px_ce0             |  out|    1|   ap_memory|            work_Px|         array|
|work_Px_q0              |   in|   32|   ap_memory|            work_Px|         array|
|work_delta_x_address0   |  out|    4|   ap_memory|       work_delta_x|         array|
|work_delta_x_ce0        |  out|    1|   ap_memory|       work_delta_x|         array|
|work_delta_x_q0         |   in|   32|   ap_memory|       work_delta_x|         array|
+------------------------+-----+-----+------------+-------------------+--------------+

