

================================================================
== Vitis HLS Report for 'is_dual_infeasible'
================================================================
* Date:           Sat Feb  7 11:29:13 2026

* Version:        2020.2 (Build 3064766 on Wed Nov 18 09:12:45 MST 2020)
* Project:        hls_project
* Solution:       solution1 (Vivado IP Flow Target)
* Product family: zynq
* Target device:  xc7z020-clg484-1


================================================================
== Performance Estimates
================================================================
+ Timing: 
    * Summary: 
    +--------+----------+----------+------------+
    |  Clock |  Target  | Estimated| Uncertainty|
    +--------+----------+----------+------------+
    |ap_clk  |  10.00 ns|  7.107 ns|     2.70 ns|
    +--------+----------+----------+------------+

+ Latency: 
    * Summary: 
    +---------+---------+----------+----------+-----+-----+---------+
    |  Latency (cycles) |  Latency (absolute) |  Interval | Pipeline|
    |   min   |   max   |    min   |    max   | min | max |   Type  |
    +---------+---------+----------+----------+-----+-----+---------+
    |       93|      278|  0.930 us|  2.780 us|   93|  278|     none|
    +---------+---------+----------+----------+-----+-----+---------+

    + Detail: 
        * Instance: 
        N/A

        * Loop: 
        +-------------------+---------+---------+----------+-----------+-----------+------+----------+
        |                   |  Latency (cycles) | Iteration|  Initiation Interval  | Trip |          |
        |     Loop Name     |   min   |   max   |  Latency |  achieved |   target  | Count| Pipelined|
        +-------------------+---------+---------+----------+-----------+-----------+------+----------+
        |- VITIS_LOOP_14_1  |       90|       90|         6|          -|          -|    15|        no|
        |- VITIS_LOOP_49_1  |      180|      180|        12|          -|          -|    15|        no|
        |- VITIS_LOOP_85_1  |       19|       19|         1|          -|          -|    19|        no|
        +-------------------+---------+---------+----------+-----------+-----------+------+----------+



================================================================
== Utilization Estimates
================================================================
* Summary: 
+-----------------+---------+-----+--------+-------+-----+
|       Name      | BRAM_18K| DSP |   FF   |  LUT  | URAM|
+-----------------+---------+-----+--------+-------+-----+
|DSP              |        -|    -|       -|      -|    -|
|Expression       |        -|    -|       0|    330|    -|
|FIFO             |        -|    -|       -|      -|    -|
|Instance         |        -|    -|     312|    721|    -|
|Memory           |        -|    -|       -|      -|    -|
|Multiplexer      |        -|    -|       -|    263|    -|
|Register         |        -|    -|     240|      -|    -|
+-----------------+---------+-----+--------+-------+-----+
|Total            |        0|    0|     552|   1314|    0|
+-----------------+---------+-----+--------+-------+-----+
|Available        |      280|  220|  106400|  53200|    0|
+-----------------+---------+-----+--------+-------+-----+
|Utilization (%)  |        0|    0|      ~0|      2|    0|
+-----------------+---------+-----+--------+-------+-----+

+ Detail: 
    * Instance: 
    +--------------------------------------+----------------------------------+---------+----+-----+-----+-----+
    |               Instance               |              Module              | BRAM_18K| DSP|  FF | LUT | URAM|
    +--------------------------------------+----------------------------------+---------+----+-----+-----+-----+
    |facc_32ns_32ns_1ns_32_6_no_dsp_1_U96  |facc_32ns_32ns_1ns_32_6_no_dsp_1  |        0|   0|  312|  721|    0|
    +--------------------------------------+----------------------------------+---------+----+-----+-----+-----+
    |Total                                 |                                  |        0|   0|  312|  721|    0|
    +--------------------------------------+----------------------------------+---------+----+-----+-----+-----+

    * DSP: 
    N/A

    * Memory: 
    N/A

    * FIFO: 
    N/A

    * Expression: 
    +------------------------+----------+----+---+----+------------+------------+
    |      Variable Name     | Operation| DSP| FF| LUT| Bitwidth P0| Bitwidth P1|
    +------------------------+----------+----+---+----+------------+------------+
    |i_69_fu_159_p2          |         +|   0|  0|  13|           4|           1|
    |i_71_fu_368_p2          |         +|   0|  0|  13|           4|           1|
    |and_ln14_8_fu_307_p2    |       and|   0|  0|   2|           1|           1|
    |and_ln14_9_fu_313_p2    |       and|   0|  0|   2|           1|           1|
    |and_ln14_fu_212_p2      |       and|   0|  0|   2|           1|           1|
    |and_ln158_fu_362_p2     |       and|   0|  0|   2|           1|           1|
    |and_ln159_1_fu_473_p2   |       and|   0|  0|   2|           1|           1|
    |and_ln159_fu_467_p2     |       and|   0|  0|   2|           1|           1|
    |icmp_ln14_19_fu_194_p2  |      icmp|   0|  0|  11|           8|           2|
    |icmp_ln14_20_fu_200_p2  |      icmp|   0|  0|  15|          23|           1|
    |icmp_ln14_21_fu_271_p2  |      icmp|   0|  0|  11|           8|           2|
    |icmp_ln14_22_fu_277_p2  |      icmp|   0|  0|  15|          23|           1|
    |icmp_ln14_23_fu_289_p2  |      icmp|   0|  0|  11|           8|           2|
    |icmp_ln14_24_fu_295_p2  |      icmp|   0|  0|  15|          23|           1|
    |icmp_ln14_fu_170_p2     |      icmp|   0|  0|   9|           4|           2|
    |icmp_ln158_1_fu_350_p2  |      icmp|   0|  0|  15|          23|           1|
    |icmp_ln158_fu_344_p2    |      icmp|   0|  0|  11|           8|           2|
    |icmp_ln159_1_fu_441_p2  |      icmp|   0|  0|  15|          23|           1|
    |icmp_ln159_2_fu_447_p2  |      icmp|   0|  0|  11|           8|           2|
    |icmp_ln159_3_fu_453_p2  |      icmp|   0|  0|  15|          23|           1|
    |icmp_ln159_fu_435_p2    |      icmp|   0|  0|  11|           8|           2|
    |icmp_ln49_1_fu_386_p2   |      icmp|   0|  0|   9|           4|           2|
    |icmp_ln49_fu_380_p2     |      icmp|   0|  0|   9|           4|           2|
    |or_ln14_8_fu_283_p2     |        or|   0|  0|   2|           1|           1|
    |or_ln14_9_fu_301_p2     |        or|   0|  0|   2|           1|           1|
    |or_ln14_fu_206_p2       |        or|   0|  0|   2|           1|           1|
    |or_ln158_fu_356_p2      |        or|   0|  0|   2|           1|           1|
    |or_ln159_1_fu_463_p2    |        or|   0|  0|   2|           1|           1|
    |or_ln159_fu_459_p2      |        or|   0|  0|   2|           1|           1|
    |abs_v_i_fu_228_p3       |    select|   0|  0|  32|           1|          32|
    |max_9_fu_319_p3         |    select|   0|  0|  32|           1|          32|
    |xor_ln14_fu_218_p2      |       xor|   0|  0|  33|          32|          33|
    +------------------------+----------+----+---+----+------------+------------+
    |Total                   |          |   0|  0| 330|         252|         135|
    +------------------------+----------+----+---+----+------------+------------+

    * Multiplexer: 
    +-----------------------+-----+-----------+-----+-----------+
    |          Name         | LUT | Input Size| Bits| Total Bits|
    +-----------------------+-----+-----------+-----+-----------+
    |ap_NS_fsm              |  121|         27|    1|         27|
    |grp_fu_134_p0          |   14|          3|   32|         96|
    |grp_fu_134_p1          |   14|          3|   32|         96|
    |grp_fu_139_opcode      |   14|          3|    5|         15|
    |grp_fu_139_p0          |   25|          5|   32|        160|
    |grp_fu_139_p1          |   25|          5|   32|        160|
    |i_70_reg_111           |    9|          2|    4|          8|
    |i_reg_100              |    9|          2|    4|          8|
    |max_reg_88             |    9|          2|   32|         64|
    |prod_reg_122           |    9|          2|   32|         64|
    |work_delta_x_address0  |   14|          3|    4|         12|
    +-----------------------+-----+-----------+-----+-----------+
    |Total                  |  263|         57|  210|        710|
    +-----------------------+-----+-----------+-----+-----------+

    * Register: 
    +----------------------+----+----+-----+-----------+
    |         Name         | FF | LUT| Bits| Const Bits|
    +----------------------+----+----+-----+-----------+
    |abs_v_i_reg_497       |  32|   0|   32|          0|
    |and_ln158_reg_509     |   1|   0|    1|          0|
    |ap_CS_fsm             |  26|   0|   26|          0|
    |i_69_reg_484          |   4|   0|    4|          0|
    |i_70_reg_111          |   4|   0|    4|          0|
    |i_71_reg_513          |   4|   0|    4|          0|
    |i_reg_100             |   4|   0|    4|          0|
    |icmp_ln159_1_reg_551  |   1|   0|    1|          0|
    |icmp_ln159_2_reg_556  |   1|   0|    1|          0|
    |icmp_ln159_3_reg_561  |   1|   0|    1|          0|
    |icmp_ln159_reg_546    |   1|   0|    1|          0|
    |icmp_ln49_1_reg_531   |   1|   0|    1|          0|
    |max_reg_88            |  32|   0|   32|          0|
    |prod_reg_122          |  32|   0|   32|          0|
    |qdata_load_reg_536    |  32|   0|   32|          0|
    |reg_148               |  32|   0|   32|          0|
    |reg_154               |  32|   0|   32|          0|
    +----------------------+----+----+-----+-----------+
    |Total                 | 240|   0|  240|          0|
    +----------------------+----+----+-----+-----------+



================================================================
== Interface
================================================================
* Summary: 
+-----------------------+-----+-----+------------+--------------------+--------------+
|       RTL Ports       | Dir | Bits|  Protocol  |    Source Object   |    C Type    |
+-----------------------+-----+-----+------------+--------------------+--------------+
|ap_clk                 |   in|    1|  ap_ctrl_hs|  is_dual_infeasible|  return value|
|ap_rst                 |   in|    1|  ap_ctrl_hs|  is_dual_infeasible|  return value|
|ap_start               |   in|    1|  ap_ctrl_hs|  is_dual_infeasible|  return value|
|ap_done                |  out|    1|  ap_ctrl_hs|  is_dual_infeasible|  return value|
|ap_idle                |  out|    1|  ap_ctrl_hs|  is_dual_infeasible|  return value|
|ap_ready               |  out|    1|  ap_ctrl_hs|  is_dual_infeasible|  return value|
|grp_fu_350_p_din0      |  out|   32|  ap_ctrl_hs|  is_dual_infeasible|  return value|
|grp_fu_350_p_din1      |  out|   32|  ap_ctrl_hs|  is_dual_infeasible|  return value|
|grp_fu_350_p_dout0     |   in|   32|  ap_ctrl_hs|  is_dual_infeasible|  return value|
|grp_fu_350_p_ce        |  out|    1|  ap_ctrl_hs|  is_dual_infeasible|  return value|
|grp_fu_359_p_din0      |  out|   32|  ap_ctrl_hs|  is_dual_infeasible|  return value|
|grp_fu_359_p_din1      |  out|   32|  ap_ctrl_hs|  is_dual_infeasible|  return value|
|grp_fu_359_p_opcode    |  out|    5|  ap_ctrl_hs|  is_dual_infeasible|  return value|
|grp_fu_359_p_dout0     |   in|    1|  ap_ctrl_hs|  is_dual_infeasible|  return value|
|grp_fu_359_p_ce        |  out|    1|  ap_ctrl_hs|  is_dual_infeasible|  return value|
|eps_dual_inf           |   in|   32|     ap_none|        eps_dual_inf|        scalar|
|work_delta_x_address0  |  out|    4|   ap_memory|        work_delta_x|         array|
|work_delta_x_ce0       |  out|    1|   ap_memory|        work_delta_x|         array|
|work_delta_x_q0        |   in|   32|   ap_memory|        work_delta_x|         array|
|qdata_address0         |  out|    4|   ap_memory|               qdata|         array|
|qdata_ce0              |  out|    1|   ap_memory|               qdata|         array|
|qdata_q0               |   in|   32|   ap_memory|               qdata|         array|
+-----------------------+-----+-----+------------+--------------------+--------------+

