

================================================================
== Vitis HLS Report for 'solve_linsys_qdldl'
================================================================
* Date:           Sat Feb  7 11:29:09 2026

* Version:        2020.2 (Build 3064766 on Wed Nov 18 09:12:45 MST 2020)
* Project:        hls_project
* Solution:       solution1 (Vivado IP Flow Target)
* Product family: zynq
* Target device:  xc7z020-clg484-1


================================================================
== Performance Estimates
================================================================
+ Timing: 
    * Summary: 
    +--------+----------+-----------+------------+
    |  Clock |  Target  | Estimated | Uncertainty|
    +--------+----------+-----------+------------+
    |ap_clk  |  10.00 ns|  14.512 ns|     2.70 ns|
    +--------+----------+-----------+------------+

+ Latency: 
    * Summary: 
    +---------+---------+----------+----------+-----+-----+---------+
    |  Latency (cycles) |  Latency (absolute) |  Interval | Pipeline|
    |   min   |   max   |    min   |    max   | min | max |   Type  |
    +---------+---------+----------+----------+-----+-----+---------+
    |        ?|        ?|         ?|         ?|    ?|    ?|     none|
    +---------+---------+----------+----------+-----+-----+---------+

    + Detail: 
        * Instance: 
        N/A

        * Loop: 
        +---------------------+---------+---------+----------+-----------+-----------+------+----------+
        |                     |  Latency (cycles) | Iteration|  Initiation Interval  | Trip |          |
        |      Loop Name      |   min   |   max   |  Latency |  achieved |   target  | Count| Pipelined|
        +---------------------+---------+---------+----------+-----------+-----------+------+----------+
        |- VITIS_LOOP_12_1    |      102|      102|         3|          -|          -|    34|        no|
        |- VITIS_LOOP_243_1   |        ?|        ?|         ?|          -|          -|    34|        no|
        | + VITIS_LOOP_245_2  |        ?|        ?|        12|          6|          1|     ?|       yes|
        |- VITIS_LOOP_279_1   |       39|       39|         7|          1|          1|    34|       yes|
        |- VITIS_LOOP_259_1   |        ?|        ?|         ?|          -|          -|    34|        no|
        | + VITIS_LOOP_261_2  |        ?|        ?|        12|          4|          1|     ?|       yes|
        |- VITIS_LOOP_17_1    |       34|       34|         2|          1|          1|    34|       yes|
        |- VITIS_LOOP_37_1    |       15|       15|         2|          1|          1|    15|       yes|
        |- VITIS_LOOP_41_2    |       29|       29|        12|          1|          1|    19|       yes|
        +---------------------+---------+---------+----------+-----------+-----------+------+----------+



================================================================
== Utilization Estimates
================================================================
* Summary: 
+-----------------+---------+-----+--------+-------+-----+
|       Name      | BRAM_18K| DSP |   FF   |  LUT  | URAM|
+-----------------+---------+-----+--------+-------+-----+
|DSP              |        -|    -|       -|      -|    -|
|Expression       |        -|    -|       0|    463|    -|
|FIFO             |        -|    -|       -|      -|    -|
|Instance         |        -|    -|       -|      -|    -|
|Memory           |        3|    -|       6|      4|    -|
|Multiplexer      |        -|    -|       -|    673|    -|
|Register         |        -|    -|    1192|    160|    -|
+-----------------+---------+-----+--------+-------+-----+
|Total            |        3|    0|    1198|   1300|    0|
+-----------------+---------+-----+--------+-------+-----+
|Available        |      280|  220|  106400|  53200|    0|
+-----------------+---------+-----+--------+-------+-----+
|Utilization (%)  |        1|    0|       1|      2|    0|
+-----------------+---------+-----+--------+-------+-----+

+ Detail: 
    * Instance: 
    N/A

    * DSP: 
    N/A

    * Memory: 
    +---------------------+--------------------------------------+---------+---+----+-----+------+-----+------+-------------+
    |        Memory       |                Module                | BRAM_18K| FF| LUT| URAM| Words| Bits| Banks| W*Bits*Banks|
    +---------------------+--------------------------------------+---------+---+----+-----+------+-----+------+-------------+
    |linsys_solver_P_U    |solve_linsys_qdldl_linsys_solver_P    |        0|  6|   4|    0|    34|    6|     1|          204|
    |linsys_solver_bp_U   |solve_linsys_qdldl_linsys_solver_bp   |        2|  0|   0|    0|    34|   32|     1|         1088|
    |linsys_solver_sol_U  |solve_linsys_qdldl_linsys_solver_sol  |        1|  0|   0|    0|    34|   32|     1|         1088|
    +---------------------+--------------------------------------+---------+---+----+-----+------+-----+------+-------------+
    |Total                |                                      |        3|  6|   4|    0|   102|   70|     3|         2380|
    +---------------------+--------------------------------------+---------+---+----+-----+------+-----+------+-------------+

    * FIFO: 
    N/A

    * Expression: 
    +-------------------------+----------+----+---+----+------------+------------+
    |      Variable Name      | Operation| DSP| FF| LUT| Bitwidth P0| Bitwidth P1|
    +-------------------------+----------+----+---+----+------------+------------+
    |add_i7_i_i_fu_667_p2     |         +|   0|  0|  14|           6|           1|
    |add_ln42_fu_769_p2       |         +|   0|  0|  14|           6|           4|
    |i_2_fu_631_p2            |         +|   0|  0|  14|           6|           1|
    |i_3_fu_545_p2            |         +|   0|  0|  14|           6|           1|
    |i_5_fu_702_p2            |         +|   0|  0|  14|           7|           2|
    |j_13_fu_696_p2           |         +|   0|  0|  71|          64|           1|
    |j_14_fu_731_p2           |         +|   0|  0|  13|           4|           1|
    |j_15_fu_748_p2           |         +|   0|  0|  13|           5|           1|
    |j_1_fu_523_p2            |         +|   0|  0|  14|           6|           1|
    |j_4_fu_620_p2            |         +|   0|  0|  71|          64|           1|
    |j_9_fu_708_p2            |         +|   0|  0|  14|           6|           1|
    |addr_cmp_fu_599_p2       |      icmp|   0|  0|  29|          64|          64|
    |icmp_ln12_fu_534_p2      |      icmp|   0|  0|  10|           6|           6|
    |icmp_ln17_fu_714_p2      |      icmp|   0|  0|  10|           6|           6|
    |icmp_ln243_fu_551_p2     |      icmp|   0|  0|  10|           6|           6|
    |icmp_ln245_fu_586_p2     |      icmp|   0|  0|  29|          64|          64|
    |icmp_ln261_fu_686_p2     |      icmp|   0|  0|  29|          64|          64|
    |icmp_ln279_fu_637_p2     |      icmp|   0|  0|  10|           6|           6|
    |icmp_ln37_fu_737_p2      |      icmp|   0|  0|   9|           4|           2|
    |icmp_ln41_fu_754_p2      |      icmp|   0|  0|   9|           5|           5|
    |reuse_select_fu_613_p3   |    select|   0|  0|  32|           1|          32|
    |ap_enable_pp0            |       xor|   0|  0|   2|           1|           2|
    |ap_enable_pp1            |       xor|   0|  0|   2|           1|           2|
    |ap_enable_pp2            |       xor|   0|  0|   2|           1|           2|
    |ap_enable_pp3            |       xor|   0|  0|   2|           1|           2|
    |ap_enable_pp4            |       xor|   0|  0|   2|           1|           2|
    |ap_enable_pp5            |       xor|   0|  0|   2|           1|           2|
    |ap_enable_reg_pp1_iter1  |       xor|   0|  0|   2|           2|           1|
    |ap_enable_reg_pp3_iter1  |       xor|   0|  0|   2|           2|           1|
    |ap_enable_reg_pp4_iter1  |       xor|   0|  0|   2|           2|           1|
    |ap_enable_reg_pp5_iter1  |       xor|   0|  0|   2|           2|           1|
    +-------------------------+----------+----+---+----+------------+------------+
    |Total                    |          |   0|  0| 463|         420|         286|
    +-------------------------+----------+----+---+----+------------+------------+

    * Multiplexer: 
    +---------------------------------+-----+-----------+-----+-----------+
    |               Name              | LUT | Input Size| Bits| Total Bits|
    +---------------------------------+-----+-----------+-----+-----------+
    |ap_NS_fsm                        |  130|         29|    1|         29|
    |ap_enable_reg_pp0_iter1          |    9|          2|    1|          2|
    |ap_enable_reg_pp1_iter1          |    9|          2|    1|          2|
    |ap_enable_reg_pp1_iter6          |    9|          2|    1|          2|
    |ap_enable_reg_pp2_iter1          |    9|          2|    1|          2|
    |ap_enable_reg_pp2_iter2          |   14|          3|    1|          3|
    |ap_enable_reg_pp3_iter1          |   14|          3|    1|          3|
    |ap_enable_reg_pp4_iter1          |   14|          3|    1|          3|
    |ap_enable_reg_pp5_iter1          |    9|          2|    1|          2|
    |ap_enable_reg_pp5_iter11         |    9|          2|    1|          2|
    |ap_phi_mux_j_3_phi_fu_394_p4     |    9|          2|   64|        128|
    |ap_phi_mux_j_6_phi_fu_429_p4     |    9|          2|   64|        128|
    |ap_phi_mux_val_2_phi_fu_442_p4   |    9|          2|   32|         64|
    |ap_sig_allocacmp_reuse_reg_load  |    9|          2|   32|         64|
    |grp_fu_482_opcode                |   14|          3|    2|          6|
    |grp_fu_482_p0                    |   20|          4|   32|        128|
    |grp_fu_487_p0                    |   20|          4|   32|        128|
    |grp_fu_487_p1                    |   25|          5|   32|        160|
    |i_1_reg_403                      |    9|          2|    6|         12|
    |i_4_reg_414                      |    9|          2|    7|         14|
    |i_reg_380                        |    9|          2|    6|         12|
    |j_04_reg_460                     |    9|          2|    4|          8|
    |j_11_reg_471                     |    9|          2|    5|         10|
    |j_3_reg_391                      |    9|          2|   64|        128|
    |j_6_reg_426                      |    9|          2|   64|        128|
    |j_8_reg_449                      |    9|          2|    6|         12|
    |j_reg_369                        |    9|          2|    6|         12|
    |linsys_solver_L_i_address0       |   14|          3|    6|         18|
    |linsys_solver_L_p_address0       |   14|          3|    6|         18|
    |linsys_solver_L_p_address1       |   14|          3|    6|         18|
    |linsys_solver_L_x_address0       |   14|          3|    6|         18|
    |linsys_solver_P_address0         |   14|          3|    6|         18|
    |linsys_solver_bp_address0        |   31|          6|    6|         36|
    |linsys_solver_bp_address1        |   31|          6|    6|         36|
    |linsys_solver_bp_d0              |   20|          4|   32|        128|
    |linsys_solver_sol_address0       |   20|          4|    6|         24|
    |reg_491                          |    9|          2|   32|         64|
    |reg_504                          |    9|          2|   32|         64|
    |reuse_addr_reg_fu_102            |    9|          2|   64|        128|
    |reuse_reg_fu_106                 |    9|          2|   32|         64|
    |val_2_reg_438                    |    9|          2|   32|         64|
    |work_xz_tilde_address0           |   20|          4|    6|         24|
    |work_xz_tilde_d0                 |   14|          3|   32|         96|
    +---------------------------------+-----+-----------+-----+-----------+
    |Total                            |  673|        144|  778|       2010|
    +---------------------------------+-----+-----------+-----+-----------+

    * Register: 
    +-----------------------------------------------+----+----+-----+-----------+
    |                      Name                     | FF | LUT| Bits| Const Bits|
    +-----------------------------------------------+----+----+-----+-----------+
    |addr_cmp_reg_871                               |   1|   0|    1|          0|
    |ap_CS_fsm                                      |  28|   0|   28|          0|
    |ap_enable_reg_pp0_iter0                        |   1|   0|    1|          0|
    |ap_enable_reg_pp0_iter1                        |   1|   0|    1|          0|
    |ap_enable_reg_pp1_iter0                        |   1|   0|    1|          0|
    |ap_enable_reg_pp1_iter1                        |   1|   0|    1|          0|
    |ap_enable_reg_pp1_iter2                        |   1|   0|    1|          0|
    |ap_enable_reg_pp1_iter3                        |   1|   0|    1|          0|
    |ap_enable_reg_pp1_iter4                        |   1|   0|    1|          0|
    |ap_enable_reg_pp1_iter5                        |   1|   0|    1|          0|
    |ap_enable_reg_pp1_iter6                        |   1|   0|    1|          0|
    |ap_enable_reg_pp2_iter0                        |   1|   0|    1|          0|
    |ap_enable_reg_pp2_iter1                        |   1|   0|    1|          0|
    |ap_enable_reg_pp2_iter2                        |   1|   0|    1|          0|
    |ap_enable_reg_pp3_iter0                        |   1|   0|    1|          0|
    |ap_enable_reg_pp3_iter1                        |   1|   0|    1|          0|
    |ap_enable_reg_pp4_iter0                        |   1|   0|    1|          0|
    |ap_enable_reg_pp4_iter1                        |   1|   0|    1|          0|
    |ap_enable_reg_pp5_iter0                        |   1|   0|    1|          0|
    |ap_enable_reg_pp5_iter1                        |   1|   0|    1|          0|
    |ap_enable_reg_pp5_iter10                       |   1|   0|    1|          0|
    |ap_enable_reg_pp5_iter11                       |   1|   0|    1|          0|
    |ap_enable_reg_pp5_iter2                        |   1|   0|    1|          0|
    |ap_enable_reg_pp5_iter3                        |   1|   0|    1|          0|
    |ap_enable_reg_pp5_iter4                        |   1|   0|    1|          0|
    |ap_enable_reg_pp5_iter5                        |   1|   0|    1|          0|
    |ap_enable_reg_pp5_iter6                        |   1|   0|    1|          0|
    |ap_enable_reg_pp5_iter7                        |   1|   0|    1|          0|
    |ap_enable_reg_pp5_iter8                        |   1|   0|    1|          0|
    |ap_enable_reg_pp5_iter9                        |   1|   0|    1|          0|
    |i_1_reg_403                                    |   6|   0|    6|          0|
    |i_3_reg_818                                    |   6|   0|    6|          0|
    |i_4_reg_414                                    |   7|   0|    7|          0|
    |i_reg_380                                      |   6|   0|    6|          0|
    |icmp_ln17_reg_974                              |   1|   0|    1|          0|
    |icmp_ln245_reg_852                             |   1|   0|    1|          0|
    |icmp_ln245_reg_852_pp0_iter1_reg               |   1|   0|    1|          0|
    |icmp_ln261_reg_940                             |   1|   0|    1|          0|
    |icmp_ln279_reg_891                             |   1|   0|    1|          0|
    |icmp_ln37_reg_993                              |   1|   0|    1|          0|
    |icmp_ln41_reg_1012                             |   1|   0|    1|          0|
    |j_04_cast_reg_997                              |   4|   0|   64|         60|
    |j_04_reg_460                                   |   4|   0|    4|          0|
    |j_11_reg_471                                   |   5|   0|    5|          0|
    |j_13_reg_959                                   |  64|   0|   64|          0|
    |j_1_reg_795                                    |   6|   0|    6|          0|
    |j_3_reg_391                                    |  64|   0|   64|          0|
    |j_4_reg_881                                    |  64|   0|   64|          0|
    |j_6_reg_426                                    |  64|   0|   64|          0|
    |j_8_reg_449                                    |   6|   0|    6|          0|
    |j_reg_369                                      |   6|   0|    6|          0|
    |linsys_solver_Dinv_load_reg_906                |  32|   0|   32|          0|
    |linsys_solver_bp_addr_2_reg_900                |   6|   0|    6|          0|
    |linsys_solver_bp_addr_3_reg_866                |   6|   0|    6|          0|
    |linsys_solver_bp_addr_3_reg_866_pp0_iter1_reg  |   6|   0|    6|          0|
    |linsys_solver_bp_addr_4_reg_915                |   6|   0|    6|          0|
    |linsys_solver_rho_inv_vec_load_reg_1032        |  32|   0|   32|          0|
    |linsys_solver_sol_load_1_reg_1037              |  32|   0|   32|          0|
    |reg_491                                        |  32|   0|   32|          0|
    |reg_499                                        |  32|   0|   32|          0|
    |reg_504                                        |  32|   0|   32|          0|
    |reg_510                                        |  32|   0|   32|          0|
    |reg_516                                        |  32|   0|   32|          0|
    |reuse_addr_reg_fu_102                          |  64|   0|   64|          0|
    |reuse_reg_fu_106                               |  32|   0|   32|          0|
    |reuse_select_reg_876                           |  32|   0|   32|          0|
    |val_2_reg_438                                  |  32|   0|   32|          0|
    |work_xz_tilde_addr_2_reg_1026                  |   6|   0|    6|          0|
    |work_xz_tilde_load_1_reg_1042                  |  32|   0|   32|          0|
    |zext_ln12_reg_800                              |   6|   0|   64|         58|
    |zext_ln245_reg_847                             |   6|   0|   64|         58|
    |zext_ln261_reg_935                             |   6|   0|   64|         58|
    |icmp_ln261_reg_940                             |  64|  32|    1|          0|
    |icmp_ln279_reg_891                             |  64|  32|    1|          0|
    |icmp_ln41_reg_1012                             |  64|  32|    1|          0|
    |linsys_solver_bp_addr_2_reg_900                |  64|  32|    6|          0|
    |work_xz_tilde_addr_2_reg_1026                  |  64|  32|    6|          0|
    +-----------------------------------------------+----+----+-----+-----------+
    |Total                                          |1192| 160| 1121|        234|
    +-----------------------------------------------+----+----+-----+-----------+



================================================================
== Interface
================================================================
* Summary: 
+------------------------------------+-----+-----+------------+---------------------------+--------------+
|              RTL Ports             | Dir | Bits|  Protocol  |       Source Object       |    C Type    |
+------------------------------------+-----+-----+------------+---------------------------+--------------+
|ap_clk                              |   in|    1|  ap_ctrl_hs|         solve_linsys_qdldl|  return value|
|ap_rst                              |   in|    1|  ap_ctrl_hs|         solve_linsys_qdldl|  return value|
|ap_start                            |   in|    1|  ap_ctrl_hs|         solve_linsys_qdldl|  return value|
|ap_done                             |  out|    1|  ap_ctrl_hs|         solve_linsys_qdldl|  return value|
|ap_idle                             |  out|    1|  ap_ctrl_hs|         solve_linsys_qdldl|  return value|
|ap_ready                            |  out|    1|  ap_ctrl_hs|         solve_linsys_qdldl|  return value|
|grp_fu_1008_p_din0                  |  out|   32|  ap_ctrl_hs|         solve_linsys_qdldl|  return value|
|grp_fu_1008_p_din1                  |  out|   32|  ap_ctrl_hs|         solve_linsys_qdldl|  return value|
|grp_fu_1008_p_opcode                |  out|    2|  ap_ctrl_hs|         solve_linsys_qdldl|  return value|
|grp_fu_1008_p_dout0                 |   in|   32|  ap_ctrl_hs|         solve_linsys_qdldl|  return value|
|grp_fu_1008_p_ce                    |  out|    1|  ap_ctrl_hs|         solve_linsys_qdldl|  return value|
|grp_fu_1020_p_din0                  |  out|   32|  ap_ctrl_hs|         solve_linsys_qdldl|  return value|
|grp_fu_1020_p_din1                  |  out|   32|  ap_ctrl_hs|         solve_linsys_qdldl|  return value|
|grp_fu_1020_p_dout0                 |   in|   32|  ap_ctrl_hs|         solve_linsys_qdldl|  return value|
|grp_fu_1020_p_ce                    |  out|    1|  ap_ctrl_hs|         solve_linsys_qdldl|  return value|
|work_xz_tilde_address0              |  out|    6|   ap_memory|              work_xz_tilde|         array|
|work_xz_tilde_ce0                   |  out|    1|   ap_memory|              work_xz_tilde|         array|
|work_xz_tilde_we0                   |  out|    1|   ap_memory|              work_xz_tilde|         array|
|work_xz_tilde_d0                    |  out|   32|   ap_memory|              work_xz_tilde|         array|
|work_xz_tilde_q0                    |   in|   32|   ap_memory|              work_xz_tilde|         array|
|work_xz_tilde_address1              |  out|    6|   ap_memory|              work_xz_tilde|         array|
|work_xz_tilde_ce1                   |  out|    1|   ap_memory|              work_xz_tilde|         array|
|work_xz_tilde_q1                    |   in|   32|   ap_memory|              work_xz_tilde|         array|
|linsys_solver_L_p_address0          |  out|    6|   ap_memory|          linsys_solver_L_p|         array|
|linsys_solver_L_p_ce0               |  out|    1|   ap_memory|          linsys_solver_L_p|         array|
|linsys_solver_L_p_q0                |   in|    6|   ap_memory|          linsys_solver_L_p|         array|
|linsys_solver_L_p_address1          |  out|    6|   ap_memory|          linsys_solver_L_p|         array|
|linsys_solver_L_p_ce1               |  out|    1|   ap_memory|          linsys_solver_L_p|         array|
|linsys_solver_L_p_q1                |   in|    6|   ap_memory|          linsys_solver_L_p|         array|
|linsys_solver_L_x_address0          |  out|    6|   ap_memory|          linsys_solver_L_x|         array|
|linsys_solver_L_x_ce0               |  out|    1|   ap_memory|          linsys_solver_L_x|         array|
|linsys_solver_L_x_q0                |   in|   32|   ap_memory|          linsys_solver_L_x|         array|
|linsys_solver_L_i_address0          |  out|    6|   ap_memory|          linsys_solver_L_i|         array|
|linsys_solver_L_i_ce0               |  out|    1|   ap_memory|          linsys_solver_L_i|         array|
|linsys_solver_L_i_q0                |   in|    6|   ap_memory|          linsys_solver_L_i|         array|
|linsys_solver_Dinv_address0         |  out|    6|   ap_memory|         linsys_solver_Dinv|         array|
|linsys_solver_Dinv_ce0              |  out|    1|   ap_memory|         linsys_solver_Dinv|         array|
|linsys_solver_Dinv_q0               |   in|   32|   ap_memory|         linsys_solver_Dinv|         array|
|linsys_solver_rho_inv_vec_address0  |  out|    5|   ap_memory|  linsys_solver_rho_inv_vec|         array|
|linsys_solver_rho_inv_vec_ce0       |  out|    1|   ap_memory|  linsys_solver_rho_inv_vec|         array|
|linsys_solver_rho_inv_vec_q0        |   in|   32|   ap_memory|  linsys_solver_rho_inv_vec|         array|
+------------------------------------+-----+-----+------------+---------------------------+--------------+

