

================================================================
== Vitis HLS Report for 'is_dual_infeasible'
================================================================
* Date:           Sat Feb  7 11:28:48 2026

* Version:        2020.2 (Build 3064766 on Wed Nov 18 09:12:45 MST 2020)
* Project:        hls_project
* Solution:       solution1 (Vivado IP Flow Target)
* Product family: zynq
* Target device:  xc7z020-clg484-1


================================================================
== Performance Estimates
================================================================
+ Timing: 
    * Summary: 
    +--------+----------+----------+------------+
    |  Clock |  Target  | Estimated| Uncertainty|
    +--------+----------+----------+------------+
    |ap_clk  |  10.00 ns|  7.107 ns|     2.70 ns|
    +--------+----------+----------+------------+

+ Latency: 
    * Summary: 
    +---------+---------+----------+----------+-----+-----+---------+
    |  Latency (cycles) |  Latency (absolute) |  Interval | Pipeline|
    |   min   |   max   |    min   |    max   | min | max |   Type  |
    +---------+---------+----------+----------+-----+-----+---------+
    |       93|      278|  0.930 us|  2.780 us|   93|  278|     none|
    +---------+---------+----------+----------+-----+-----+---------+

    + Detail: 
        * Instance: 
        N/A

        * Loop: 
        +-------------------+---------+---------+----------+-----------+-----------+------+----------+
        |                   |  Latency (cycles) | Iteration|  Initiation Interval  | Trip |          |
        |     Loop Name     |   min   |   max   |  Latency |  achieved |   target  | Count| Pipelined|
        +-------------------+---------+---------+----------+-----------+-----------+------+----------+
        |- VITIS_LOOP_14_1  |       90|       90|         6|          -|          -|    15|        no|
        |- VITIS_LOOP_49_1  |      180|      180|        12|          -|          -|    15|        no|
        |- VITIS_LOOP_85_1  |       19|       19|         1|          -|          -|    19|        no|
        +-------------------+---------+---------+----------+-----------+-----------+------+----------+

============================================================
+ Verbose Summary: Synthesis Manager
============================================================
InlineROM: 1
ExposeGlobal: 0
============================================================
+ Verbose Summary: CDFG Model
============================================================
IsTopModel: 0
ResetActiveHigh: 1
IsCombinational: 0
IsDatapathOnly: 0
HasWiredReturn: 1
HasMFsm: 0
HasVarLatency: 1
IsPipeline: 0
IsRtlPipelined: 0
IsInstanceOverlapped: 0
IsDontTouch: 0
HasImplIP: 0
IsGatedGlobalClock: 0


============================================================
+ Verbose Summary: Schedule
============================================================
* Number of FSM states : 26
* Pipeline : 0
* Dataflow Pipeline: 0

* FSM state transitions: 
1 --> 2 
2 --> 3 8 
3 --> 4 
4 --> 5 
5 --> 6 
6 --> 7 
7 --> 2 
8 --> 25 9 
9 --> 10 21 
10 --> 11 
11 --> 12 
12 --> 13 
13 --> 14 
14 --> 15 
15 --> 16 
16 --> 17 
17 --> 18 
18 --> 19 
19 --> 20 
20 --> 9 
21 --> 22 
22 --> 23 
23 --> 24 
24 --> 25 
25 --> 26 
26 --> 26 

* FSM state operations: 

State 1 <SV = 0> <Delay = 1.58>
ST_1 : Operation 27 [1/1] (0.00ns)   --->   "%eps_dual_inf_read = read i32 @_ssdm_op_Read.ap_auto.float, i32 %eps_dual_inf" [srcs/src/auxil.c:149]   --->   Operation 27 'read' 'eps_dual_inf_read' <Predicate = true> <Delay = 0.00>
ST_1 : Operation 28 [1/1] (1.58ns)   --->   "%br_ln14 = br void" [srcs/src/lin_alg.c:14]   --->   Operation 28 'br' 'br_ln14' <Predicate = true> <Delay = 1.58>

State 2 <SV = 1> <Delay = 5.43>
ST_2 : Operation 29 [1/1] (0.00ns)   --->   "%max = phi i32 0, void, i32 %max_9, void %.split22"   --->   Operation 29 'phi' 'max' <Predicate = true> <Delay = 0.00>
ST_2 : Operation 30 [1/1] (0.00ns)   --->   "%i = phi i4 0, void, i4 %i_69, void %.split22"   --->   Operation 30 'phi' 'i' <Predicate = true> <Delay = 0.00>
ST_2 : Operation 31 [1/1] (1.73ns)   --->   "%i_69 = add i4 %i, i4 1" [srcs/src/lin_alg.c:14]   --->   Operation 31 'add' 'i_69' <Predicate = true> <Delay = 1.73> <CoreInst = "Adder">   --->   Core 1 'Adder' <Latency = 0> <II = 1> <Delay = 1.73> <FuncUnit> <Opcode : 'add' 'sub'> <InPorts = 2> <OutPorts = 1>
ST_2 : Operation 32 [1/1] (0.00ns)   --->   "%zext_ln14 = zext i4 %i" [srcs/src/lin_alg.c:14]   --->   Operation 32 'zext' 'zext_ln14' <Predicate = true> <Delay = 0.00>
ST_2 : Operation 33 [1/1] (1.30ns)   --->   "%icmp_ln14 = icmp_eq  i4 %i, i4 15" [srcs/src/lin_alg.c:14]   --->   Operation 33 'icmp' 'icmp_ln14' <Predicate = true> <Delay = 1.30> <CoreInst = "Cmp">   --->   Core 9 'Cmp' <Latency = 0> <II = 1> <Delay = 2.44> <FuncUnit> <Opcode : 'icmp'> <InPorts = 2> <OutPorts = 1>
ST_2 : Operation 34 [1/1] (0.00ns)   --->   "%empty = speclooptripcount i32 @_ssdm_op_SpecLoopTripCount, i64 15, i64 15, i64 15"   --->   Operation 34 'speclooptripcount' 'empty' <Predicate = true> <Delay = 0.00>
ST_2 : Operation 35 [1/1] (0.00ns)   --->   "%br_ln14 = br i1 %icmp_ln14, void %.split22, void %vec_norm_inf.exit" [srcs/src/lin_alg.c:14]   --->   Operation 35 'br' 'br_ln14' <Predicate = true> <Delay = 0.00>
ST_2 : Operation 36 [1/1] (0.00ns)   --->   "%work_delta_x_addr = getelementptr i32 %work_delta_x, i64 0, i64 %zext_ln14" [srcs/src/lin_alg.c:14]   --->   Operation 36 'getelementptr' 'work_delta_x_addr' <Predicate = (!icmp_ln14)> <Delay = 0.00>
ST_2 : Operation 37 [2/2] (2.32ns)   --->   "%work_delta_x_load = load i4 %work_delta_x_addr" [srcs/src/lin_alg.c:14]   --->   Operation 37 'load' 'work_delta_x_load' <Predicate = (!icmp_ln14)> <Delay = 2.32> <CoreInst = "RAM">   --->   Core 82 'RAM' <Latency = 1> <II = 1> <Delay = 2.32> <Storage> <Opcode : 'load' 'store'> <Ports = 2> <Width = 32> <Depth = 15> <RAM>
ST_2 : Operation 38 [2/2] (5.43ns)   --->   "%tmp_s = fcmp_ogt  i32 %max, i32 1e-30" [srcs/src/auxil.c:158]   --->   Operation 38 'fcmp' 'tmp_s' <Predicate = (icmp_ln14)> <Delay = 5.43> <CoreInst = "FCompare">   --->   Core 19 'FCompare' <Latency = 1> <II = 1> <Delay = 5.43> <FuncUnit> <Opcode : 'fcmp'> <InPorts = 2> <OutPorts = 1>

State 3 <SV = 2> <Delay = 2.32>
ST_3 : Operation 39 [1/2] (2.32ns)   --->   "%work_delta_x_load = load i4 %work_delta_x_addr" [srcs/src/lin_alg.c:14]   --->   Operation 39 'load' 'work_delta_x_load' <Predicate = true> <Delay = 2.32> <CoreInst = "RAM">   --->   Core 82 'RAM' <Latency = 1> <II = 1> <Delay = 2.32> <Storage> <Opcode : 'load' 'store'> <Ports = 2> <Width = 32> <Depth = 15> <RAM>

State 4 <SV = 3> <Delay = 5.43>
ST_4 : Operation 40 [2/2] (5.43ns)   --->   "%tmp_41 = fcmp_olt  i32 %work_delta_x_load, i32 0" [srcs/src/lin_alg.c:14]   --->   Operation 40 'fcmp' 'tmp_41' <Predicate = true> <Delay = 5.43> <CoreInst = "FCompare">   --->   Core 19 'FCompare' <Latency = 1> <II = 1> <Delay = 5.43> <FuncUnit> <Opcode : 'fcmp'> <InPorts = 2> <OutPorts = 1>

State 5 <SV = 4> <Delay = 6.42>
ST_5 : Operation 41 [1/1] (0.00ns)   --->   "%bitcast_ln14 = bitcast i32 %work_delta_x_load" [srcs/src/lin_alg.c:14]   --->   Operation 41 'bitcast' 'bitcast_ln14' <Predicate = true> <Delay = 0.00>
ST_5 : Operation 42 [1/1] (0.00ns)   --->   "%tmp_40 = partselect i8 @_ssdm_op_PartSelect.i8.i32.i32.i32, i32 %bitcast_ln14, i32 23, i32 30" [srcs/src/lin_alg.c:14]   --->   Operation 42 'partselect' 'tmp_40' <Predicate = true> <Delay = 0.00>
ST_5 : Operation 43 [1/1] (0.00ns)   --->   "%trunc_ln14 = trunc i32 %bitcast_ln14" [srcs/src/lin_alg.c:14]   --->   Operation 43 'trunc' 'trunc_ln14' <Predicate = true> <Delay = 0.00>
ST_5 : Operation 44 [1/1] (1.55ns)   --->   "%icmp_ln14_19 = icmp_ne  i8 %tmp_40, i8 255" [srcs/src/lin_alg.c:14]   --->   Operation 44 'icmp' 'icmp_ln14_19' <Predicate = true> <Delay = 1.55> <CoreInst = "Cmp">   --->   Core 9 'Cmp' <Latency = 0> <II = 1> <Delay = 2.44> <FuncUnit> <Opcode : 'icmp'> <InPorts = 2> <OutPorts = 1>
ST_5 : Operation 45 [1/1] (2.44ns)   --->   "%icmp_ln14_20 = icmp_eq  i23 %trunc_ln14, i23 0" [srcs/src/lin_alg.c:14]   --->   Operation 45 'icmp' 'icmp_ln14_20' <Predicate = true> <Delay = 2.44> <CoreInst = "Cmp">   --->   Core 9 'Cmp' <Latency = 0> <II = 1> <Delay = 2.44> <FuncUnit> <Opcode : 'icmp'> <InPorts = 2> <OutPorts = 1>
ST_5 : Operation 46 [1/1] (0.00ns) (grouped into LUT with out node abs_v_i)   --->   "%or_ln14 = or i1 %icmp_ln14_20, i1 %icmp_ln14_19" [srcs/src/lin_alg.c:14]   --->   Operation 46 'or' 'or_ln14' <Predicate = true> <Delay = 0.00> <CoreInst = "LogicGate">   --->   Core 74 'LogicGate' <Latency = 0> <II = 1> <Delay = 0.97> <FuncUnit> <Opcode : 'and' 'or' 'xor'> <InPorts = 2> <OutPorts = 1>
ST_5 : Operation 47 [1/2] (5.43ns)   --->   "%tmp_41 = fcmp_olt  i32 %work_delta_x_load, i32 0" [srcs/src/lin_alg.c:14]   --->   Operation 47 'fcmp' 'tmp_41' <Predicate = true> <Delay = 5.43> <CoreInst = "FCompare">   --->   Core 19 'FCompare' <Latency = 1> <II = 1> <Delay = 5.43> <FuncUnit> <Opcode : 'fcmp'> <InPorts = 2> <OutPorts = 1>
ST_5 : Operation 48 [1/1] (0.00ns) (grouped into LUT with out node abs_v_i)   --->   "%and_ln14 = and i1 %or_ln14, i1 %tmp_41" [srcs/src/lin_alg.c:14]   --->   Operation 48 'and' 'and_ln14' <Predicate = true> <Delay = 0.00> <CoreInst = "LogicGate">   --->   Core 74 'LogicGate' <Latency = 0> <II = 1> <Delay = 0.97> <FuncUnit> <Opcode : 'and' 'or' 'xor'> <InPorts = 2> <OutPorts = 1>
ST_5 : Operation 49 [1/1] (0.00ns) (grouped into LUT with out node abs_v_i)   --->   "%xor_ln14 = xor i32 %bitcast_ln14, i32 2147483648" [srcs/src/lin_alg.c:14]   --->   Operation 49 'xor' 'xor_ln14' <Predicate = true> <Delay = 0.00> <CoreInst = "LogicGate">   --->   Core 74 'LogicGate' <Latency = 0> <II = 1> <Delay = 0.97> <FuncUnit> <Opcode : 'and' 'or' 'xor'> <InPorts = 2> <OutPorts = 1>
ST_5 : Operation 50 [1/1] (0.00ns) (grouped into LUT with out node abs_v_i)   --->   "%bitcast_ln14_5 = bitcast i32 %xor_ln14" [srcs/src/lin_alg.c:14]   --->   Operation 50 'bitcast' 'bitcast_ln14_5' <Predicate = true> <Delay = 0.00>
ST_5 : Operation 51 [1/1] (0.99ns) (out node of the LUT)   --->   "%abs_v_i = select i1 %and_ln14, i32 %bitcast_ln14_5, i32 %work_delta_x_load" [srcs/src/lin_alg.c:14]   --->   Operation 51 'select' 'abs_v_i' <Predicate = true> <Delay = 0.99> <CoreInst = "Sel">   --->   Core 73 'Sel' <Latency = 0> <II = 1> <Delay = 0.69> <FuncUnit> <Opcode : 'select'> <InPorts = 3> <OutPorts = 1>

State 6 <SV = 5> <Delay = 5.43>
ST_6 : Operation 52 [2/2] (5.43ns)   --->   "%tmp_44 = fcmp_ogt  i32 %abs_v_i, i32 %max" [srcs/src/lin_alg.c:14]   --->   Operation 52 'fcmp' 'tmp_44' <Predicate = true> <Delay = 5.43> <CoreInst = "FCompare">   --->   Core 19 'FCompare' <Latency = 1> <II = 1> <Delay = 5.43> <FuncUnit> <Opcode : 'fcmp'> <InPorts = 2> <OutPorts = 1>

State 7 <SV = 6> <Delay = 7.10>
ST_7 : Operation 53 [1/1] (0.00ns)   --->   "%specloopname_ln13 = specloopname void @_ssdm_op_SpecLoopName, void @empty_47" [srcs/src/lin_alg.c:13]   --->   Operation 53 'specloopname' 'specloopname_ln13' <Predicate = true> <Delay = 0.00>
ST_7 : Operation 54 [1/1] (0.00ns)   --->   "%bitcast_ln14_10 = bitcast i32 %abs_v_i" [srcs/src/lin_alg.c:14]   --->   Operation 54 'bitcast' 'bitcast_ln14_10' <Predicate = true> <Delay = 0.00>
ST_7 : Operation 55 [1/1] (0.00ns)   --->   "%tmp_42 = partselect i8 @_ssdm_op_PartSelect.i8.i32.i32.i32, i32 %bitcast_ln14_10, i32 23, i32 30" [srcs/src/lin_alg.c:14]   --->   Operation 55 'partselect' 'tmp_42' <Predicate = true> <Delay = 0.00>
ST_7 : Operation 56 [1/1] (0.00ns)   --->   "%trunc_ln14_8 = trunc i32 %bitcast_ln14_10" [srcs/src/lin_alg.c:14]   --->   Operation 56 'trunc' 'trunc_ln14_8' <Predicate = true> <Delay = 0.00>
ST_7 : Operation 57 [1/1] (0.00ns)   --->   "%bitcast_ln14_11 = bitcast i32 %max" [srcs/src/lin_alg.c:14]   --->   Operation 57 'bitcast' 'bitcast_ln14_11' <Predicate = true> <Delay = 0.00>
ST_7 : Operation 58 [1/1] (0.00ns)   --->   "%tmp_43 = partselect i8 @_ssdm_op_PartSelect.i8.i32.i32.i32, i32 %bitcast_ln14_11, i32 23, i32 30" [srcs/src/lin_alg.c:14]   --->   Operation 58 'partselect' 'tmp_43' <Predicate = true> <Delay = 0.00>
ST_7 : Operation 59 [1/1] (0.00ns)   --->   "%trunc_ln14_9 = trunc i32 %bitcast_ln14_11" [srcs/src/lin_alg.c:14]   --->   Operation 59 'trunc' 'trunc_ln14_9' <Predicate = true> <Delay = 0.00>
ST_7 : Operation 60 [1/1] (1.55ns)   --->   "%icmp_ln14_21 = icmp_ne  i8 %tmp_42, i8 255" [srcs/src/lin_alg.c:14]   --->   Operation 60 'icmp' 'icmp_ln14_21' <Predicate = true> <Delay = 1.55> <CoreInst = "Cmp">   --->   Core 9 'Cmp' <Latency = 0> <II = 1> <Delay = 2.44> <FuncUnit> <Opcode : 'icmp'> <InPorts = 2> <OutPorts = 1>
ST_7 : Operation 61 [1/1] (2.44ns)   --->   "%icmp_ln14_22 = icmp_eq  i23 %trunc_ln14_8, i23 0" [srcs/src/lin_alg.c:14]   --->   Operation 61 'icmp' 'icmp_ln14_22' <Predicate = true> <Delay = 2.44> <CoreInst = "Cmp">   --->   Core 9 'Cmp' <Latency = 0> <II = 1> <Delay = 2.44> <FuncUnit> <Opcode : 'icmp'> <InPorts = 2> <OutPorts = 1>
ST_7 : Operation 62 [1/1] (0.00ns) (grouped into LUT with out node and_ln14_9)   --->   "%or_ln14_8 = or i1 %icmp_ln14_22, i1 %icmp_ln14_21" [srcs/src/lin_alg.c:14]   --->   Operation 62 'or' 'or_ln14_8' <Predicate = true> <Delay = 0.00> <CoreInst = "LogicGate">   --->   Core 74 'LogicGate' <Latency = 0> <II = 1> <Delay = 0.97> <FuncUnit> <Opcode : 'and' 'or' 'xor'> <InPorts = 2> <OutPorts = 1>
ST_7 : Operation 63 [1/1] (1.55ns)   --->   "%icmp_ln14_23 = icmp_ne  i8 %tmp_43, i8 255" [srcs/src/lin_alg.c:14]   --->   Operation 63 'icmp' 'icmp_ln14_23' <Predicate = true> <Delay = 1.55> <CoreInst = "Cmp">   --->   Core 9 'Cmp' <Latency = 0> <II = 1> <Delay = 2.44> <FuncUnit> <Opcode : 'icmp'> <InPorts = 2> <OutPorts = 1>
ST_7 : Operation 64 [1/1] (2.44ns)   --->   "%icmp_ln14_24 = icmp_eq  i23 %trunc_ln14_9, i23 0" [srcs/src/lin_alg.c:14]   --->   Operation 64 'icmp' 'icmp_ln14_24' <Predicate = true> <Delay = 2.44> <CoreInst = "Cmp">   --->   Core 9 'Cmp' <Latency = 0> <II = 1> <Delay = 2.44> <FuncUnit> <Opcode : 'icmp'> <InPorts = 2> <OutPorts = 1>
ST_7 : Operation 65 [1/1] (0.00ns) (grouped into LUT with out node and_ln14_9)   --->   "%or_ln14_9 = or i1 %icmp_ln14_24, i1 %icmp_ln14_23" [srcs/src/lin_alg.c:14]   --->   Operation 65 'or' 'or_ln14_9' <Predicate = true> <Delay = 0.00> <CoreInst = "LogicGate">   --->   Core 74 'LogicGate' <Latency = 0> <II = 1> <Delay = 0.97> <FuncUnit> <Opcode : 'and' 'or' 'xor'> <InPorts = 2> <OutPorts = 1>
ST_7 : Operation 66 [1/1] (0.00ns) (grouped into LUT with out node and_ln14_9)   --->   "%and_ln14_8 = and i1 %or_ln14_8, i1 %or_ln14_9" [srcs/src/lin_alg.c:14]   --->   Operation 66 'and' 'and_ln14_8' <Predicate = true> <Delay = 0.00> <CoreInst = "LogicGate">   --->   Core 74 'LogicGate' <Latency = 0> <II = 1> <Delay = 0.97> <FuncUnit> <Opcode : 'and' 'or' 'xor'> <InPorts = 2> <OutPorts = 1>
ST_7 : Operation 67 [1/2] (5.43ns)   --->   "%tmp_44 = fcmp_ogt  i32 %abs_v_i, i32 %max" [srcs/src/lin_alg.c:14]   --->   Operation 67 'fcmp' 'tmp_44' <Predicate = true> <Delay = 5.43> <CoreInst = "FCompare">   --->   Core 19 'FCompare' <Latency = 1> <II = 1> <Delay = 5.43> <FuncUnit> <Opcode : 'fcmp'> <InPorts = 2> <OutPorts = 1>
ST_7 : Operation 68 [1/1] (0.97ns) (out node of the LUT)   --->   "%and_ln14_9 = and i1 %and_ln14_8, i1 %tmp_44" [srcs/src/lin_alg.c:14]   --->   Operation 68 'and' 'and_ln14_9' <Predicate = true> <Delay = 0.97> <CoreInst = "LogicGate">   --->   Core 74 'LogicGate' <Latency = 0> <II = 1> <Delay = 0.97> <FuncUnit> <Opcode : 'and' 'or' 'xor'> <InPorts = 2> <OutPorts = 1>
ST_7 : Operation 69 [1/1] (0.69ns) (out node of the LUT)   --->   "%max_9 = select i1 %and_ln14_9, i32 %abs_v_i, i32 %max" [srcs/src/lin_alg.c:14]   --->   Operation 69 'select' 'max_9' <Predicate = true> <Delay = 0.69> <CoreInst = "Sel">   --->   Core 73 'Sel' <Latency = 0> <II = 1> <Delay = 0.69> <FuncUnit> <Opcode : 'select'> <InPorts = 3> <OutPorts = 1>
ST_7 : Operation 70 [1/1] (0.00ns)   --->   "%br_ln0 = br void"   --->   Operation 70 'br' 'br_ln0' <Predicate = true> <Delay = 0.00>

State 8 <SV = 2> <Delay = 6.40>
ST_8 : Operation 71 [1/1] (0.00ns)   --->   "%bitcast_ln158 = bitcast i32 %max" [srcs/src/auxil.c:158]   --->   Operation 71 'bitcast' 'bitcast_ln158' <Predicate = true> <Delay = 0.00>
ST_8 : Operation 72 [1/1] (0.00ns)   --->   "%tmp = partselect i8 @_ssdm_op_PartSelect.i8.i32.i32.i32, i32 %bitcast_ln158, i32 23, i32 30" [srcs/src/auxil.c:158]   --->   Operation 72 'partselect' 'tmp' <Predicate = true> <Delay = 0.00>
ST_8 : Operation 73 [1/1] (0.00ns)   --->   "%trunc_ln158 = trunc i32 %bitcast_ln158" [srcs/src/auxil.c:158]   --->   Operation 73 'trunc' 'trunc_ln158' <Predicate = true> <Delay = 0.00>
ST_8 : Operation 74 [1/1] (1.55ns)   --->   "%icmp_ln158 = icmp_ne  i8 %tmp, i8 255" [srcs/src/auxil.c:158]   --->   Operation 74 'icmp' 'icmp_ln158' <Predicate = true> <Delay = 1.55> <CoreInst = "Cmp">   --->   Core 9 'Cmp' <Latency = 0> <II = 1> <Delay = 2.44> <FuncUnit> <Opcode : 'icmp'> <InPorts = 2> <OutPorts = 1>
ST_8 : Operation 75 [1/1] (2.44ns)   --->   "%icmp_ln158_1 = icmp_eq  i23 %trunc_ln158, i23 0" [srcs/src/auxil.c:158]   --->   Operation 75 'icmp' 'icmp_ln158_1' <Predicate = true> <Delay = 2.44> <CoreInst = "Cmp">   --->   Core 9 'Cmp' <Latency = 0> <II = 1> <Delay = 2.44> <FuncUnit> <Opcode : 'icmp'> <InPorts = 2> <OutPorts = 1>
ST_8 : Operation 76 [1/1] (0.00ns) (grouped into LUT with out node and_ln158)   --->   "%or_ln158 = or i1 %icmp_ln158_1, i1 %icmp_ln158" [srcs/src/auxil.c:158]   --->   Operation 76 'or' 'or_ln158' <Predicate = true> <Delay = 0.00> <CoreInst = "LogicGate">   --->   Core 74 'LogicGate' <Latency = 0> <II = 1> <Delay = 0.97> <FuncUnit> <Opcode : 'and' 'or' 'xor'> <InPorts = 2> <OutPorts = 1>
ST_8 : Operation 77 [1/2] (5.43ns)   --->   "%tmp_s = fcmp_ogt  i32 %max, i32 1e-30" [srcs/src/auxil.c:158]   --->   Operation 77 'fcmp' 'tmp_s' <Predicate = true> <Delay = 5.43> <CoreInst = "FCompare">   --->   Core 19 'FCompare' <Latency = 1> <II = 1> <Delay = 5.43> <FuncUnit> <Opcode : 'fcmp'> <InPorts = 2> <OutPorts = 1>
ST_8 : Operation 78 [1/1] (0.97ns) (out node of the LUT)   --->   "%and_ln158 = and i1 %or_ln158, i1 %tmp_s" [srcs/src/auxil.c:158]   --->   Operation 78 'and' 'and_ln158' <Predicate = true> <Delay = 0.97> <CoreInst = "LogicGate">   --->   Core 74 'LogicGate' <Latency = 0> <II = 1> <Delay = 0.97> <FuncUnit> <Opcode : 'and' 'or' 'xor'> <InPorts = 2> <OutPorts = 1>
ST_8 : Operation 79 [1/1] (0.00ns)   --->   "%br_ln158 = br i1 %and_ln158, void %.loopexit, void %.preheader4.preheader" [srcs/src/auxil.c:158]   --->   Operation 79 'br' 'br_ln158' <Predicate = true> <Delay = 0.00>
ST_8 : Operation 80 [1/1] (1.58ns)   --->   "%br_ln49 = br void %.preheader4" [srcs/src/lin_alg.c:49]   --->   Operation 80 'br' 'br_ln49' <Predicate = (and_ln158)> <Delay = 1.58>

State 9 <SV = 3> <Delay = 5.70>
ST_9 : Operation 81 [1/1] (0.00ns)   --->   "%i_70 = phi i4 %i_71, void %.split20, i4 0, void %.preheader4.preheader"   --->   Operation 81 'phi' 'i_70' <Predicate = true> <Delay = 0.00>
ST_9 : Operation 82 [1/1] (0.00ns)   --->   "%prod = phi i32 %prod_1, void %.split20, i32 0, void %.preheader4.preheader"   --->   Operation 82 'phi' 'prod' <Predicate = true> <Delay = 0.00>
ST_9 : Operation 83 [1/1] (1.73ns)   --->   "%i_71 = add i4 %i_70, i4 1" [srcs/src/lin_alg.c:49]   --->   Operation 83 'add' 'i_71' <Predicate = true> <Delay = 1.73> <CoreInst = "Adder">   --->   Core 1 'Adder' <Latency = 0> <II = 1> <Delay = 1.73> <FuncUnit> <Opcode : 'add' 'sub'> <InPorts = 2> <OutPorts = 1>
ST_9 : Operation 84 [1/1] (0.00ns)   --->   "%zext_ln49 = zext i4 %i_70" [srcs/src/lin_alg.c:49]   --->   Operation 84 'zext' 'zext_ln49' <Predicate = true> <Delay = 0.00>
ST_9 : Operation 85 [1/1] (1.30ns)   --->   "%icmp_ln49 = icmp_eq  i4 %i_70, i4 15" [srcs/src/lin_alg.c:49]   --->   Operation 85 'icmp' 'icmp_ln49' <Predicate = true> <Delay = 1.30> <CoreInst = "Cmp">   --->   Core 9 'Cmp' <Latency = 0> <II = 1> <Delay = 2.44> <FuncUnit> <Opcode : 'icmp'> <InPorts = 2> <OutPorts = 1>
ST_9 : Operation 86 [1/1] (0.00ns)   --->   "%empty_112 = speclooptripcount i32 @_ssdm_op_SpecLoopTripCount, i64 15, i64 15, i64 15"   --->   Operation 86 'speclooptripcount' 'empty_112' <Predicate = true> <Delay = 0.00>
ST_9 : Operation 87 [1/1] (0.00ns)   --->   "%br_ln49 = br i1 %icmp_ln49, void %.split20, void %vec_prod.exit" [srcs/src/lin_alg.c:49]   --->   Operation 87 'br' 'br_ln49' <Predicate = true> <Delay = 0.00>
ST_9 : Operation 88 [1/1] (0.00ns)   --->   "%qdata_addr = getelementptr i32 %qdata, i64 0, i64 %zext_ln49" [srcs/src/lin_alg.c:49]   --->   Operation 88 'getelementptr' 'qdata_addr' <Predicate = (!icmp_ln49)> <Delay = 0.00>
ST_9 : Operation 89 [2/2] (2.32ns)   --->   "%qdata_load = load i4 %qdata_addr" [srcs/src/lin_alg.c:49]   --->   Operation 89 'load' 'qdata_load' <Predicate = (!icmp_ln49)> <Delay = 2.32> <CoreInst = "RAM">   --->   Core 82 'RAM' <Latency = 1> <II = 1> <Delay = 2.32> <Storage> <Opcode : 'load' 'store'> <Ports = 2> <Width = 32> <Depth = 15> <RAM>
ST_9 : Operation 90 [1/1] (0.00ns)   --->   "%work_delta_x_addr_1 = getelementptr i32 %work_delta_x, i64 0, i64 %zext_ln49" [srcs/src/lin_alg.c:49]   --->   Operation 90 'getelementptr' 'work_delta_x_addr_1' <Predicate = (!icmp_ln49)> <Delay = 0.00>
ST_9 : Operation 91 [2/2] (2.32ns)   --->   "%work_delta_x_load_1 = load i4 %work_delta_x_addr_1" [srcs/src/lin_alg.c:49]   --->   Operation 91 'load' 'work_delta_x_load_1' <Predicate = (!icmp_ln49)> <Delay = 2.32> <CoreInst = "RAM">   --->   Core 82 'RAM' <Latency = 1> <II = 1> <Delay = 2.32> <Storage> <Opcode : 'load' 'store'> <Ports = 2> <Width = 32> <Depth = 15> <RAM>
ST_9 : Operation 92 [1/1] (1.30ns)   --->   "%icmp_ln49_1 = icmp_eq  i4 %i_71, i4 15" [srcs/src/lin_alg.c:49]   --->   Operation 92 'icmp' 'icmp_ln49_1' <Predicate = (!icmp_ln49)> <Delay = 1.30> <CoreInst = "Cmp">   --->   Core 9 'Cmp' <Latency = 0> <II = 1> <Delay = 2.44> <FuncUnit> <Opcode : 'icmp'> <InPorts = 2> <OutPorts = 1>
ST_9 : Operation 93 [4/4] (5.70ns)   --->   "%mul4 = fmul i32 %max, i32 %eps_dual_inf_read" [srcs/src/auxil.c:159]   --->   Operation 93 'fmul' 'mul4' <Predicate = (icmp_ln49)> <Delay = 5.70> <CoreInst = "FMul_maxdsp">   --->   Core 30 'FMul_maxdsp' <Latency = 3> <II = 1> <Delay = 5.70> <FuncUnit> <Opcode : 'fmul'> <InPorts = 2> <OutPorts = 1>

State 10 <SV = 4> <Delay = 2.32>
ST_10 : Operation 94 [1/2] (2.32ns)   --->   "%qdata_load = load i4 %qdata_addr" [srcs/src/lin_alg.c:49]   --->   Operation 94 'load' 'qdata_load' <Predicate = true> <Delay = 2.32> <CoreInst = "RAM">   --->   Core 82 'RAM' <Latency = 1> <II = 1> <Delay = 2.32> <Storage> <Opcode : 'load' 'store'> <Ports = 2> <Width = 32> <Depth = 15> <RAM>
ST_10 : Operation 95 [1/2] (2.32ns)   --->   "%work_delta_x_load_1 = load i4 %work_delta_x_addr_1" [srcs/src/lin_alg.c:49]   --->   Operation 95 'load' 'work_delta_x_load_1' <Predicate = true> <Delay = 2.32> <CoreInst = "RAM">   --->   Core 82 'RAM' <Latency = 1> <II = 1> <Delay = 2.32> <Storage> <Opcode : 'load' 'store'> <Ports = 2> <Width = 32> <Depth = 15> <RAM>

State 11 <SV = 5> <Delay = 5.70>
ST_11 : Operation 96 [4/4] (5.70ns)   --->   "%mul_i = fmul i32 %qdata_load, i32 %work_delta_x_load_1" [srcs/src/lin_alg.c:49]   --->   Operation 96 'fmul' 'mul_i' <Predicate = true> <Delay = 5.70> <CoreInst = "FMul_maxdsp">   --->   Core 30 'FMul_maxdsp' <Latency = 3> <II = 1> <Delay = 5.70> <FuncUnit> <Opcode : 'fmul'> <InPorts = 2> <OutPorts = 1>

State 12 <SV = 6> <Delay = 5.70>
ST_12 : Operation 97 [3/4] (5.70ns)   --->   "%mul_i = fmul i32 %qdata_load, i32 %work_delta_x_load_1" [srcs/src/lin_alg.c:49]   --->   Operation 97 'fmul' 'mul_i' <Predicate = true> <Delay = 5.70> <CoreInst = "FMul_maxdsp">   --->   Core 30 'FMul_maxdsp' <Latency = 3> <II = 1> <Delay = 5.70> <FuncUnit> <Opcode : 'fmul'> <InPorts = 2> <OutPorts = 1>

State 13 <SV = 7> <Delay = 5.70>
ST_13 : Operation 98 [2/4] (5.70ns)   --->   "%mul_i = fmul i32 %qdata_load, i32 %work_delta_x_load_1" [srcs/src/lin_alg.c:49]   --->   Operation 98 'fmul' 'mul_i' <Predicate = true> <Delay = 5.70> <CoreInst = "FMul_maxdsp">   --->   Core 30 'FMul_maxdsp' <Latency = 3> <II = 1> <Delay = 5.70> <FuncUnit> <Opcode : 'fmul'> <InPorts = 2> <OutPorts = 1>

State 14 <SV = 8> <Delay = 5.70>
ST_14 : Operation 99 [1/4] (5.70ns)   --->   "%mul_i = fmul i32 %qdata_load, i32 %work_delta_x_load_1" [srcs/src/lin_alg.c:49]   --->   Operation 99 'fmul' 'mul_i' <Predicate = true> <Delay = 5.70> <CoreInst = "FMul_maxdsp">   --->   Core 30 'FMul_maxdsp' <Latency = 3> <II = 1> <Delay = 5.70> <FuncUnit> <Opcode : 'fmul'> <InPorts = 2> <OutPorts = 1>

State 15 <SV = 9> <Delay = 6.53>
ST_15 : Operation 100 [6/6] (6.53ns)   --->   "%prod_1 = facc i32 @_ssdm_op_FACC, i32 %mul_i, i1 %icmp_ln49_1" [srcs/src/lin_alg.c:49]   --->   Operation 100 'facc' 'prod_1' <Predicate = true> <Delay = 6.53> <CoreInst = "FAcc_nodsp">   --->   Core 11 'FAcc_nodsp' <Latency = 5> <II = 1> <Delay = 6.53> <FuncUnit> <Opcode : 'facc'> <InPorts = 2> <OutPorts = 1>

State 16 <SV = 10> <Delay = 6.53>
ST_16 : Operation 101 [5/6] (6.53ns)   --->   "%prod_1 = facc i32 @_ssdm_op_FACC, i32 %mul_i, i1 %icmp_ln49_1" [srcs/src/lin_alg.c:49]   --->   Operation 101 'facc' 'prod_1' <Predicate = true> <Delay = 6.53> <CoreInst = "FAcc_nodsp">   --->   Core 11 'FAcc_nodsp' <Latency = 5> <II = 1> <Delay = 6.53> <FuncUnit> <Opcode : 'facc'> <InPorts = 2> <OutPorts = 1>

State 17 <SV = 11> <Delay = 6.53>
ST_17 : Operation 102 [4/6] (6.53ns)   --->   "%prod_1 = facc i32 @_ssdm_op_FACC, i32 %mul_i, i1 %icmp_ln49_1" [srcs/src/lin_alg.c:49]   --->   Operation 102 'facc' 'prod_1' <Predicate = true> <Delay = 6.53> <CoreInst = "FAcc_nodsp">   --->   Core 11 'FAcc_nodsp' <Latency = 5> <II = 1> <Delay = 6.53> <FuncUnit> <Opcode : 'facc'> <InPorts = 2> <OutPorts = 1>

State 18 <SV = 12> <Delay = 6.53>
ST_18 : Operation 103 [3/6] (6.53ns)   --->   "%prod_1 = facc i32 @_ssdm_op_FACC, i32 %mul_i, i1 %icmp_ln49_1" [srcs/src/lin_alg.c:49]   --->   Operation 103 'facc' 'prod_1' <Predicate = true> <Delay = 6.53> <CoreInst = "FAcc_nodsp">   --->   Core 11 'FAcc_nodsp' <Latency = 5> <II = 1> <Delay = 6.53> <FuncUnit> <Opcode : 'facc'> <InPorts = 2> <OutPorts = 1>

State 19 <SV = 13> <Delay = 6.53>
ST_19 : Operation 104 [2/6] (6.53ns)   --->   "%prod_1 = facc i32 @_ssdm_op_FACC, i32 %mul_i, i1 %icmp_ln49_1" [srcs/src/lin_alg.c:49]   --->   Operation 104 'facc' 'prod_1' <Predicate = true> <Delay = 6.53> <CoreInst = "FAcc_nodsp">   --->   Core 11 'FAcc_nodsp' <Latency = 5> <II = 1> <Delay = 6.53> <FuncUnit> <Opcode : 'facc'> <InPorts = 2> <OutPorts = 1>

State 20 <SV = 14> <Delay = 6.53>
ST_20 : Operation 105 [1/1] (0.00ns)   --->   "%specloopname_ln49 = specloopname void @_ssdm_op_SpecLoopName, void @empty_52" [srcs/src/lin_alg.c:49]   --->   Operation 105 'specloopname' 'specloopname_ln49' <Predicate = true> <Delay = 0.00>
ST_20 : Operation 106 [1/6] (6.53ns)   --->   "%prod_1 = facc i32 @_ssdm_op_FACC, i32 %mul_i, i1 %icmp_ln49_1" [srcs/src/lin_alg.c:49]   --->   Operation 106 'facc' 'prod_1' <Predicate = true> <Delay = 6.53> <CoreInst = "FAcc_nodsp">   --->   Core 11 'FAcc_nodsp' <Latency = 5> <II = 1> <Delay = 6.53> <FuncUnit> <Opcode : 'facc'> <InPorts = 2> <OutPorts = 1>
ST_20 : Operation 107 [1/1] (0.00ns)   --->   "%br_ln0 = br void %.preheader4"   --->   Operation 107 'br' 'br_ln0' <Predicate = true> <Delay = 0.00>

State 21 <SV = 4> <Delay = 5.70>
ST_21 : Operation 108 [3/4] (5.70ns)   --->   "%mul4 = fmul i32 %max, i32 %eps_dual_inf_read" [srcs/src/auxil.c:159]   --->   Operation 108 'fmul' 'mul4' <Predicate = true> <Delay = 5.70> <CoreInst = "FMul_maxdsp">   --->   Core 30 'FMul_maxdsp' <Latency = 3> <II = 1> <Delay = 5.70> <FuncUnit> <Opcode : 'fmul'> <InPorts = 2> <OutPorts = 1>

State 22 <SV = 5> <Delay = 5.70>
ST_22 : Operation 109 [2/4] (5.70ns)   --->   "%mul4 = fmul i32 %max, i32 %eps_dual_inf_read" [srcs/src/auxil.c:159]   --->   Operation 109 'fmul' 'mul4' <Predicate = true> <Delay = 5.70> <CoreInst = "FMul_maxdsp">   --->   Core 30 'FMul_maxdsp' <Latency = 3> <II = 1> <Delay = 5.70> <FuncUnit> <Opcode : 'fmul'> <InPorts = 2> <OutPorts = 1>

State 23 <SV = 6> <Delay = 5.70>
ST_23 : Operation 110 [1/4] (5.70ns)   --->   "%mul4 = fmul i32 %max, i32 %eps_dual_inf_read" [srcs/src/auxil.c:159]   --->   Operation 110 'fmul' 'mul4' <Predicate = true> <Delay = 5.70> <CoreInst = "FMul_maxdsp">   --->   Core 30 'FMul_maxdsp' <Latency = 3> <II = 1> <Delay = 5.70> <FuncUnit> <Opcode : 'fmul'> <InPorts = 2> <OutPorts = 1>

State 24 <SV = 7> <Delay = 5.43>
ST_24 : Operation 111 [1/1] (0.00ns)   --->   "%bitcast_ln159 = bitcast i32 %prod" [srcs/src/auxil.c:159]   --->   Operation 111 'bitcast' 'bitcast_ln159' <Predicate = true> <Delay = 0.00>
ST_24 : Operation 112 [1/1] (0.00ns)   --->   "%tmp_45 = partselect i8 @_ssdm_op_PartSelect.i8.i32.i32.i32, i32 %bitcast_ln159, i32 23, i32 30" [srcs/src/auxil.c:159]   --->   Operation 112 'partselect' 'tmp_45' <Predicate = true> <Delay = 0.00>
ST_24 : Operation 113 [1/1] (0.00ns)   --->   "%trunc_ln159 = trunc i32 %bitcast_ln159" [srcs/src/auxil.c:159]   --->   Operation 113 'trunc' 'trunc_ln159' <Predicate = true> <Delay = 0.00>
ST_24 : Operation 114 [1/1] (0.00ns)   --->   "%bitcast_ln159_1 = bitcast i32 %mul4" [srcs/src/auxil.c:159]   --->   Operation 114 'bitcast' 'bitcast_ln159_1' <Predicate = true> <Delay = 0.00>
ST_24 : Operation 115 [1/1] (0.00ns)   --->   "%tmp_46 = partselect i8 @_ssdm_op_PartSelect.i8.i32.i32.i32, i32 %bitcast_ln159_1, i32 23, i32 30" [srcs/src/auxil.c:159]   --->   Operation 115 'partselect' 'tmp_46' <Predicate = true> <Delay = 0.00>
ST_24 : Operation 116 [1/1] (0.00ns)   --->   "%trunc_ln159_1 = trunc i32 %bitcast_ln159_1" [srcs/src/auxil.c:159]   --->   Operation 116 'trunc' 'trunc_ln159_1' <Predicate = true> <Delay = 0.00>
ST_24 : Operation 117 [1/1] (1.55ns)   --->   "%icmp_ln159 = icmp_ne  i8 %tmp_45, i8 255" [srcs/src/auxil.c:159]   --->   Operation 117 'icmp' 'icmp_ln159' <Predicate = true> <Delay = 1.55> <CoreInst = "Cmp">   --->   Core 9 'Cmp' <Latency = 0> <II = 1> <Delay = 2.44> <FuncUnit> <Opcode : 'icmp'> <InPorts = 2> <OutPorts = 1>
ST_24 : Operation 118 [1/1] (2.44ns)   --->   "%icmp_ln159_1 = icmp_eq  i23 %trunc_ln159, i23 0" [srcs/src/auxil.c:159]   --->   Operation 118 'icmp' 'icmp_ln159_1' <Predicate = true> <Delay = 2.44> <CoreInst = "Cmp">   --->   Core 9 'Cmp' <Latency = 0> <II = 1> <Delay = 2.44> <FuncUnit> <Opcode : 'icmp'> <InPorts = 2> <OutPorts = 1>
ST_24 : Operation 119 [1/1] (1.55ns)   --->   "%icmp_ln159_2 = icmp_ne  i8 %tmp_46, i8 255" [srcs/src/auxil.c:159]   --->   Operation 119 'icmp' 'icmp_ln159_2' <Predicate = true> <Delay = 1.55> <CoreInst = "Cmp">   --->   Core 9 'Cmp' <Latency = 0> <II = 1> <Delay = 2.44> <FuncUnit> <Opcode : 'icmp'> <InPorts = 2> <OutPorts = 1>
ST_24 : Operation 120 [1/1] (2.44ns)   --->   "%icmp_ln159_3 = icmp_eq  i23 %trunc_ln159_1, i23 0" [srcs/src/auxil.c:159]   --->   Operation 120 'icmp' 'icmp_ln159_3' <Predicate = true> <Delay = 2.44> <CoreInst = "Cmp">   --->   Core 9 'Cmp' <Latency = 0> <II = 1> <Delay = 2.44> <FuncUnit> <Opcode : 'icmp'> <InPorts = 2> <OutPorts = 1>
ST_24 : Operation 121 [2/2] (5.43ns)   --->   "%tmp_47 = fcmp_olt  i32 %prod, i32 %mul4" [srcs/src/auxil.c:159]   --->   Operation 121 'fcmp' 'tmp_47' <Predicate = true> <Delay = 5.43> <CoreInst = "FCompare">   --->   Core 19 'FCompare' <Latency = 1> <II = 1> <Delay = 5.43> <FuncUnit> <Opcode : 'fcmp'> <InPorts = 2> <OutPorts = 1>

State 25 <SV = 8> <Delay = 6.40>
ST_25 : Operation 122 [1/1] (0.00ns) (grouped into LUT with out node and_ln159_1)   --->   "%or_ln159 = or i1 %icmp_ln159_1, i1 %icmp_ln159" [srcs/src/auxil.c:159]   --->   Operation 122 'or' 'or_ln159' <Predicate = (and_ln158)> <Delay = 0.00> <CoreInst = "LogicGate">   --->   Core 74 'LogicGate' <Latency = 0> <II = 1> <Delay = 0.97> <FuncUnit> <Opcode : 'and' 'or' 'xor'> <InPorts = 2> <OutPorts = 1>
ST_25 : Operation 123 [1/1] (0.00ns) (grouped into LUT with out node and_ln159_1)   --->   "%or_ln159_1 = or i1 %icmp_ln159_3, i1 %icmp_ln159_2" [srcs/src/auxil.c:159]   --->   Operation 123 'or' 'or_ln159_1' <Predicate = (and_ln158)> <Delay = 0.00> <CoreInst = "LogicGate">   --->   Core 74 'LogicGate' <Latency = 0> <II = 1> <Delay = 0.97> <FuncUnit> <Opcode : 'and' 'or' 'xor'> <InPorts = 2> <OutPorts = 1>
ST_25 : Operation 124 [1/1] (0.00ns) (grouped into LUT with out node and_ln159_1)   --->   "%and_ln159 = and i1 %or_ln159, i1 %or_ln159_1" [srcs/src/auxil.c:159]   --->   Operation 124 'and' 'and_ln159' <Predicate = (and_ln158)> <Delay = 0.00> <CoreInst = "LogicGate">   --->   Core 74 'LogicGate' <Latency = 0> <II = 1> <Delay = 0.97> <FuncUnit> <Opcode : 'and' 'or' 'xor'> <InPorts = 2> <OutPorts = 1>
ST_25 : Operation 125 [1/2] (5.43ns)   --->   "%tmp_47 = fcmp_olt  i32 %prod, i32 %mul4" [srcs/src/auxil.c:159]   --->   Operation 125 'fcmp' 'tmp_47' <Predicate = (and_ln158)> <Delay = 5.43> <CoreInst = "FCompare">   --->   Core 19 'FCompare' <Latency = 1> <II = 1> <Delay = 5.43> <FuncUnit> <Opcode : 'fcmp'> <InPorts = 2> <OutPorts = 1>
ST_25 : Operation 126 [1/1] (0.97ns) (out node of the LUT)   --->   "%and_ln159_1 = and i1 %and_ln159, i1 %tmp_47" [srcs/src/auxil.c:159]   --->   Operation 126 'and' 'and_ln159_1' <Predicate = (and_ln158)> <Delay = 0.97> <CoreInst = "LogicGate">   --->   Core 74 'LogicGate' <Latency = 0> <II = 1> <Delay = 0.97> <FuncUnit> <Opcode : 'and' 'or' 'xor'> <InPorts = 2> <OutPorts = 1>
ST_25 : Operation 127 [1/1] (0.00ns)   --->   "%br_ln159 = br i1 %and_ln159_1, void %.loopexit, void %.preheader3.preheader" [srcs/src/auxil.c:159]   --->   Operation 127 'br' 'br_ln159' <Predicate = (and_ln158)> <Delay = 0.00>
ST_25 : Operation 128 [1/1] (0.00ns)   --->   "%ret_ln0 = ret"   --->   Operation 128 'ret' 'ret_ln0' <Predicate = (!and_ln159_1) | (!and_ln158)> <Delay = 0.00>
ST_25 : Operation 129 [1/1] (0.00ns)   --->   "%br_ln0 = br void %.preheader3"   --->   Operation 129 'br' 'br_ln0' <Predicate = (and_ln158 & and_ln159_1)> <Delay = 0.00>

State 26 <SV = 9> <Delay = 0.00>
ST_26 : Operation 130 [1/1] (0.00ns)   --->   "%empty_113 = speclooptripcount i32 @_ssdm_op_SpecLoopTripCount, i64 19, i64 19, i64 19"   --->   Operation 130 'speclooptripcount' 'empty_113' <Predicate = true> <Delay = 0.00>
ST_26 : Operation 131 [1/1] (0.00ns)   --->   "%specloopname_ln83 = specloopname void @_ssdm_op_SpecLoopName, void @empty_57" [srcs/src/lin_alg.c:83]   --->   Operation 131 'specloopname' 'specloopname_ln83' <Predicate = true> <Delay = 0.00>
ST_26 : Operation 132 [1/1] (0.00ns)   --->   "%br_ln0 = br void %.preheader3"   --->   Operation 132 'br' 'br_ln0' <Predicate = true> <Delay = 0.00>


============================================================
+ Verbose Summary: Timing violations
============================================================
Target clock period: 10ns, clock uncertainty: 2.7ns.

 <State 1>: 1.59ns
The critical path consists of the following:
	multiplexor before 'phi' operation ('max') with incoming values : ('max', srcs/src/lin_alg.c:14) [9]  (1.59 ns)

 <State 2>: 5.43ns
The critical path consists of the following:
	'phi' operation ('max') with incoming values : ('max', srcs/src/lin_alg.c:14) [9]  (0 ns)
	'fcmp' operation ('tmp_s', srcs/src/auxil.c:158) [55]  (5.43 ns)

 <State 3>: 2.32ns
The critical path consists of the following:
	'load' operation ('work_delta_x_load', srcs/src/lin_alg.c:14) on array 'work_delta_x' [19]  (2.32 ns)

 <State 4>: 5.43ns
The critical path consists of the following:
	'fcmp' operation ('tmp_41', srcs/src/lin_alg.c:14) [26]  (5.43 ns)

 <State 5>: 6.42ns
The critical path consists of the following:
	'fcmp' operation ('tmp_41', srcs/src/lin_alg.c:14) [26]  (5.43 ns)
	'and' operation ('and_ln14', srcs/src/lin_alg.c:14) [27]  (0 ns)
	'select' operation ('abs_v_i', srcs/src/lin_alg.c:14) [30]  (0.993 ns)

 <State 6>: 5.43ns
The critical path consists of the following:
	'fcmp' operation ('tmp_44', srcs/src/lin_alg.c:14) [44]  (5.43 ns)

 <State 7>: 7.11ns
The critical path consists of the following:
	'fcmp' operation ('tmp_44', srcs/src/lin_alg.c:14) [44]  (5.43 ns)
	'and' operation ('and_ln14_9', srcs/src/lin_alg.c:14) [45]  (0.978 ns)
	'select' operation ('max', srcs/src/lin_alg.c:14) [46]  (0.698 ns)

 <State 8>: 6.41ns
The critical path consists of the following:
	'fcmp' operation ('tmp_s', srcs/src/auxil.c:158) [55]  (5.43 ns)
	'and' operation ('and_ln158', srcs/src/auxil.c:158) [56]  (0.978 ns)

 <State 9>: 5.7ns
The critical path consists of the following:
	'fmul' operation ('mul4', srcs/src/auxil.c:159) [79]  (5.7 ns)

 <State 10>: 2.32ns
The critical path consists of the following:
	'load' operation ('qdata_load', srcs/src/lin_alg.c:49) on array 'qdata' [71]  (2.32 ns)

 <State 11>: 5.7ns
The critical path consists of the following:
	'fmul' operation ('mul_i', srcs/src/lin_alg.c:49) [74]  (5.7 ns)

 <State 12>: 5.7ns
The critical path consists of the following:
	'fmul' operation ('mul_i', srcs/src/lin_alg.c:49) [74]  (5.7 ns)

 <State 13>: 5.7ns
The critical path consists of the following:
	'fmul' operation ('mul_i', srcs/src/lin_alg.c:49) [74]  (5.7 ns)

 <State 14>: 5.7ns
The critical path consists of the following:
	'fmul' operation ('mul_i', srcs/src/lin_alg.c:49) [74]  (5.7 ns)

 <State 15>: 6.54ns
The critical path consists of the following:
	'facc' operation ('prod', srcs/src/lin_alg.c:49) [76]  (6.54 ns)

 <State 16>: 6.54ns
The critical path consists of the following:
	'facc' operation ('prod', srcs/src/lin_alg.c:49) [76]  (6.54 ns)

 <State 17>: 6.54ns
The critical path consists of the following:
	'facc' operation ('prod', srcs/src/lin_alg.c:49) [76]  (6.54 ns)

 <State 18>: 6.54ns
The critical path consists of the following:
	'facc' operation ('prod', srcs/src/lin_alg.c:49) [76]  (6.54 ns)

 <State 19>: 6.54ns
The critical path consists of the following:
	'facc' operation ('prod', srcs/src/lin_alg.c:49) [76]  (6.54 ns)

 <State 20>: 6.54ns
The critical path consists of the following:
	'facc' operation ('prod', srcs/src/lin_alg.c:49) [76]  (6.54 ns)

 <State 21>: 5.7ns
The critical path consists of the following:
	'fmul' operation ('mul4', srcs/src/auxil.c:159) [79]  (5.7 ns)

 <State 22>: 5.7ns
The critical path consists of the following:
	'fmul' operation ('mul4', srcs/src/auxil.c:159) [79]  (5.7 ns)

 <State 23>: 5.7ns
The critical path consists of the following:
	'fmul' operation ('mul4', srcs/src/auxil.c:159) [79]  (5.7 ns)

 <State 24>: 5.43ns
The critical path consists of the following:
	'fcmp' operation ('tmp_47', srcs/src/auxil.c:159) [93]  (5.43 ns)

 <State 25>: 6.41ns
The critical path consists of the following:
	'fcmp' operation ('tmp_47', srcs/src/auxil.c:159) [93]  (5.43 ns)
	'and' operation ('and_ln159_1', srcs/src/auxil.c:159) [94]  (0.978 ns)

 <State 26>: 0ns
The critical path consists of the following:


============================================================
+ Verbose Summary: Binding
============================================================
N/A
* FSMD analyzer results:
  - Output states:
 - Input state : 
  - Chain level:
	State 1
	State 2
	State 3
	State 4
	State 5
	State 6
	State 7
	State 8
	State 9
	State 10
	State 11
	State 12
	State 13
	State 14
	State 15
	State 16
	State 17
	State 18
	State 19
	State 20
	State 21
	State 22
	State 23
	State 24
	State 25
	State 26


============================================================
+ Verbose Summary: Datapath Resource usage 
============================================================
N/A
