

================================================================
== Vitis HLS Report for 'solve_linsys_qdldl'
================================================================
* Date:           Sat Feb  7 11:28:44 2026

* Version:        2020.2 (Build 3064766 on Wed Nov 18 09:12:45 MST 2020)
* Project:        hls_project
* Solution:       solution1 (Vivado IP Flow Target)
* Product family: zynq
* Target device:  xc7z020-clg484-1


================================================================
== Performance Estimates
================================================================
+ Timing: 
    * Summary: 
    +--------+----------+-----------+------------+
    |  Clock |  Target  | Estimated | Uncertainty|
    +--------+----------+-----------+------------+
    |ap_clk  |  10.00 ns|  14.512 ns|     2.70 ns|
    +--------+----------+-----------+------------+

+ Latency: 
    * Summary: 
    +---------+---------+----------+----------+-----+-----+---------+
    |  Latency (cycles) |  Latency (absolute) |  Interval | Pipeline|
    |   min   |   max   |    min   |    max   | min | max |   Type  |
    +---------+---------+----------+----------+-----+-----+---------+
    |        ?|        ?|         ?|         ?|    ?|    ?|     none|
    +---------+---------+----------+----------+-----+-----+---------+

    + Detail: 
        * Instance: 
        N/A

        * Loop: 
        +---------------------+---------+---------+----------+-----------+-----------+------+----------+
        |                     |  Latency (cycles) | Iteration|  Initiation Interval  | Trip |          |
        |      Loop Name      |   min   |   max   |  Latency |  achieved |   target  | Count| Pipelined|
        +---------------------+---------+---------+----------+-----------+-----------+------+----------+
        |- VITIS_LOOP_12_1    |      102|      102|         3|          -|          -|    34|        no|
        |- VITIS_LOOP_243_1   |        ?|        ?|         ?|          -|          -|    34|        no|
        | + VITIS_LOOP_245_2  |        ?|        ?|        12|          6|          1|     ?|       yes|
        |- VITIS_LOOP_279_1   |       39|       39|         7|          1|          1|    34|       yes|
        |- VITIS_LOOP_259_1   |        ?|        ?|         ?|          -|          -|    34|        no|
        | + VITIS_LOOP_261_2  |        ?|        ?|        12|          4|          1|     ?|       yes|
        |- VITIS_LOOP_17_1    |       34|       34|         2|          1|          1|    34|       yes|
        |- VITIS_LOOP_37_1    |       15|       15|         2|          1|          1|    15|       yes|
        |- VITIS_LOOP_41_2    |       29|       29|        12|          1|          1|    19|       yes|
        +---------------------+---------+---------+----------+-----------+-----------+------+----------+

============================================================
+ Verbose Summary: Synthesis Manager
============================================================
InlineROM: 1
ExposeGlobal: 0
============================================================
+ Verbose Summary: CDFG Model
============================================================
IsTopModel: 0
ResetActiveHigh: 1
IsCombinational: 0
IsDatapathOnly: 0
HasWiredReturn: 1
HasMFsm: 0
HasVarLatency: 1
IsPipeline: 0
IsRtlPipelined: 0
IsInstanceOverlapped: 0
IsDontTouch: 0
HasImplIP: 0
IsGatedGlobalClock: 0

+ Individual pipeline summary: 
  * Pipeline-0: initiation interval (II) = 6, depth = 12
  * Pipeline-1: initiation interval (II) = 1, depth = 7
  * Pipeline-2: initiation interval (II) = 4, depth = 12
  * Pipeline-3: initiation interval (II) = 1, depth = 2
  * Pipeline-4: initiation interval (II) = 1, depth = 2
  * Pipeline-5: initiation interval (II) = 1, depth = 12


============================================================
+ Verbose Summary: Schedule
============================================================
* Number of FSM states : 61
* Pipeline : 6
  Pipeline-0 : II = 6, D = 12, States = { 7 8 9 10 11 12 13 14 15 16 17 18 }
  Pipeline-1 : II = 1, D = 7, States = { 20 21 22 23 24 25 26 }
  Pipeline-2 : II = 4, D = 12, States = { 30 31 32 33 34 35 36 37 38 39 40 41 }
  Pipeline-3 : II = 1, D = 2, States = { 43 44 }
  Pipeline-4 : II = 1, D = 2, States = { 46 47 }
  Pipeline-5 : II = 1, D = 12, States = { 49 50 51 52 53 54 55 56 57 58 59 60 }
* Dataflow Pipeline: 0

* FSM state transitions: 
1 --> 2 
2 --> 3 5 
3 --> 4 
4 --> 2 
5 --> 6 20 
6 --> 7 
7 --> 19 8 
8 --> 9 
9 --> 10 
10 --> 11 
11 --> 12 
12 --> 13 
13 --> 14 
14 --> 15 
15 --> 16 
16 --> 17 
17 --> 18 
18 --> 7 
19 --> 5 
20 --> 27 21 
21 --> 22 
22 --> 23 
23 --> 24 
24 --> 25 
25 --> 26 
26 --> 20 
27 --> 28 
28 --> 29 43 
29 --> 30 
30 --> 31 
31 --> 32 
32 --> 33 
33 --> 34 
34 --> 35 
35 --> 36 
36 --> 42 37 
37 --> 38 
38 --> 39 
39 --> 40 
40 --> 41 
41 --> 30 
42 --> 28 
43 --> 45 44 
44 --> 43 
45 --> 46 
46 --> 48 47 
47 --> 46 
48 --> 49 
49 --> 61 50 
50 --> 51 
51 --> 52 
52 --> 53 
53 --> 54 
54 --> 55 
55 --> 56 
56 --> 57 
57 --> 58 
58 --> 59 
59 --> 60 
60 --> 49 
61 --> 

* FSM state operations: 

State 1 <SV = 0> <Delay = 1.58>
ST_1 : Operation 62 [1/1] (0.00ns)   --->   "%reuse_addr_reg = alloca i32 1"   --->   Operation 62 'alloca' 'reuse_addr_reg' <Predicate = true> <Delay = 0.00>
ST_1 : Operation 63 [1/1] (0.00ns)   --->   "%reuse_reg = alloca i32 1"   --->   Operation 63 'alloca' 'reuse_reg' <Predicate = true> <Delay = 0.00>
ST_1 : Operation 64 [1/1] (1.58ns)   --->   "%br_ln12 = br void" [srcs/src/qdldl_interface.c:12]   --->   Operation 64 'br' 'br_ln12' <Predicate = true> <Delay = 1.58>

State 2 <SV = 1> <Delay = 2.32>
ST_2 : Operation 65 [1/1] (0.00ns)   --->   "%j = phi i6 0, void, i6 %j_1, void %.split16"   --->   Operation 65 'phi' 'j' <Predicate = true> <Delay = 0.00>
ST_2 : Operation 66 [1/1] (1.82ns)   --->   "%j_1 = add i6 %j, i6 1" [srcs/src/qdldl_interface.c:12]   --->   Operation 66 'add' 'j_1' <Predicate = true> <Delay = 1.82> <CoreInst = "Adder">   --->   Core 1 'Adder' <Latency = 0> <II = 1> <Delay = 1.87> <FuncUnit> <Opcode : 'add' 'sub'> <InPorts = 2> <OutPorts = 1>
ST_2 : Operation 67 [1/1] (0.00ns)   --->   "%zext_ln12 = zext i6 %j" [srcs/src/qdldl_interface.c:12]   --->   Operation 67 'zext' 'zext_ln12' <Predicate = true> <Delay = 0.00>
ST_2 : Operation 68 [1/1] (1.42ns)   --->   "%icmp_ln12 = icmp_eq  i6 %j, i6 34" [srcs/src/qdldl_interface.c:12]   --->   Operation 68 'icmp' 'icmp_ln12' <Predicate = true> <Delay = 1.42> <CoreInst = "Cmp">   --->   Core 9 'Cmp' <Latency = 0> <II = 1> <Delay = 1.42> <FuncUnit> <Opcode : 'icmp'> <InPorts = 2> <OutPorts = 1>
ST_2 : Operation 69 [1/1] (0.00ns)   --->   "%empty = speclooptripcount i32 @_ssdm_op_SpecLoopTripCount, i64 34, i64 34, i64 34"   --->   Operation 69 'speclooptripcount' 'empty' <Predicate = true> <Delay = 0.00>
ST_2 : Operation 70 [1/1] (0.00ns)   --->   "%br_ln12 = br i1 %icmp_ln12, void %.split16, void %permute_x.exit.i.preheader" [srcs/src/qdldl_interface.c:12]   --->   Operation 70 'br' 'br_ln12' <Predicate = true> <Delay = 0.00>
ST_2 : Operation 71 [1/1] (0.00ns)   --->   "%linsys_solver_P_addr = getelementptr i6 %linsys_solver_P, i64 0, i64 %zext_ln12" [srcs/src/qdldl_interface.c:12]   --->   Operation 71 'getelementptr' 'linsys_solver_P_addr' <Predicate = (!icmp_ln12)> <Delay = 0.00>
ST_2 : Operation 72 [2/2] (2.32ns)   --->   "%linsys_solver_P_load = load i6 %linsys_solver_P_addr" [srcs/src/qdldl_interface.c:12]   --->   Operation 72 'load' 'linsys_solver_P_load' <Predicate = (!icmp_ln12)> <Delay = 2.32> <CoreInst = "ROM">   --->   Core 95 'ROM' <Latency = 1> <II = 1> <Delay = 2.32> <Storage> <Opcode : 'load'> <Ports = 0> <Width = 6> <Depth = 34> <ROM>
ST_2 : Operation 73 [1/1] (1.58ns)   --->   "%br_ln243 = br void %permute_x.exit.i" [srcs/src/qdldl.c:243]   --->   Operation 73 'br' 'br_ln243' <Predicate = (icmp_ln12)> <Delay = 1.58>

State 3 <SV = 2> <Delay = 5.57>
ST_3 : Operation 74 [1/2] (2.32ns)   --->   "%linsys_solver_P_load = load i6 %linsys_solver_P_addr" [srcs/src/qdldl_interface.c:12]   --->   Operation 74 'load' 'linsys_solver_P_load' <Predicate = true> <Delay = 2.32> <CoreInst = "ROM">   --->   Core 95 'ROM' <Latency = 1> <II = 1> <Delay = 2.32> <Storage> <Opcode : 'load'> <Ports = 0> <Width = 6> <Depth = 34> <ROM>
ST_3 : Operation 75 [1/1] (0.00ns)   --->   "%zext_ln12_1 = zext i6 %linsys_solver_P_load" [srcs/src/qdldl_interface.c:12]   --->   Operation 75 'zext' 'zext_ln12_1' <Predicate = true> <Delay = 0.00>
ST_3 : Operation 76 [1/1] (0.00ns)   --->   "%work_xz_tilde_addr = getelementptr i32 %work_xz_tilde, i64 0, i64 %zext_ln12_1" [srcs/src/qdldl_interface.c:12]   --->   Operation 76 'getelementptr' 'work_xz_tilde_addr' <Predicate = true> <Delay = 0.00>
ST_3 : Operation 77 [2/2] (3.25ns)   --->   "%work_xz_tilde_load = load i6 %work_xz_tilde_addr" [srcs/src/qdldl_interface.c:12]   --->   Operation 77 'load' 'work_xz_tilde_load' <Predicate = true> <Delay = 3.25> <CoreInst = "RAM">   --->   Core 82 'RAM' <Latency = 1> <II = 1> <Delay = 3.25> <Storage> <Opcode : 'load' 'store'> <Ports = 2> <Width = 32> <Depth = 34> <RAM>

State 4 <SV = 3> <Delay = 6.50>
ST_4 : Operation 78 [1/1] (0.00ns)   --->   "%specloopname_ln11 = specloopname void @_ssdm_op_SpecLoopName, void @empty_46" [srcs/src/qdldl_interface.c:11]   --->   Operation 78 'specloopname' 'specloopname_ln11' <Predicate = true> <Delay = 0.00>
ST_4 : Operation 79 [1/2] (3.25ns)   --->   "%work_xz_tilde_load = load i6 %work_xz_tilde_addr" [srcs/src/qdldl_interface.c:12]   --->   Operation 79 'load' 'work_xz_tilde_load' <Predicate = true> <Delay = 3.25> <CoreInst = "RAM">   --->   Core 82 'RAM' <Latency = 1> <II = 1> <Delay = 3.25> <Storage> <Opcode : 'load' 'store'> <Ports = 2> <Width = 32> <Depth = 34> <RAM>
ST_4 : Operation 80 [1/1] (0.00ns)   --->   "%linsys_solver_bp_addr = getelementptr i32 %linsys_solver_bp, i64 0, i64 %zext_ln12" [srcs/src/qdldl_interface.c:12]   --->   Operation 80 'getelementptr' 'linsys_solver_bp_addr' <Predicate = true> <Delay = 0.00>
ST_4 : Operation 81 [1/1] (3.25ns)   --->   "%store_ln12 = store i32 %work_xz_tilde_load, i6 %linsys_solver_bp_addr" [srcs/src/qdldl_interface.c:12]   --->   Operation 81 'store' 'store_ln12' <Predicate = true> <Delay = 3.25> <CoreInst = "RAM">   --->   Core 82 'RAM' <Latency = 1> <II = 1> <Delay = 3.25> <Storage> <Opcode : 'load' 'store'> <Ports = 2> <Width = 32> <Depth = 34> <RAM>
ST_4 : Operation 82 [1/1] (0.00ns)   --->   "%br_ln0 = br void"   --->   Operation 82 'br' 'br_ln0' <Predicate = true> <Delay = 0.00>

State 5 <SV = 2> <Delay = 4.14>
ST_5 : Operation 83 [1/1] (0.00ns)   --->   "%i = phi i6 %i_3, void %._crit_edge.i.i.i.loopexit, i6 0, void %permute_x.exit.i.preheader"   --->   Operation 83 'phi' 'i' <Predicate = true> <Delay = 0.00>
ST_5 : Operation 84 [1/1] (1.82ns)   --->   "%i_3 = add i6 %i, i6 1"   --->   Operation 84 'add' 'i_3' <Predicate = true> <Delay = 1.82> <CoreInst = "Adder">   --->   Core 1 'Adder' <Latency = 0> <II = 1> <Delay = 1.87> <FuncUnit> <Opcode : 'add' 'sub'> <InPorts = 2> <OutPorts = 1>
ST_5 : Operation 85 [1/1] (1.42ns)   --->   "%icmp_ln243 = icmp_eq  i6 %i, i6 34" [srcs/src/qdldl.c:243]   --->   Operation 85 'icmp' 'icmp_ln243' <Predicate = true> <Delay = 1.42> <CoreInst = "Cmp">   --->   Core 9 'Cmp' <Latency = 0> <II = 1> <Delay = 1.42> <FuncUnit> <Opcode : 'icmp'> <InPorts = 2> <OutPorts = 1>
ST_5 : Operation 86 [1/1] (0.00ns)   --->   "%empty_66 = speclooptripcount i32 @_ssdm_op_SpecLoopTripCount, i64 34, i64 34, i64 34"   --->   Operation 86 'speclooptripcount' 'empty_66' <Predicate = true> <Delay = 0.00>
ST_5 : Operation 87 [1/1] (0.00ns)   --->   "%br_ln243 = br i1 %icmp_ln243, void %.split14, void %QDLDL_Lsolve.exit.i.i.preheader" [srcs/src/qdldl.c:243]   --->   Operation 87 'br' 'br_ln243' <Predicate = true> <Delay = 0.00>
ST_5 : Operation 88 [1/1] (0.00ns)   --->   "%zext_ln243 = zext i6 %i" [srcs/src/qdldl.c:243]   --->   Operation 88 'zext' 'zext_ln243' <Predicate = (!icmp_ln243)> <Delay = 0.00>
ST_5 : Operation 89 [1/1] (0.00ns)   --->   "%linsys_solver_bp_addr_1 = getelementptr i32 %linsys_solver_bp, i64 0, i64 %zext_ln243" [srcs/src/qdldl.c:244]   --->   Operation 89 'getelementptr' 'linsys_solver_bp_addr_1' <Predicate = (!icmp_ln243)> <Delay = 0.00>
ST_5 : Operation 90 [2/2] (3.25ns)   --->   "%val = load i6 %linsys_solver_bp_addr_1" [srcs/src/qdldl.c:244]   --->   Operation 90 'load' 'val' <Predicate = (!icmp_ln243)> <Delay = 3.25> <CoreInst = "RAM">   --->   Core 82 'RAM' <Latency = 1> <II = 1> <Delay = 3.25> <Storage> <Opcode : 'load' 'store'> <Ports = 2> <Width = 32> <Depth = 34> <RAM>
ST_5 : Operation 91 [1/1] (0.00ns)   --->   "%linsys_solver_L_p_addr = getelementptr i6 %linsys_solver_L_p, i64 0, i64 %zext_ln243" [srcs/src/qdldl.c:245]   --->   Operation 91 'getelementptr' 'linsys_solver_L_p_addr' <Predicate = (!icmp_ln243)> <Delay = 0.00>
ST_5 : Operation 92 [2/2] (2.32ns)   --->   "%j_2 = load i6 %linsys_solver_L_p_addr" [srcs/src/qdldl.c:245]   --->   Operation 92 'load' 'j_2' <Predicate = (!icmp_ln243)> <Delay = 2.32> <CoreInst = "RAM">   --->   Core 82 'RAM' <Latency = 1> <II = 1> <Delay = 2.32> <Storage> <Opcode : 'load' 'store'> <Ports = 2> <Width = 6> <Depth = 35> <RAM>
ST_5 : Operation 93 [1/1] (0.00ns)   --->   "%i_3_cast = zext i6 %i_3"   --->   Operation 93 'zext' 'i_3_cast' <Predicate = (!icmp_ln243)> <Delay = 0.00>
ST_5 : Operation 94 [1/1] (0.00ns)   --->   "%linsys_solver_L_p_addr_1 = getelementptr i6 %linsys_solver_L_p, i64 0, i64 %i_3_cast"   --->   Operation 94 'getelementptr' 'linsys_solver_L_p_addr_1' <Predicate = (!icmp_ln243)> <Delay = 0.00>
ST_5 : Operation 95 [2/2] (2.32ns)   --->   "%linsys_solver_L_p_load = load i6 %linsys_solver_L_p_addr_1"   --->   Operation 95 'load' 'linsys_solver_L_p_load' <Predicate = (!icmp_ln243)> <Delay = 2.32> <CoreInst = "RAM">   --->   Core 82 'RAM' <Latency = 1> <II = 1> <Delay = 2.32> <Storage> <Opcode : 'load' 'store'> <Ports = 2> <Width = 6> <Depth = 35> <RAM>
ST_5 : Operation 96 [1/1] (1.58ns)   --->   "%store_ln0 = store i32 0, i32 %reuse_reg"   --->   Operation 96 'store' 'store_ln0' <Predicate = (!icmp_ln243)> <Delay = 1.58>
ST_5 : Operation 97 [1/1] (1.58ns)   --->   "%store_ln0 = store i64 18446744073709551615, i64 %reuse_addr_reg"   --->   Operation 97 'store' 'store_ln0' <Predicate = (!icmp_ln243)> <Delay = 1.58>
ST_5 : Operation 98 [1/1] (1.58ns)   --->   "%br_ln0 = br void %QDLDL_Lsolve.exit.i.i"   --->   Operation 98 'br' 'br_ln0' <Predicate = (icmp_ln243)> <Delay = 1.58>

State 6 <SV = 3> <Delay = 3.25>
ST_6 : Operation 99 [1/1] (0.00ns)   --->   "%specloopname_ln242 = specloopname void @_ssdm_op_SpecLoopName, void @empty_45" [srcs/src/qdldl.c:242]   --->   Operation 99 'specloopname' 'specloopname_ln242' <Predicate = true> <Delay = 0.00>
ST_6 : Operation 100 [1/2] (3.25ns)   --->   "%val = load i6 %linsys_solver_bp_addr_1" [srcs/src/qdldl.c:244]   --->   Operation 100 'load' 'val' <Predicate = true> <Delay = 3.25> <CoreInst = "RAM">   --->   Core 82 'RAM' <Latency = 1> <II = 1> <Delay = 3.25> <Storage> <Opcode : 'load' 'store'> <Ports = 2> <Width = 32> <Depth = 34> <RAM>
ST_6 : Operation 101 [1/2] (2.32ns)   --->   "%j_2 = load i6 %linsys_solver_L_p_addr" [srcs/src/qdldl.c:245]   --->   Operation 101 'load' 'j_2' <Predicate = true> <Delay = 2.32> <CoreInst = "RAM">   --->   Core 82 'RAM' <Latency = 1> <II = 1> <Delay = 2.32> <Storage> <Opcode : 'load' 'store'> <Ports = 2> <Width = 6> <Depth = 35> <RAM>
ST_6 : Operation 102 [1/1] (0.00ns)   --->   "%zext_ln242 = zext i6 %j_2" [srcs/src/qdldl.c:242]   --->   Operation 102 'zext' 'zext_ln242' <Predicate = true> <Delay = 0.00>
ST_6 : Operation 103 [1/2] (2.32ns)   --->   "%linsys_solver_L_p_load = load i6 %linsys_solver_L_p_addr_1"   --->   Operation 103 'load' 'linsys_solver_L_p_load' <Predicate = true> <Delay = 2.32> <CoreInst = "RAM">   --->   Core 82 'RAM' <Latency = 1> <II = 1> <Delay = 2.32> <Storage> <Opcode : 'load' 'store'> <Ports = 2> <Width = 6> <Depth = 35> <RAM>
ST_6 : Operation 104 [1/1] (0.00ns)   --->   "%zext_ln245 = zext i6 %linsys_solver_L_p_load" [srcs/src/qdldl.c:245]   --->   Operation 104 'zext' 'zext_ln245' <Predicate = true> <Delay = 0.00>
ST_6 : Operation 105 [1/1] (1.58ns)   --->   "%br_ln245 = br void" [srcs/src/qdldl.c:245]   --->   Operation 105 'br' 'br_ln245' <Predicate = true> <Delay = 1.58>

State 7 <SV = 4> <Delay = 3.25>
ST_7 : Operation 106 [1/1] (0.00ns)   --->   "%j_3 = phi i64 %zext_ln242, void %.split14, i64 %j_4, void %.split12"   --->   Operation 106 'phi' 'j_3' <Predicate = true> <Delay = 0.00>
ST_7 : Operation 107 [1/1] (0.00ns)   --->   "%specpipeline_ln0 = specpipeline void @_ssdm_op_SpecPipeline, i32 4294967295, i32 0, i32 1, i32 0, void @p_str29"   --->   Operation 107 'specpipeline' 'specpipeline_ln0' <Predicate = true> <Delay = 0.00>
ST_7 : Operation 108 [1/1] (2.77ns)   --->   "%icmp_ln245 = icmp_slt  i64 %j_3, i64 %zext_ln245" [srcs/src/qdldl.c:245]   --->   Operation 108 'icmp' 'icmp_ln245' <Predicate = true> <Delay = 2.77> <CoreInst = "Cmp">   --->   Core 9 'Cmp' <Latency = 0> <II = 1> <Delay = 1.42> <FuncUnit> <Opcode : 'icmp'> <InPorts = 2> <OutPorts = 1>
ST_7 : Operation 109 [1/1] (0.00ns)   --->   "%br_ln245 = br i1 %icmp_ln245, void %._crit_edge.i.i.i.loopexit, void %.split12" [srcs/src/qdldl.c:245]   --->   Operation 109 'br' 'br_ln245' <Predicate = true> <Delay = 0.00>
ST_7 : Operation 110 [1/1] (0.00ns)   --->   "%linsys_solver_L_x_addr = getelementptr i32 %linsys_solver_L_x, i64 0, i64 %j_3" [srcs/src/qdldl.c:246]   --->   Operation 110 'getelementptr' 'linsys_solver_L_x_addr' <Predicate = (icmp_ln245)> <Delay = 0.00>
ST_7 : Operation 111 [2/2] (3.25ns)   --->   "%linsys_solver_L_x_load = load i6 %linsys_solver_L_x_addr" [srcs/src/qdldl.c:246]   --->   Operation 111 'load' 'linsys_solver_L_x_load' <Predicate = (icmp_ln245)> <Delay = 3.25> <CoreInst = "RAM">   --->   Core 82 'RAM' <Latency = 1> <II = 1> <Delay = 3.25> <Storage> <Opcode : 'load' 'store'> <Ports = 2> <Width = 32> <Depth = 57> <RAM>
ST_7 : Operation 112 [1/1] (0.00ns)   --->   "%linsys_solver_L_i_addr = getelementptr i6 %linsys_solver_L_i, i64 0, i64 %j_3" [srcs/src/qdldl.c:246]   --->   Operation 112 'getelementptr' 'linsys_solver_L_i_addr' <Predicate = (icmp_ln245)> <Delay = 0.00>
ST_7 : Operation 113 [2/2] (2.32ns)   --->   "%linsys_solver_L_i_load = load i6 %linsys_solver_L_i_addr" [srcs/src/qdldl.c:246]   --->   Operation 113 'load' 'linsys_solver_L_i_load' <Predicate = (icmp_ln245)> <Delay = 2.32> <CoreInst = "RAM">   --->   Core 82 'RAM' <Latency = 1> <II = 1> <Delay = 2.32> <Storage> <Opcode : 'load' 'store'> <Ports = 2> <Width = 6> <Depth = 57> <RAM>

State 8 <SV = 5> <Delay = 5.57>
ST_8 : Operation 114 [1/2] (3.25ns)   --->   "%linsys_solver_L_x_load = load i6 %linsys_solver_L_x_addr" [srcs/src/qdldl.c:246]   --->   Operation 114 'load' 'linsys_solver_L_x_load' <Predicate = (icmp_ln245)> <Delay = 3.25> <CoreInst = "RAM">   --->   Core 82 'RAM' <Latency = 1> <II = 1> <Delay = 3.25> <Storage> <Opcode : 'load' 'store'> <Ports = 2> <Width = 32> <Depth = 57> <RAM>
ST_8 : Operation 115 [1/2] (2.32ns)   --->   "%linsys_solver_L_i_load = load i6 %linsys_solver_L_i_addr" [srcs/src/qdldl.c:246]   --->   Operation 115 'load' 'linsys_solver_L_i_load' <Predicate = (icmp_ln245)> <Delay = 2.32> <CoreInst = "RAM">   --->   Core 82 'RAM' <Latency = 1> <II = 1> <Delay = 2.32> <Storage> <Opcode : 'load' 'store'> <Ports = 2> <Width = 6> <Depth = 57> <RAM>
ST_8 : Operation 116 [1/1] (0.00ns)   --->   "%zext_ln246 = zext i6 %linsys_solver_L_i_load" [srcs/src/qdldl.c:246]   --->   Operation 116 'zext' 'zext_ln246' <Predicate = (icmp_ln245)> <Delay = 0.00>
ST_8 : Operation 117 [1/1] (0.00ns)   --->   "%linsys_solver_bp_addr_3 = getelementptr i32 %linsys_solver_bp, i64 0, i64 %zext_ln246" [srcs/src/qdldl.c:246]   --->   Operation 117 'getelementptr' 'linsys_solver_bp_addr_3' <Predicate = (icmp_ln245)> <Delay = 0.00>
ST_8 : Operation 118 [1/1] (0.00ns)   --->   "%reuse_addr_reg_load = load i64 %reuse_addr_reg"   --->   Operation 118 'load' 'reuse_addr_reg_load' <Predicate = (icmp_ln245)> <Delay = 0.00>
ST_8 : Operation 119 [2/2] (3.25ns)   --->   "%linsys_solver_bp_load_1 = load i6 %linsys_solver_bp_addr_3" [srcs/src/qdldl.c:246]   --->   Operation 119 'load' 'linsys_solver_bp_load_1' <Predicate = (icmp_ln245)> <Delay = 3.25> <CoreInst = "RAM">   --->   Core 82 'RAM' <Latency = 1> <II = 1> <Delay = 3.25> <Storage> <Opcode : 'load' 'store'> <Ports = 2> <Width = 32> <Depth = 34> <RAM>
ST_8 : Operation 120 [1/1] (2.77ns)   --->   "%addr_cmp = icmp_eq  i64 %reuse_addr_reg_load, i64 %zext_ln246" [srcs/src/qdldl.c:246]   --->   Operation 120 'icmp' 'addr_cmp' <Predicate = (icmp_ln245)> <Delay = 2.77> <CoreInst = "Cmp">   --->   Core 9 'Cmp' <Latency = 0> <II = 1> <Delay = 1.42> <FuncUnit> <Opcode : 'icmp'> <InPorts = 2> <OutPorts = 1>
ST_8 : Operation 121 [1/1] (1.58ns)   --->   "%store_ln246 = store i64 %zext_ln246, i64 %reuse_addr_reg" [srcs/src/qdldl.c:246]   --->   Operation 121 'store' 'store_ln246' <Predicate = (icmp_ln245)> <Delay = 1.58>

State 9 <SV = 6> <Delay = 5.70>
ST_9 : Operation 122 [4/4] (5.70ns)   --->   "%mul_i_i_i = fmul i32 %linsys_solver_L_x_load, i32 %val" [srcs/src/qdldl.c:246]   --->   Operation 122 'fmul' 'mul_i_i_i' <Predicate = (icmp_ln245)> <Delay = 5.70> <CoreInst = "FMul_maxdsp">   --->   Core 30 'FMul_maxdsp' <Latency = 3> <II = 1> <Delay = 5.70> <FuncUnit> <Opcode : 'fmul'> <InPorts = 2> <OutPorts = 1>
ST_9 : Operation 123 [1/2] (3.25ns)   --->   "%linsys_solver_bp_load_1 = load i6 %linsys_solver_bp_addr_3" [srcs/src/qdldl.c:246]   --->   Operation 123 'load' 'linsys_solver_bp_load_1' <Predicate = (icmp_ln245)> <Delay = 3.25> <CoreInst = "RAM">   --->   Core 82 'RAM' <Latency = 1> <II = 1> <Delay = 3.25> <Storage> <Opcode : 'load' 'store'> <Ports = 2> <Width = 32> <Depth = 34> <RAM>

State 10 <SV = 7> <Delay = 5.70>
ST_10 : Operation 124 [3/4] (5.70ns)   --->   "%mul_i_i_i = fmul i32 %linsys_solver_L_x_load, i32 %val" [srcs/src/qdldl.c:246]   --->   Operation 124 'fmul' 'mul_i_i_i' <Predicate = (icmp_ln245)> <Delay = 5.70> <CoreInst = "FMul_maxdsp">   --->   Core 30 'FMul_maxdsp' <Latency = 3> <II = 1> <Delay = 5.70> <FuncUnit> <Opcode : 'fmul'> <InPorts = 2> <OutPorts = 1>

State 11 <SV = 8> <Delay = 5.70>
ST_11 : Operation 125 [2/4] (5.70ns)   --->   "%mul_i_i_i = fmul i32 %linsys_solver_L_x_load, i32 %val" [srcs/src/qdldl.c:246]   --->   Operation 125 'fmul' 'mul_i_i_i' <Predicate = (icmp_ln245)> <Delay = 5.70> <CoreInst = "FMul_maxdsp">   --->   Core 30 'FMul_maxdsp' <Latency = 3> <II = 1> <Delay = 5.70> <FuncUnit> <Opcode : 'fmul'> <InPorts = 2> <OutPorts = 1>

State 12 <SV = 9> <Delay = 5.70>
ST_12 : Operation 126 [1/4] (5.70ns)   --->   "%mul_i_i_i = fmul i32 %linsys_solver_L_x_load, i32 %val" [srcs/src/qdldl.c:246]   --->   Operation 126 'fmul' 'mul_i_i_i' <Predicate = (icmp_ln245)> <Delay = 5.70> <CoreInst = "FMul_maxdsp">   --->   Core 30 'FMul_maxdsp' <Latency = 3> <II = 1> <Delay = 5.70> <FuncUnit> <Opcode : 'fmul'> <InPorts = 2> <OutPorts = 1>
ST_12 : Operation 127 [1/1] (0.00ns)   --->   "%reuse_reg_load = load i32 %reuse_reg"   --->   Operation 127 'load' 'reuse_reg_load' <Predicate = (icmp_ln245 & addr_cmp)> <Delay = 0.00>
ST_12 : Operation 128 [1/1] (0.69ns)   --->   "%reuse_select = select i1 %addr_cmp, i32 %reuse_reg_load, i32 %linsys_solver_bp_load_1" [srcs/src/qdldl.c:246]   --->   Operation 128 'select' 'reuse_select' <Predicate = (icmp_ln245)> <Delay = 0.69> <CoreInst = "Sel">   --->   Core 73 'Sel' <Latency = 0> <II = 1> <Delay = 0.69> <FuncUnit> <Opcode : 'select'> <InPorts = 3> <OutPorts = 1>
ST_12 : Operation 129 [1/1] (3.52ns)   --->   "%j_4 = add i64 %j_3, i64 1" [srcs/src/qdldl.c:245]   --->   Operation 129 'add' 'j_4' <Predicate = (icmp_ln245)> <Delay = 3.52> <CoreInst = "Adder">   --->   Core 1 'Adder' <Latency = 0> <II = 1> <Delay = 1.87> <FuncUnit> <Opcode : 'add' 'sub'> <InPorts = 2> <OutPorts = 1>

State 13 <SV = 10> <Delay = 7.25>
ST_13 : Operation 130 [5/5] (7.25ns)   --->   "%sub_i_i_i = fsub i32 %reuse_select, i32 %mul_i_i_i" [srcs/src/qdldl.c:246]   --->   Operation 130 'fsub' 'sub_i_i_i' <Predicate = (icmp_ln245)> <Delay = 7.25> <CoreInst = "FAddSub_fulldsp">   --->   Core 18 'FAddSub_fulldsp' <Latency = 4> <II = 1> <Delay = 7.25> <FuncUnit> <Opcode : 'fadd' 'fsub'> <InPorts = 2> <OutPorts = 1>

State 14 <SV = 11> <Delay = 7.25>
ST_14 : Operation 131 [4/5] (7.25ns)   --->   "%sub_i_i_i = fsub i32 %reuse_select, i32 %mul_i_i_i" [srcs/src/qdldl.c:246]   --->   Operation 131 'fsub' 'sub_i_i_i' <Predicate = (icmp_ln245)> <Delay = 7.25> <CoreInst = "FAddSub_fulldsp">   --->   Core 18 'FAddSub_fulldsp' <Latency = 4> <II = 1> <Delay = 7.25> <FuncUnit> <Opcode : 'fadd' 'fsub'> <InPorts = 2> <OutPorts = 1>

State 15 <SV = 12> <Delay = 7.25>
ST_15 : Operation 132 [3/5] (7.25ns)   --->   "%sub_i_i_i = fsub i32 %reuse_select, i32 %mul_i_i_i" [srcs/src/qdldl.c:246]   --->   Operation 132 'fsub' 'sub_i_i_i' <Predicate = (icmp_ln245)> <Delay = 7.25> <CoreInst = "FAddSub_fulldsp">   --->   Core 18 'FAddSub_fulldsp' <Latency = 4> <II = 1> <Delay = 7.25> <FuncUnit> <Opcode : 'fadd' 'fsub'> <InPorts = 2> <OutPorts = 1>

State 16 <SV = 13> <Delay = 7.25>
ST_16 : Operation 133 [2/5] (7.25ns)   --->   "%sub_i_i_i = fsub i32 %reuse_select, i32 %mul_i_i_i" [srcs/src/qdldl.c:246]   --->   Operation 133 'fsub' 'sub_i_i_i' <Predicate = (icmp_ln245)> <Delay = 7.25> <CoreInst = "FAddSub_fulldsp">   --->   Core 18 'FAddSub_fulldsp' <Latency = 4> <II = 1> <Delay = 7.25> <FuncUnit> <Opcode : 'fadd' 'fsub'> <InPorts = 2> <OutPorts = 1>

State 17 <SV = 14> <Delay = 7.25>
ST_17 : Operation 134 [1/5] (7.25ns)   --->   "%sub_i_i_i = fsub i32 %reuse_select, i32 %mul_i_i_i" [srcs/src/qdldl.c:246]   --->   Operation 134 'fsub' 'sub_i_i_i' <Predicate = (icmp_ln245)> <Delay = 7.25> <CoreInst = "FAddSub_fulldsp">   --->   Core 18 'FAddSub_fulldsp' <Latency = 4> <II = 1> <Delay = 7.25> <FuncUnit> <Opcode : 'fadd' 'fsub'> <InPorts = 2> <OutPorts = 1>

State 18 <SV = 15> <Delay = 3.25>
ST_18 : Operation 135 [1/1] (0.00ns)   --->   "%specloopname_ln242 = specloopname void @_ssdm_op_SpecLoopName, void @empty_54" [srcs/src/qdldl.c:242]   --->   Operation 135 'specloopname' 'specloopname_ln242' <Predicate = (icmp_ln245)> <Delay = 0.00>
ST_18 : Operation 136 [1/1] (3.25ns)   --->   "%store_ln246 = store i32 %sub_i_i_i, i6 %linsys_solver_bp_addr_3" [srcs/src/qdldl.c:246]   --->   Operation 136 'store' 'store_ln246' <Predicate = (icmp_ln245)> <Delay = 3.25> <CoreInst = "RAM">   --->   Core 82 'RAM' <Latency = 1> <II = 1> <Delay = 3.25> <Storage> <Opcode : 'load' 'store'> <Ports = 2> <Width = 32> <Depth = 34> <RAM>
ST_18 : Operation 137 [1/1] (1.58ns)   --->   "%store_ln246 = store i32 %sub_i_i_i, i32 %reuse_reg" [srcs/src/qdldl.c:246]   --->   Operation 137 'store' 'store_ln246' <Predicate = (icmp_ln245)> <Delay = 1.58>
ST_18 : Operation 138 [1/1] (0.00ns)   --->   "%br_ln0 = br void"   --->   Operation 138 'br' 'br_ln0' <Predicate = (icmp_ln245)> <Delay = 0.00>

State 19 <SV = 5> <Delay = 0.00>
ST_19 : Operation 139 [1/1] (0.00ns)   --->   "%br_ln0 = br void %permute_x.exit.i"   --->   Operation 139 'br' 'br_ln0' <Predicate = true> <Delay = 0.00>

State 20 <SV = 3> <Delay = 3.25>
ST_20 : Operation 140 [1/1] (0.00ns)   --->   "%i_1 = phi i6 %i_2, void %.split10, i6 0, void %QDLDL_Lsolve.exit.i.i.preheader"   --->   Operation 140 'phi' 'i_1' <Predicate = true> <Delay = 0.00>
ST_20 : Operation 141 [1/1] (1.82ns)   --->   "%i_2 = add i6 %i_1, i6 1" [srcs/src/qdldl.c:279]   --->   Operation 141 'add' 'i_2' <Predicate = true> <Delay = 1.82> <CoreInst = "Adder">   --->   Core 1 'Adder' <Latency = 0> <II = 1> <Delay = 1.87> <FuncUnit> <Opcode : 'add' 'sub'> <InPorts = 2> <OutPorts = 1>
ST_20 : Operation 142 [1/1] (0.00ns)   --->   "%specpipeline_ln0 = specpipeline void @_ssdm_op_SpecPipeline, i32 4294967295, i32 0, i32 1, i32 0, void @p_str30"   --->   Operation 142 'specpipeline' 'specpipeline_ln0' <Predicate = true> <Delay = 0.00>
ST_20 : Operation 143 [1/1] (1.42ns)   --->   "%icmp_ln279 = icmp_eq  i6 %i_1, i6 34" [srcs/src/qdldl.c:279]   --->   Operation 143 'icmp' 'icmp_ln279' <Predicate = true> <Delay = 1.42> <CoreInst = "Cmp">   --->   Core 9 'Cmp' <Latency = 0> <II = 1> <Delay = 1.42> <FuncUnit> <Opcode : 'icmp'> <InPorts = 2> <OutPorts = 1>
ST_20 : Operation 144 [1/1] (0.00ns)   --->   "%empty_67 = speclooptripcount i32 @_ssdm_op_SpecLoopTripCount, i64 34, i64 34, i64 34"   --->   Operation 144 'speclooptripcount' 'empty_67' <Predicate = true> <Delay = 0.00>
ST_20 : Operation 145 [1/1] (0.00ns)   --->   "%br_ln279 = br i1 %icmp_ln279, void %.split10, void %.preheader1.preheader" [srcs/src/qdldl.c:279]   --->   Operation 145 'br' 'br_ln279' <Predicate = true> <Delay = 0.00>
ST_20 : Operation 146 [1/1] (0.00ns)   --->   "%i_1_cast = zext i6 %i_1" [srcs/src/qdldl.c:279]   --->   Operation 146 'zext' 'i_1_cast' <Predicate = (!icmp_ln279)> <Delay = 0.00>
ST_20 : Operation 147 [1/1] (0.00ns)   --->   "%linsys_solver_Dinv_addr = getelementptr i32 %linsys_solver_Dinv, i64 0, i64 %i_1_cast" [srcs/src/qdldl.c:279]   --->   Operation 147 'getelementptr' 'linsys_solver_Dinv_addr' <Predicate = (!icmp_ln279)> <Delay = 0.00>
ST_20 : Operation 148 [2/2] (3.25ns)   --->   "%linsys_solver_Dinv_load = load i6 %linsys_solver_Dinv_addr" [srcs/src/qdldl.c:279]   --->   Operation 148 'load' 'linsys_solver_Dinv_load' <Predicate = (!icmp_ln279)> <Delay = 3.25> <CoreInst = "RAM">   --->   Core 82 'RAM' <Latency = 1> <II = 1> <Delay = 3.25> <Storage> <Opcode : 'load' 'store'> <Ports = 2> <Width = 32> <Depth = 34> <RAM>
ST_20 : Operation 149 [1/1] (0.00ns)   --->   "%linsys_solver_bp_addr_2 = getelementptr i32 %linsys_solver_bp, i64 0, i64 %i_1_cast" [srcs/src/qdldl.c:279]   --->   Operation 149 'getelementptr' 'linsys_solver_bp_addr_2' <Predicate = (!icmp_ln279)> <Delay = 0.00>
ST_20 : Operation 150 [2/2] (3.25ns)   --->   "%linsys_solver_bp_load = load i6 %linsys_solver_bp_addr_2" [srcs/src/qdldl.c:279]   --->   Operation 150 'load' 'linsys_solver_bp_load' <Predicate = (!icmp_ln279)> <Delay = 3.25> <CoreInst = "RAM">   --->   Core 82 'RAM' <Latency = 1> <II = 1> <Delay = 3.25> <Storage> <Opcode : 'load' 'store'> <Ports = 2> <Width = 32> <Depth = 34> <RAM>

State 21 <SV = 4> <Delay = 3.25>
ST_21 : Operation 151 [1/2] (3.25ns)   --->   "%linsys_solver_Dinv_load = load i6 %linsys_solver_Dinv_addr" [srcs/src/qdldl.c:279]   --->   Operation 151 'load' 'linsys_solver_Dinv_load' <Predicate = (!icmp_ln279)> <Delay = 3.25> <CoreInst = "RAM">   --->   Core 82 'RAM' <Latency = 1> <II = 1> <Delay = 3.25> <Storage> <Opcode : 'load' 'store'> <Ports = 2> <Width = 32> <Depth = 34> <RAM>
ST_21 : Operation 152 [1/2] (3.25ns)   --->   "%linsys_solver_bp_load = load i6 %linsys_solver_bp_addr_2" [srcs/src/qdldl.c:279]   --->   Operation 152 'load' 'linsys_solver_bp_load' <Predicate = (!icmp_ln279)> <Delay = 3.25> <CoreInst = "RAM">   --->   Core 82 'RAM' <Latency = 1> <II = 1> <Delay = 3.25> <Storage> <Opcode : 'load' 'store'> <Ports = 2> <Width = 32> <Depth = 34> <RAM>

State 22 <SV = 5> <Delay = 5.70>
ST_22 : Operation 153 [4/4] (5.70ns)   --->   "%mul_i_i = fmul i32 %linsys_solver_bp_load, i32 %linsys_solver_Dinv_load" [srcs/src/qdldl.c:279]   --->   Operation 153 'fmul' 'mul_i_i' <Predicate = (!icmp_ln279)> <Delay = 5.70> <CoreInst = "FMul_maxdsp">   --->   Core 30 'FMul_maxdsp' <Latency = 3> <II = 1> <Delay = 5.70> <FuncUnit> <Opcode : 'fmul'> <InPorts = 2> <OutPorts = 1>

State 23 <SV = 6> <Delay = 5.70>
ST_23 : Operation 154 [3/4] (5.70ns)   --->   "%mul_i_i = fmul i32 %linsys_solver_bp_load, i32 %linsys_solver_Dinv_load" [srcs/src/qdldl.c:279]   --->   Operation 154 'fmul' 'mul_i_i' <Predicate = (!icmp_ln279)> <Delay = 5.70> <CoreInst = "FMul_maxdsp">   --->   Core 30 'FMul_maxdsp' <Latency = 3> <II = 1> <Delay = 5.70> <FuncUnit> <Opcode : 'fmul'> <InPorts = 2> <OutPorts = 1>

State 24 <SV = 7> <Delay = 5.70>
ST_24 : Operation 155 [2/4] (5.70ns)   --->   "%mul_i_i = fmul i32 %linsys_solver_bp_load, i32 %linsys_solver_Dinv_load" [srcs/src/qdldl.c:279]   --->   Operation 155 'fmul' 'mul_i_i' <Predicate = (!icmp_ln279)> <Delay = 5.70> <CoreInst = "FMul_maxdsp">   --->   Core 30 'FMul_maxdsp' <Latency = 3> <II = 1> <Delay = 5.70> <FuncUnit> <Opcode : 'fmul'> <InPorts = 2> <OutPorts = 1>

State 25 <SV = 8> <Delay = 5.70>
ST_25 : Operation 156 [1/4] (5.70ns)   --->   "%mul_i_i = fmul i32 %linsys_solver_bp_load, i32 %linsys_solver_Dinv_load" [srcs/src/qdldl.c:279]   --->   Operation 156 'fmul' 'mul_i_i' <Predicate = (!icmp_ln279)> <Delay = 5.70> <CoreInst = "FMul_maxdsp">   --->   Core 30 'FMul_maxdsp' <Latency = 3> <II = 1> <Delay = 5.70> <FuncUnit> <Opcode : 'fmul'> <InPorts = 2> <OutPorts = 1>

State 26 <SV = 9> <Delay = 3.25>
ST_26 : Operation 157 [1/1] (0.00ns)   --->   "%specloopname_ln276 = specloopname void @_ssdm_op_SpecLoopName, void @empty_53" [srcs/src/qdldl.c:276]   --->   Operation 157 'specloopname' 'specloopname_ln276' <Predicate = (!icmp_ln279)> <Delay = 0.00>
ST_26 : Operation 158 [1/1] (3.25ns)   --->   "%store_ln279 = store i32 %mul_i_i, i6 %linsys_solver_bp_addr_2" [srcs/src/qdldl.c:279]   --->   Operation 158 'store' 'store_ln279' <Predicate = (!icmp_ln279)> <Delay = 3.25> <CoreInst = "RAM">   --->   Core 82 'RAM' <Latency = 1> <II = 1> <Delay = 3.25> <Storage> <Opcode : 'load' 'store'> <Ports = 2> <Width = 32> <Depth = 34> <RAM>
ST_26 : Operation 159 [1/1] (0.00ns)   --->   "%br_ln0 = br void %QDLDL_Lsolve.exit.i.i"   --->   Operation 159 'br' 'br_ln0' <Predicate = (!icmp_ln279)> <Delay = 0.00>

State 27 <SV = 4> <Delay = 1.58>
ST_27 : Operation 160 [1/1] (1.58ns)   --->   "%br_ln259 = br void %.preheader1" [srcs/src/qdldl.c:259]   --->   Operation 160 'br' 'br_ln259' <Predicate = true> <Delay = 1.58>

State 28 <SV = 5> <Delay = 4.14>
ST_28 : Operation 161 [1/1] (0.00ns)   --->   "%i_4 = phi i7 %i_5, void %._crit_edge.i15.i.i.loopexit, i7 33, void %.preheader1.preheader"   --->   Operation 161 'phi' 'i_4' <Predicate = true> <Delay = 0.00>
ST_28 : Operation 162 [1/1] (0.00ns)   --->   "%tmp = bitselect i1 @_ssdm_op_BitSelect.i1.i7.i32, i7 %i_4, i32 6" [srcs/src/qdldl.c:259]   --->   Operation 162 'bitselect' 'tmp' <Predicate = true> <Delay = 0.00>
ST_28 : Operation 163 [1/1] (0.00ns)   --->   "%empty_68 = speclooptripcount i32 @_ssdm_op_SpecLoopTripCount, i64 34, i64 34, i64 34"   --->   Operation 163 'speclooptripcount' 'empty_68' <Predicate = true> <Delay = 0.00>
ST_28 : Operation 164 [1/1] (0.00ns)   --->   "%br_ln259 = br i1 %tmp, void %.split8, void %QDLDL_solve.exit.i.preheader" [srcs/src/qdldl.c:259]   --->   Operation 164 'br' 'br_ln259' <Predicate = true> <Delay = 0.00>
ST_28 : Operation 165 [1/1] (0.00ns)   --->   "%zext_ln259 = zext i7 %i_4" [srcs/src/qdldl.c:259]   --->   Operation 165 'zext' 'zext_ln259' <Predicate = (!tmp)> <Delay = 0.00>
ST_28 : Operation 166 [1/1] (0.00ns)   --->   "%trunc_ln259 = trunc i7 %i_4" [srcs/src/qdldl.c:259]   --->   Operation 166 'trunc' 'trunc_ln259' <Predicate = (!tmp)> <Delay = 0.00>
ST_28 : Operation 167 [1/1] (0.00ns)   --->   "%linsys_solver_bp_addr_4 = getelementptr i32 %linsys_solver_bp, i64 0, i64 %zext_ln259" [srcs/src/qdldl.c:260]   --->   Operation 167 'getelementptr' 'linsys_solver_bp_addr_4' <Predicate = (!tmp)> <Delay = 0.00>
ST_28 : Operation 168 [2/2] (3.25ns)   --->   "%val_1 = load i6 %linsys_solver_bp_addr_4" [srcs/src/qdldl.c:260]   --->   Operation 168 'load' 'val_1' <Predicate = (!tmp)> <Delay = 3.25> <CoreInst = "RAM">   --->   Core 82 'RAM' <Latency = 1> <II = 1> <Delay = 3.25> <Storage> <Opcode : 'load' 'store'> <Ports = 2> <Width = 32> <Depth = 34> <RAM>
ST_28 : Operation 169 [1/1] (0.00ns)   --->   "%linsys_solver_L_p_addr_2 = getelementptr i6 %linsys_solver_L_p, i64 0, i64 %zext_ln259" [srcs/src/qdldl.c:261]   --->   Operation 169 'getelementptr' 'linsys_solver_L_p_addr_2' <Predicate = (!tmp)> <Delay = 0.00>
ST_28 : Operation 170 [2/2] (2.32ns)   --->   "%j_5 = load i6 %linsys_solver_L_p_addr_2" [srcs/src/qdldl.c:261]   --->   Operation 170 'load' 'j_5' <Predicate = (!tmp)> <Delay = 2.32> <CoreInst = "RAM">   --->   Core 82 'RAM' <Latency = 1> <II = 1> <Delay = 2.32> <Storage> <Opcode : 'load' 'store'> <Ports = 2> <Width = 6> <Depth = 35> <RAM>
ST_28 : Operation 171 [1/1] (1.82ns)   --->   "%add_i7_i_i = add i6 %trunc_ln259, i6 1" [srcs/src/qdldl.c:259]   --->   Operation 171 'add' 'add_i7_i_i' <Predicate = (!tmp)> <Delay = 1.82> <CoreInst = "Adder">   --->   Core 1 'Adder' <Latency = 0> <II = 1> <Delay = 1.87> <FuncUnit> <Opcode : 'add' 'sub'> <InPorts = 2> <OutPorts = 1>
ST_28 : Operation 172 [1/1] (0.00ns)   --->   "%add_i7_i_i_cast = zext i6 %add_i7_i_i" [srcs/src/qdldl.c:259]   --->   Operation 172 'zext' 'add_i7_i_i_cast' <Predicate = (!tmp)> <Delay = 0.00>
ST_28 : Operation 173 [1/1] (0.00ns)   --->   "%linsys_solver_L_p_addr_3 = getelementptr i6 %linsys_solver_L_p, i64 0, i64 %add_i7_i_i_cast" [srcs/src/qdldl.c:259]   --->   Operation 173 'getelementptr' 'linsys_solver_L_p_addr_3' <Predicate = (!tmp)> <Delay = 0.00>
ST_28 : Operation 174 [2/2] (2.32ns)   --->   "%linsys_solver_L_p_load_2 = load i6 %linsys_solver_L_p_addr_3" [srcs/src/qdldl.c:259]   --->   Operation 174 'load' 'linsys_solver_L_p_load_2' <Predicate = (!tmp)> <Delay = 2.32> <CoreInst = "RAM">   --->   Core 82 'RAM' <Latency = 1> <II = 1> <Delay = 2.32> <Storage> <Opcode : 'load' 'store'> <Ports = 2> <Width = 6> <Depth = 35> <RAM>
ST_28 : Operation 175 [1/1] (1.58ns)   --->   "%br_ln0 = br void %QDLDL_solve.exit.i"   --->   Operation 175 'br' 'br_ln0' <Predicate = (tmp)> <Delay = 1.58>

State 29 <SV = 6> <Delay = 3.25>
ST_29 : Operation 176 [1/1] (0.00ns)   --->   "%specloopname_ln258 = specloopname void @_ssdm_op_SpecLoopName, void @empty_42" [srcs/src/qdldl.c:258]   --->   Operation 176 'specloopname' 'specloopname_ln258' <Predicate = true> <Delay = 0.00>
ST_29 : Operation 177 [1/2] (3.25ns)   --->   "%val_1 = load i6 %linsys_solver_bp_addr_4" [srcs/src/qdldl.c:260]   --->   Operation 177 'load' 'val_1' <Predicate = true> <Delay = 3.25> <CoreInst = "RAM">   --->   Core 82 'RAM' <Latency = 1> <II = 1> <Delay = 3.25> <Storage> <Opcode : 'load' 'store'> <Ports = 2> <Width = 32> <Depth = 34> <RAM>
ST_29 : Operation 178 [1/2] (2.32ns)   --->   "%j_5 = load i6 %linsys_solver_L_p_addr_2" [srcs/src/qdldl.c:261]   --->   Operation 178 'load' 'j_5' <Predicate = true> <Delay = 2.32> <CoreInst = "RAM">   --->   Core 82 'RAM' <Latency = 1> <II = 1> <Delay = 2.32> <Storage> <Opcode : 'load' 'store'> <Ports = 2> <Width = 6> <Depth = 35> <RAM>
ST_29 : Operation 179 [1/1] (0.00ns)   --->   "%zext_ln258 = zext i6 %j_5" [srcs/src/qdldl.c:258]   --->   Operation 179 'zext' 'zext_ln258' <Predicate = true> <Delay = 0.00>
ST_29 : Operation 180 [1/2] (2.32ns)   --->   "%linsys_solver_L_p_load_2 = load i6 %linsys_solver_L_p_addr_3" [srcs/src/qdldl.c:259]   --->   Operation 180 'load' 'linsys_solver_L_p_load_2' <Predicate = true> <Delay = 2.32> <CoreInst = "RAM">   --->   Core 82 'RAM' <Latency = 1> <II = 1> <Delay = 2.32> <Storage> <Opcode : 'load' 'store'> <Ports = 2> <Width = 6> <Depth = 35> <RAM>
ST_29 : Operation 181 [1/1] (0.00ns)   --->   "%zext_ln261 = zext i6 %linsys_solver_L_p_load_2" [srcs/src/qdldl.c:261]   --->   Operation 181 'zext' 'zext_ln261' <Predicate = true> <Delay = 0.00>
ST_29 : Operation 182 [1/1] (1.58ns)   --->   "%br_ln261 = br void" [srcs/src/qdldl.c:261]   --->   Operation 182 'br' 'br_ln261' <Predicate = true> <Delay = 1.58>

State 30 <SV = 7> <Delay = 3.25>
ST_30 : Operation 183 [1/1] (0.00ns)   --->   "%j_6 = phi i64 %zext_ln258, void %.split8, i64 %j_13, void %.split6"   --->   Operation 183 'phi' 'j_6' <Predicate = true> <Delay = 0.00>
ST_30 : Operation 184 [1/1] (2.77ns)   --->   "%icmp_ln261 = icmp_slt  i64 %j_6, i64 %zext_ln261" [srcs/src/qdldl.c:261]   --->   Operation 184 'icmp' 'icmp_ln261' <Predicate = true> <Delay = 2.77> <CoreInst = "Cmp">   --->   Core 9 'Cmp' <Latency = 0> <II = 1> <Delay = 1.42> <FuncUnit> <Opcode : 'icmp'> <InPorts = 2> <OutPorts = 1>
ST_30 : Operation 185 [1/1] (0.00ns)   --->   "%br_ln261 = br i1 %icmp_ln261, void %._crit_edge.i15.i.i.loopexit, void %.split6" [srcs/src/qdldl.c:261]   --->   Operation 185 'br' 'br_ln261' <Predicate = true> <Delay = 0.00>
ST_30 : Operation 186 [1/1] (0.00ns)   --->   "%linsys_solver_L_x_addr_1 = getelementptr i32 %linsys_solver_L_x, i64 0, i64 %j_6" [srcs/src/qdldl.c:262]   --->   Operation 186 'getelementptr' 'linsys_solver_L_x_addr_1' <Predicate = (icmp_ln261)> <Delay = 0.00>
ST_30 : Operation 187 [2/2] (3.25ns)   --->   "%linsys_solver_L_x_load_1 = load i6 %linsys_solver_L_x_addr_1" [srcs/src/qdldl.c:262]   --->   Operation 187 'load' 'linsys_solver_L_x_load_1' <Predicate = (icmp_ln261)> <Delay = 3.25> <CoreInst = "RAM">   --->   Core 82 'RAM' <Latency = 1> <II = 1> <Delay = 3.25> <Storage> <Opcode : 'load' 'store'> <Ports = 2> <Width = 32> <Depth = 57> <RAM>
ST_30 : Operation 188 [1/1] (0.00ns)   --->   "%linsys_solver_L_i_addr_1 = getelementptr i6 %linsys_solver_L_i, i64 0, i64 %j_6" [srcs/src/qdldl.c:262]   --->   Operation 188 'getelementptr' 'linsys_solver_L_i_addr_1' <Predicate = (icmp_ln261)> <Delay = 0.00>
ST_30 : Operation 189 [2/2] (2.32ns)   --->   "%linsys_solver_L_i_load_1 = load i6 %linsys_solver_L_i_addr_1" [srcs/src/qdldl.c:262]   --->   Operation 189 'load' 'linsys_solver_L_i_load_1' <Predicate = (icmp_ln261)> <Delay = 2.32> <CoreInst = "RAM">   --->   Core 82 'RAM' <Latency = 1> <II = 1> <Delay = 2.32> <Storage> <Opcode : 'load' 'store'> <Ports = 2> <Width = 6> <Depth = 57> <RAM>

State 31 <SV = 8> <Delay = 5.57>
ST_31 : Operation 190 [1/2] (3.25ns)   --->   "%linsys_solver_L_x_load_1 = load i6 %linsys_solver_L_x_addr_1" [srcs/src/qdldl.c:262]   --->   Operation 190 'load' 'linsys_solver_L_x_load_1' <Predicate = (icmp_ln261)> <Delay = 3.25> <CoreInst = "RAM">   --->   Core 82 'RAM' <Latency = 1> <II = 1> <Delay = 3.25> <Storage> <Opcode : 'load' 'store'> <Ports = 2> <Width = 32> <Depth = 57> <RAM>
ST_31 : Operation 191 [1/2] (2.32ns)   --->   "%linsys_solver_L_i_load_1 = load i6 %linsys_solver_L_i_addr_1" [srcs/src/qdldl.c:262]   --->   Operation 191 'load' 'linsys_solver_L_i_load_1' <Predicate = (icmp_ln261)> <Delay = 2.32> <CoreInst = "RAM">   --->   Core 82 'RAM' <Latency = 1> <II = 1> <Delay = 2.32> <Storage> <Opcode : 'load' 'store'> <Ports = 2> <Width = 6> <Depth = 57> <RAM>
ST_31 : Operation 192 [1/1] (0.00ns)   --->   "%zext_ln262 = zext i6 %linsys_solver_L_i_load_1" [srcs/src/qdldl.c:262]   --->   Operation 192 'zext' 'zext_ln262' <Predicate = (icmp_ln261)> <Delay = 0.00>
ST_31 : Operation 193 [1/1] (0.00ns)   --->   "%linsys_solver_bp_addr_5 = getelementptr i32 %linsys_solver_bp, i64 0, i64 %zext_ln262" [srcs/src/qdldl.c:262]   --->   Operation 193 'getelementptr' 'linsys_solver_bp_addr_5' <Predicate = (icmp_ln261)> <Delay = 0.00>
ST_31 : Operation 194 [2/2] (3.25ns)   --->   "%linsys_solver_bp_load_3 = load i6 %linsys_solver_bp_addr_5" [srcs/src/qdldl.c:262]   --->   Operation 194 'load' 'linsys_solver_bp_load_3' <Predicate = (icmp_ln261)> <Delay = 3.25> <CoreInst = "RAM">   --->   Core 82 'RAM' <Latency = 1> <II = 1> <Delay = 3.25> <Storage> <Opcode : 'load' 'store'> <Ports = 2> <Width = 32> <Depth = 34> <RAM>

State 32 <SV = 9> <Delay = 3.25>
ST_32 : Operation 195 [1/2] (3.25ns)   --->   "%linsys_solver_bp_load_3 = load i6 %linsys_solver_bp_addr_5" [srcs/src/qdldl.c:262]   --->   Operation 195 'load' 'linsys_solver_bp_load_3' <Predicate = (icmp_ln261)> <Delay = 3.25> <CoreInst = "RAM">   --->   Core 82 'RAM' <Latency = 1> <II = 1> <Delay = 3.25> <Storage> <Opcode : 'load' 'store'> <Ports = 2> <Width = 32> <Depth = 34> <RAM>

State 33 <SV = 10> <Delay = 5.70>
ST_33 : Operation 196 [4/4] (5.70ns)   --->   "%mul_i10_i_i = fmul i32 %linsys_solver_L_x_load_1, i32 %linsys_solver_bp_load_3" [srcs/src/qdldl.c:262]   --->   Operation 196 'fmul' 'mul_i10_i_i' <Predicate = (icmp_ln261)> <Delay = 5.70> <CoreInst = "FMul_maxdsp">   --->   Core 30 'FMul_maxdsp' <Latency = 3> <II = 1> <Delay = 5.70> <FuncUnit> <Opcode : 'fmul'> <InPorts = 2> <OutPorts = 1>
ST_33 : Operation 197 [1/1] (3.52ns)   --->   "%j_13 = add i64 %j_6, i64 1" [srcs/src/qdldl.c:261]   --->   Operation 197 'add' 'j_13' <Predicate = (icmp_ln261)> <Delay = 3.52> <CoreInst = "Adder">   --->   Core 1 'Adder' <Latency = 0> <II = 1> <Delay = 1.87> <FuncUnit> <Opcode : 'add' 'sub'> <InPorts = 2> <OutPorts = 1>

State 34 <SV = 11> <Delay = 5.70>
ST_34 : Operation 198 [3/4] (5.70ns)   --->   "%mul_i10_i_i = fmul i32 %linsys_solver_L_x_load_1, i32 %linsys_solver_bp_load_3" [srcs/src/qdldl.c:262]   --->   Operation 198 'fmul' 'mul_i10_i_i' <Predicate = (icmp_ln261)> <Delay = 5.70> <CoreInst = "FMul_maxdsp">   --->   Core 30 'FMul_maxdsp' <Latency = 3> <II = 1> <Delay = 5.70> <FuncUnit> <Opcode : 'fmul'> <InPorts = 2> <OutPorts = 1>

State 35 <SV = 12> <Delay = 5.70>
ST_35 : Operation 199 [2/4] (5.70ns)   --->   "%mul_i10_i_i = fmul i32 %linsys_solver_L_x_load_1, i32 %linsys_solver_bp_load_3" [srcs/src/qdldl.c:262]   --->   Operation 199 'fmul' 'mul_i10_i_i' <Predicate = (icmp_ln261)> <Delay = 5.70> <CoreInst = "FMul_maxdsp">   --->   Core 30 'FMul_maxdsp' <Latency = 3> <II = 1> <Delay = 5.70> <FuncUnit> <Opcode : 'fmul'> <InPorts = 2> <OutPorts = 1>

State 36 <SV = 13> <Delay = 7.25>
ST_36 : Operation 200 [1/1] (0.00ns)   --->   "%val_2 = phi i32 %val_1, void %.split8, i32 %val_3, void %.split6"   --->   Operation 200 'phi' 'val_2' <Predicate = true> <Delay = 0.00>
ST_36 : Operation 201 [1/1] (0.00ns)   --->   "%specpipeline_ln0 = specpipeline void @_ssdm_op_SpecPipeline, i32 4294967295, i32 0, i32 1, i32 0, void @p_str31"   --->   Operation 201 'specpipeline' 'specpipeline_ln0' <Predicate = true> <Delay = 0.00>
ST_36 : Operation 202 [1/4] (5.70ns)   --->   "%mul_i10_i_i = fmul i32 %linsys_solver_L_x_load_1, i32 %linsys_solver_bp_load_3" [srcs/src/qdldl.c:262]   --->   Operation 202 'fmul' 'mul_i10_i_i' <Predicate = (icmp_ln261)> <Delay = 5.70> <CoreInst = "FMul_maxdsp">   --->   Core 30 'FMul_maxdsp' <Latency = 3> <II = 1> <Delay = 5.70> <FuncUnit> <Opcode : 'fmul'> <InPorts = 2> <OutPorts = 1>

State 37 <SV = 14> <Delay = 7.25>
ST_37 : Operation 203 [5/5] (7.25ns)   --->   "%val_3 = fsub i32 %val_2, i32 %mul_i10_i_i" [srcs/src/qdldl.c:262]   --->   Operation 203 'fsub' 'val_3' <Predicate = (icmp_ln261)> <Delay = 7.25> <CoreInst = "FAddSub_fulldsp">   --->   Core 18 'FAddSub_fulldsp' <Latency = 4> <II = 1> <Delay = 7.25> <FuncUnit> <Opcode : 'fadd' 'fsub'> <InPorts = 2> <OutPorts = 1>

State 38 <SV = 15> <Delay = 14.5>
ST_38 : Operation 204 [4/5] (7.25ns)   --->   "%val_3 = fsub i32 %val_2, i32 %mul_i10_i_i" [srcs/src/qdldl.c:262]   --->   Operation 204 'fsub' 'val_3' <Predicate = (icmp_ln261)> <Delay = 7.25> <CoreInst = "FAddSub_fulldsp">   --->   Core 18 'FAddSub_fulldsp' <Latency = 4> <II = 1> <Delay = 7.25> <FuncUnit> <Opcode : 'fadd' 'fsub'> <InPorts = 2> <OutPorts = 1>

State 39 <SV = 16> <Delay = 14.5>
ST_39 : Operation 205 [3/5] (7.25ns)   --->   "%val_3 = fsub i32 %val_2, i32 %mul_i10_i_i" [srcs/src/qdldl.c:262]   --->   Operation 205 'fsub' 'val_3' <Predicate = (icmp_ln261)> <Delay = 7.25> <CoreInst = "FAddSub_fulldsp">   --->   Core 18 'FAddSub_fulldsp' <Latency = 4> <II = 1> <Delay = 7.25> <FuncUnit> <Opcode : 'fadd' 'fsub'> <InPorts = 2> <OutPorts = 1>

State 40 <SV = 17> <Delay = 14.5>
ST_40 : Operation 206 [2/5] (7.25ns)   --->   "%val_3 = fsub i32 %val_2, i32 %mul_i10_i_i" [srcs/src/qdldl.c:262]   --->   Operation 206 'fsub' 'val_3' <Predicate = (icmp_ln261)> <Delay = 7.25> <CoreInst = "FAddSub_fulldsp">   --->   Core 18 'FAddSub_fulldsp' <Latency = 4> <II = 1> <Delay = 7.25> <FuncUnit> <Opcode : 'fadd' 'fsub'> <InPorts = 2> <OutPorts = 1>

State 41 <SV = 18> <Delay = 14.5>
ST_41 : Operation 207 [1/1] (0.00ns)   --->   "%specloopname_ln258 = specloopname void @_ssdm_op_SpecLoopName, void @empty_41" [srcs/src/qdldl.c:258]   --->   Operation 207 'specloopname' 'specloopname_ln258' <Predicate = (icmp_ln261)> <Delay = 0.00>
ST_41 : Operation 208 [1/5] (7.25ns)   --->   "%val_3 = fsub i32 %val_2, i32 %mul_i10_i_i" [srcs/src/qdldl.c:262]   --->   Operation 208 'fsub' 'val_3' <Predicate = (icmp_ln261)> <Delay = 7.25> <CoreInst = "FAddSub_fulldsp">   --->   Core 18 'FAddSub_fulldsp' <Latency = 4> <II = 1> <Delay = 7.25> <FuncUnit> <Opcode : 'fadd' 'fsub'> <InPorts = 2> <OutPorts = 1>
ST_41 : Operation 209 [1/1] (0.00ns)   --->   "%br_ln0 = br void"   --->   Operation 209 'br' 'br_ln0' <Predicate = (icmp_ln261)> <Delay = 0.00>

State 42 <SV = 14> <Delay = 3.25>
ST_42 : Operation 210 [1/1] (1.87ns)   --->   "%i_5 = add i7 %i_4, i7 127" [srcs/src/qdldl.c:259]   --->   Operation 210 'add' 'i_5' <Predicate = true> <Delay = 1.87> <CoreInst = "Adder">   --->   Core 1 'Adder' <Latency = 0> <II = 1> <Delay = 1.87> <FuncUnit> <Opcode : 'add' 'sub'> <InPorts = 2> <OutPorts = 1>
ST_42 : Operation 211 [1/1] (3.25ns)   --->   "%store_ln264 = store i32 %val_2, i6 %linsys_solver_bp_addr_4" [srcs/src/qdldl.c:264]   --->   Operation 211 'store' 'store_ln264' <Predicate = true> <Delay = 3.25> <CoreInst = "RAM">   --->   Core 82 'RAM' <Latency = 1> <II = 1> <Delay = 3.25> <Storage> <Opcode : 'load' 'store'> <Ports = 2> <Width = 32> <Depth = 34> <RAM>
ST_42 : Operation 212 [1/1] (0.00ns)   --->   "%br_ln0 = br void %.preheader1"   --->   Operation 212 'br' 'br_ln0' <Predicate = true> <Delay = 0.00>

State 43 <SV = 6> <Delay = 3.25>
ST_43 : Operation 213 [1/1] (0.00ns)   --->   "%j_8 = phi i6 %j_9, void %.split4, i6 0, void %QDLDL_solve.exit.i.preheader"   --->   Operation 213 'phi' 'j_8' <Predicate = true> <Delay = 0.00>
ST_43 : Operation 214 [1/1] (1.82ns)   --->   "%j_9 = add i6 %j_8, i6 1" [srcs/src/qdldl_interface.c:17]   --->   Operation 214 'add' 'j_9' <Predicate = true> <Delay = 1.82> <CoreInst = "Adder">   --->   Core 1 'Adder' <Latency = 0> <II = 1> <Delay = 1.87> <FuncUnit> <Opcode : 'add' 'sub'> <InPorts = 2> <OutPorts = 1>
ST_43 : Operation 215 [1/1] (0.00ns)   --->   "%specpipeline_ln0 = specpipeline void @_ssdm_op_SpecPipeline, i32 4294967295, i32 0, i32 1, i32 0, void @p_str32"   --->   Operation 215 'specpipeline' 'specpipeline_ln0' <Predicate = true> <Delay = 0.00>
ST_43 : Operation 216 [1/1] (1.42ns)   --->   "%icmp_ln17 = icmp_eq  i6 %j_8, i6 34" [srcs/src/qdldl_interface.c:17]   --->   Operation 216 'icmp' 'icmp_ln17' <Predicate = true> <Delay = 1.42> <CoreInst = "Cmp">   --->   Core 9 'Cmp' <Latency = 0> <II = 1> <Delay = 1.42> <FuncUnit> <Opcode : 'icmp'> <InPorts = 2> <OutPorts = 1>
ST_43 : Operation 217 [1/1] (0.00ns)   --->   "%empty_69 = speclooptripcount i32 @_ssdm_op_SpecLoopTripCount, i64 34, i64 34, i64 34"   --->   Operation 217 'speclooptripcount' 'empty_69' <Predicate = true> <Delay = 0.00>
ST_43 : Operation 218 [1/1] (0.00ns)   --->   "%br_ln17 = br i1 %icmp_ln17, void %.split4, void %LDLSolve.exit.preheader" [srcs/src/qdldl_interface.c:17]   --->   Operation 218 'br' 'br_ln17' <Predicate = true> <Delay = 0.00>
ST_43 : Operation 219 [1/1] (0.00ns)   --->   "%j_8_cast = zext i6 %j_8" [srcs/src/qdldl_interface.c:17]   --->   Operation 219 'zext' 'j_8_cast' <Predicate = (!icmp_ln17)> <Delay = 0.00>
ST_43 : Operation 220 [1/1] (0.00ns)   --->   "%linsys_solver_bp_addr_6 = getelementptr i32 %linsys_solver_bp, i64 0, i64 %j_8_cast" [srcs/src/qdldl_interface.c:17]   --->   Operation 220 'getelementptr' 'linsys_solver_bp_addr_6' <Predicate = (!icmp_ln17)> <Delay = 0.00>
ST_43 : Operation 221 [2/2] (3.25ns)   --->   "%linsys_solver_bp_load_4 = load i6 %linsys_solver_bp_addr_6" [srcs/src/qdldl_interface.c:17]   --->   Operation 221 'load' 'linsys_solver_bp_load_4' <Predicate = (!icmp_ln17)> <Delay = 3.25> <CoreInst = "RAM">   --->   Core 82 'RAM' <Latency = 1> <II = 1> <Delay = 3.25> <Storage> <Opcode : 'load' 'store'> <Ports = 2> <Width = 32> <Depth = 34> <RAM>
ST_43 : Operation 222 [1/1] (0.00ns)   --->   "%linsys_solver_P_addr_1 = getelementptr i6 %linsys_solver_P, i64 0, i64 %j_8_cast" [srcs/src/qdldl_interface.c:17]   --->   Operation 222 'getelementptr' 'linsys_solver_P_addr_1' <Predicate = (!icmp_ln17)> <Delay = 0.00>
ST_43 : Operation 223 [2/2] (2.32ns)   --->   "%linsys_solver_P_load_1 = load i6 %linsys_solver_P_addr_1" [srcs/src/qdldl_interface.c:17]   --->   Operation 223 'load' 'linsys_solver_P_load_1' <Predicate = (!icmp_ln17)> <Delay = 2.32> <CoreInst = "ROM">   --->   Core 95 'ROM' <Latency = 1> <II = 1> <Delay = 2.32> <Storage> <Opcode : 'load'> <Ports = 0> <Width = 6> <Depth = 34> <ROM>

State 44 <SV = 7> <Delay = 6.50>
ST_44 : Operation 224 [1/1] (0.00ns)   --->   "%specloopname_ln16 = specloopname void @_ssdm_op_SpecLoopName, void @empty_49" [srcs/src/qdldl_interface.c:16]   --->   Operation 224 'specloopname' 'specloopname_ln16' <Predicate = (!icmp_ln17)> <Delay = 0.00>
ST_44 : Operation 225 [1/2] (3.25ns)   --->   "%linsys_solver_bp_load_4 = load i6 %linsys_solver_bp_addr_6" [srcs/src/qdldl_interface.c:17]   --->   Operation 225 'load' 'linsys_solver_bp_load_4' <Predicate = (!icmp_ln17)> <Delay = 3.25> <CoreInst = "RAM">   --->   Core 82 'RAM' <Latency = 1> <II = 1> <Delay = 3.25> <Storage> <Opcode : 'load' 'store'> <Ports = 2> <Width = 32> <Depth = 34> <RAM>
ST_44 : Operation 226 [1/2] (2.32ns)   --->   "%linsys_solver_P_load_1 = load i6 %linsys_solver_P_addr_1" [srcs/src/qdldl_interface.c:17]   --->   Operation 226 'load' 'linsys_solver_P_load_1' <Predicate = (!icmp_ln17)> <Delay = 2.32> <CoreInst = "ROM">   --->   Core 95 'ROM' <Latency = 1> <II = 1> <Delay = 2.32> <Storage> <Opcode : 'load'> <Ports = 0> <Width = 6> <Depth = 34> <ROM>
ST_44 : Operation 227 [1/1] (0.00ns)   --->   "%zext_ln17 = zext i6 %linsys_solver_P_load_1" [srcs/src/qdldl_interface.c:17]   --->   Operation 227 'zext' 'zext_ln17' <Predicate = (!icmp_ln17)> <Delay = 0.00>
ST_44 : Operation 228 [1/1] (0.00ns)   --->   "%linsys_solver_sol_addr = getelementptr i32 %linsys_solver_sol, i64 0, i64 %zext_ln17" [srcs/src/qdldl_interface.c:17]   --->   Operation 228 'getelementptr' 'linsys_solver_sol_addr' <Predicate = (!icmp_ln17)> <Delay = 0.00>
ST_44 : Operation 229 [1/1] (3.25ns)   --->   "%store_ln17 = store i32 %linsys_solver_bp_load_4, i6 %linsys_solver_sol_addr" [srcs/src/qdldl_interface.c:17]   --->   Operation 229 'store' 'store_ln17' <Predicate = (!icmp_ln17)> <Delay = 3.25> <CoreInst = "RAM">   --->   Core 82 'RAM' <Latency = 1> <II = 1> <Delay = 3.25> <Storage> <Opcode : 'load' 'store'> <Ports = 2> <Width = 32> <Depth = 34> <RAM>
ST_44 : Operation 230 [1/1] (0.00ns)   --->   "%br_ln0 = br void %QDLDL_solve.exit.i"   --->   Operation 230 'br' 'br_ln0' <Predicate = (!icmp_ln17)> <Delay = 0.00>

State 45 <SV = 7> <Delay = 1.58>
ST_45 : Operation 231 [1/1] (1.58ns)   --->   "%br_ln0 = br void %LDLSolve.exit"   --->   Operation 231 'br' 'br_ln0' <Predicate = true> <Delay = 1.58>

State 46 <SV = 8> <Delay = 3.25>
ST_46 : Operation 232 [1/1] (0.00ns)   --->   "%j_04 = phi i4 %j_14, void %.split2, i4 0, void %LDLSolve.exit.preheader"   --->   Operation 232 'phi' 'j_04' <Predicate = true> <Delay = 0.00>
ST_46 : Operation 233 [1/1] (1.73ns)   --->   "%j_14 = add i4 %j_04, i4 1" [srcs/src/qdldl_interface.c:37]   --->   Operation 233 'add' 'j_14' <Predicate = true> <Delay = 1.73> <CoreInst = "Adder">   --->   Core 1 'Adder' <Latency = 0> <II = 1> <Delay = 1.87> <FuncUnit> <Opcode : 'add' 'sub'> <InPorts = 2> <OutPorts = 1>
ST_46 : Operation 234 [1/1] (0.00ns)   --->   "%specpipeline_ln0 = specpipeline void @_ssdm_op_SpecPipeline, i32 4294967295, i32 0, i32 1, i32 0, void @p_str33"   --->   Operation 234 'specpipeline' 'specpipeline_ln0' <Predicate = true> <Delay = 0.00>
ST_46 : Operation 235 [1/1] (1.30ns)   --->   "%icmp_ln37 = icmp_eq  i4 %j_04, i4 15" [srcs/src/qdldl_interface.c:37]   --->   Operation 235 'icmp' 'icmp_ln37' <Predicate = true> <Delay = 1.30> <CoreInst = "Cmp">   --->   Core 9 'Cmp' <Latency = 0> <II = 1> <Delay = 1.42> <FuncUnit> <Opcode : 'icmp'> <InPorts = 2> <OutPorts = 1>
ST_46 : Operation 236 [1/1] (0.00ns)   --->   "%empty_70 = speclooptripcount i32 @_ssdm_op_SpecLoopTripCount, i64 15, i64 15, i64 15"   --->   Operation 236 'speclooptripcount' 'empty_70' <Predicate = true> <Delay = 0.00>
ST_46 : Operation 237 [1/1] (0.00ns)   --->   "%br_ln37 = br i1 %icmp_ln37, void %.split2, void %.preheader.preheader" [srcs/src/qdldl_interface.c:37]   --->   Operation 237 'br' 'br_ln37' <Predicate = true> <Delay = 0.00>
ST_46 : Operation 238 [1/1] (0.00ns)   --->   "%j_04_cast = zext i4 %j_04" [srcs/src/qdldl_interface.c:37]   --->   Operation 238 'zext' 'j_04_cast' <Predicate = (!icmp_ln37)> <Delay = 0.00>
ST_46 : Operation 239 [1/1] (0.00ns)   --->   "%linsys_solver_sol_addr_1 = getelementptr i32 %linsys_solver_sol, i64 0, i64 %j_04_cast" [srcs/src/qdldl_interface.c:38]   --->   Operation 239 'getelementptr' 'linsys_solver_sol_addr_1' <Predicate = (!icmp_ln37)> <Delay = 0.00>
ST_46 : Operation 240 [2/2] (3.25ns)   --->   "%linsys_solver_sol_load = load i6 %linsys_solver_sol_addr_1" [srcs/src/qdldl_interface.c:38]   --->   Operation 240 'load' 'linsys_solver_sol_load' <Predicate = (!icmp_ln37)> <Delay = 3.25> <CoreInst = "RAM">   --->   Core 82 'RAM' <Latency = 1> <II = 1> <Delay = 3.25> <Storage> <Opcode : 'load' 'store'> <Ports = 2> <Width = 32> <Depth = 34> <RAM>

State 47 <SV = 9> <Delay = 6.50>
ST_47 : Operation 241 [1/1] (0.00ns)   --->   "%specloopname_ln30 = specloopname void @_ssdm_op_SpecLoopName, void @empty_39" [srcs/src/qdldl_interface.c:30]   --->   Operation 241 'specloopname' 'specloopname_ln30' <Predicate = (!icmp_ln37)> <Delay = 0.00>
ST_47 : Operation 242 [1/2] (3.25ns)   --->   "%linsys_solver_sol_load = load i6 %linsys_solver_sol_addr_1" [srcs/src/qdldl_interface.c:38]   --->   Operation 242 'load' 'linsys_solver_sol_load' <Predicate = (!icmp_ln37)> <Delay = 3.25> <CoreInst = "RAM">   --->   Core 82 'RAM' <Latency = 1> <II = 1> <Delay = 3.25> <Storage> <Opcode : 'load' 'store'> <Ports = 2> <Width = 32> <Depth = 34> <RAM>
ST_47 : Operation 243 [1/1] (0.00ns)   --->   "%work_xz_tilde_addr_1 = getelementptr i32 %work_xz_tilde, i64 0, i64 %j_04_cast" [srcs/src/qdldl_interface.c:38]   --->   Operation 243 'getelementptr' 'work_xz_tilde_addr_1' <Predicate = (!icmp_ln37)> <Delay = 0.00>
ST_47 : Operation 244 [1/1] (3.25ns)   --->   "%store_ln38 = store i32 %linsys_solver_sol_load, i6 %work_xz_tilde_addr_1" [srcs/src/qdldl_interface.c:38]   --->   Operation 244 'store' 'store_ln38' <Predicate = (!icmp_ln37)> <Delay = 3.25> <CoreInst = "RAM">   --->   Core 82 'RAM' <Latency = 1> <II = 1> <Delay = 3.25> <Storage> <Opcode : 'load' 'store'> <Ports = 2> <Width = 32> <Depth = 34> <RAM>
ST_47 : Operation 245 [1/1] (0.00ns)   --->   "%br_ln0 = br void %LDLSolve.exit"   --->   Operation 245 'br' 'br_ln0' <Predicate = (!icmp_ln37)> <Delay = 0.00>

State 48 <SV = 9> <Delay = 1.58>
ST_48 : Operation 246 [1/1] (1.58ns)   --->   "%br_ln0 = br void %.preheader"   --->   Operation 246 'br' 'br_ln0' <Predicate = true> <Delay = 1.58>

State 49 <SV = 10> <Delay = 5.03>
ST_49 : Operation 247 [1/1] (0.00ns)   --->   "%j_11 = phi i5 %j_15, void %.split, i5 0, void %.preheader.preheader"   --->   Operation 247 'phi' 'j_11' <Predicate = true> <Delay = 0.00>
ST_49 : Operation 248 [1/1] (1.78ns)   --->   "%j_15 = add i5 %j_11, i5 1" [srcs/src/qdldl_interface.c:41]   --->   Operation 248 'add' 'j_15' <Predicate = true> <Delay = 1.78> <CoreInst = "Adder">   --->   Core 1 'Adder' <Latency = 0> <II = 1> <Delay = 1.87> <FuncUnit> <Opcode : 'add' 'sub'> <InPorts = 2> <OutPorts = 1>
ST_49 : Operation 249 [1/1] (0.00ns)   --->   "%specpipeline_ln0 = specpipeline void @_ssdm_op_SpecPipeline, i32 4294967295, i32 0, i32 1, i32 0, void @p_str34"   --->   Operation 249 'specpipeline' 'specpipeline_ln0' <Predicate = true> <Delay = 0.00>
ST_49 : Operation 250 [1/1] (1.36ns)   --->   "%icmp_ln41 = icmp_eq  i5 %j_11, i5 19" [srcs/src/qdldl_interface.c:41]   --->   Operation 250 'icmp' 'icmp_ln41' <Predicate = true> <Delay = 1.36> <CoreInst = "Cmp">   --->   Core 9 'Cmp' <Latency = 0> <II = 1> <Delay = 1.42> <FuncUnit> <Opcode : 'icmp'> <InPorts = 2> <OutPorts = 1>
ST_49 : Operation 251 [1/1] (0.00ns)   --->   "%empty_71 = speclooptripcount i32 @_ssdm_op_SpecLoopTripCount, i64 19, i64 19, i64 19"   --->   Operation 251 'speclooptripcount' 'empty_71' <Predicate = true> <Delay = 0.00>
ST_49 : Operation 252 [1/1] (0.00ns)   --->   "%br_ln41 = br i1 %icmp_ln41, void %.split, void" [srcs/src/qdldl_interface.c:41]   --->   Operation 252 'br' 'br_ln41' <Predicate = true> <Delay = 0.00>
ST_49 : Operation 253 [1/1] (0.00ns)   --->   "%j_11_cast2 = zext i5 %j_11" [srcs/src/qdldl_interface.c:41]   --->   Operation 253 'zext' 'j_11_cast2' <Predicate = (!icmp_ln41)> <Delay = 0.00>
ST_49 : Operation 254 [1/1] (0.00ns)   --->   "%j_11_cast = zext i5 %j_11" [srcs/src/qdldl_interface.c:41]   --->   Operation 254 'zext' 'j_11_cast' <Predicate = (!icmp_ln41)> <Delay = 0.00>
ST_49 : Operation 255 [1/1] (0.00ns)   --->   "%linsys_solver_rho_inv_vec_addr = getelementptr i32 %linsys_solver_rho_inv_vec, i64 0, i64 %j_11_cast2" [srcs/src/qdldl_interface.c:42]   --->   Operation 255 'getelementptr' 'linsys_solver_rho_inv_vec_addr' <Predicate = (!icmp_ln41)> <Delay = 0.00>
ST_49 : Operation 256 [2/2] (2.32ns)   --->   "%linsys_solver_rho_inv_vec_load = load i5 %linsys_solver_rho_inv_vec_addr" [srcs/src/qdldl_interface.c:42]   --->   Operation 256 'load' 'linsys_solver_rho_inv_vec_load' <Predicate = (!icmp_ln41)> <Delay = 2.32> <CoreInst = "RAM">   --->   Core 82 'RAM' <Latency = 1> <II = 1> <Delay = 2.32> <Storage> <Opcode : 'load' 'store'> <Ports = 2> <Width = 32> <Depth = 19> <RAM>
ST_49 : Operation 257 [1/1] (1.78ns)   --->   "%add_ln42 = add i6 %j_11_cast, i6 15" [srcs/src/qdldl_interface.c:42]   --->   Operation 257 'add' 'add_ln42' <Predicate = (!icmp_ln41)> <Delay = 1.78> <CoreInst = "Adder">   --->   Core 1 'Adder' <Latency = 0> <II = 1> <Delay = 1.87> <FuncUnit> <Opcode : 'add' 'sub'> <InPorts = 2> <OutPorts = 1>
ST_49 : Operation 258 [1/1] (0.00ns)   --->   "%zext_ln42 = zext i6 %add_ln42" [srcs/src/qdldl_interface.c:42]   --->   Operation 258 'zext' 'zext_ln42' <Predicate = (!icmp_ln41)> <Delay = 0.00>
ST_49 : Operation 259 [1/1] (0.00ns)   --->   "%linsys_solver_sol_addr_2 = getelementptr i32 %linsys_solver_sol, i64 0, i64 %zext_ln42" [srcs/src/qdldl_interface.c:42]   --->   Operation 259 'getelementptr' 'linsys_solver_sol_addr_2' <Predicate = (!icmp_ln41)> <Delay = 0.00>
ST_49 : Operation 260 [2/2] (3.25ns)   --->   "%linsys_solver_sol_load_1 = load i6 %linsys_solver_sol_addr_2" [srcs/src/qdldl_interface.c:42]   --->   Operation 260 'load' 'linsys_solver_sol_load_1' <Predicate = (!icmp_ln41)> <Delay = 3.25> <CoreInst = "RAM">   --->   Core 82 'RAM' <Latency = 1> <II = 1> <Delay = 3.25> <Storage> <Opcode : 'load' 'store'> <Ports = 2> <Width = 32> <Depth = 34> <RAM>
ST_49 : Operation 261 [1/1] (0.00ns)   --->   "%work_xz_tilde_addr_2 = getelementptr i32 %work_xz_tilde, i64 0, i64 %zext_ln42" [srcs/src/qdldl_interface.c:42]   --->   Operation 261 'getelementptr' 'work_xz_tilde_addr_2' <Predicate = (!icmp_ln41)> <Delay = 0.00>

State 50 <SV = 11> <Delay = 3.25>
ST_50 : Operation 262 [1/2] (2.32ns)   --->   "%linsys_solver_rho_inv_vec_load = load i5 %linsys_solver_rho_inv_vec_addr" [srcs/src/qdldl_interface.c:42]   --->   Operation 262 'load' 'linsys_solver_rho_inv_vec_load' <Predicate = (!icmp_ln41)> <Delay = 2.32> <CoreInst = "RAM">   --->   Core 82 'RAM' <Latency = 1> <II = 1> <Delay = 2.32> <Storage> <Opcode : 'load' 'store'> <Ports = 2> <Width = 32> <Depth = 19> <RAM>
ST_50 : Operation 263 [1/2] (3.25ns)   --->   "%linsys_solver_sol_load_1 = load i6 %linsys_solver_sol_addr_2" [srcs/src/qdldl_interface.c:42]   --->   Operation 263 'load' 'linsys_solver_sol_load_1' <Predicate = (!icmp_ln41)> <Delay = 3.25> <CoreInst = "RAM">   --->   Core 82 'RAM' <Latency = 1> <II = 1> <Delay = 3.25> <Storage> <Opcode : 'load' 'store'> <Ports = 2> <Width = 32> <Depth = 34> <RAM>

State 51 <SV = 12> <Delay = 5.70>
ST_51 : Operation 264 [4/4] (5.70ns)   --->   "%mul = fmul i32 %linsys_solver_rho_inv_vec_load, i32 %linsys_solver_sol_load_1" [srcs/src/qdldl_interface.c:42]   --->   Operation 264 'fmul' 'mul' <Predicate = (!icmp_ln41)> <Delay = 5.70> <CoreInst = "FMul_maxdsp">   --->   Core 30 'FMul_maxdsp' <Latency = 3> <II = 1> <Delay = 5.70> <FuncUnit> <Opcode : 'fmul'> <InPorts = 2> <OutPorts = 1>

State 52 <SV = 13> <Delay = 5.70>
ST_52 : Operation 265 [3/4] (5.70ns)   --->   "%mul = fmul i32 %linsys_solver_rho_inv_vec_load, i32 %linsys_solver_sol_load_1" [srcs/src/qdldl_interface.c:42]   --->   Operation 265 'fmul' 'mul' <Predicate = (!icmp_ln41)> <Delay = 5.70> <CoreInst = "FMul_maxdsp">   --->   Core 30 'FMul_maxdsp' <Latency = 3> <II = 1> <Delay = 5.70> <FuncUnit> <Opcode : 'fmul'> <InPorts = 2> <OutPorts = 1>

State 53 <SV = 14> <Delay = 5.70>
ST_53 : Operation 266 [2/4] (5.70ns)   --->   "%mul = fmul i32 %linsys_solver_rho_inv_vec_load, i32 %linsys_solver_sol_load_1" [srcs/src/qdldl_interface.c:42]   --->   Operation 266 'fmul' 'mul' <Predicate = (!icmp_ln41)> <Delay = 5.70> <CoreInst = "FMul_maxdsp">   --->   Core 30 'FMul_maxdsp' <Latency = 3> <II = 1> <Delay = 5.70> <FuncUnit> <Opcode : 'fmul'> <InPorts = 2> <OutPorts = 1>
ST_53 : Operation 267 [2/2] (3.25ns)   --->   "%work_xz_tilde_load_1 = load i6 %work_xz_tilde_addr_2" [srcs/src/qdldl_interface.c:42]   --->   Operation 267 'load' 'work_xz_tilde_load_1' <Predicate = (!icmp_ln41)> <Delay = 3.25> <CoreInst = "RAM">   --->   Core 82 'RAM' <Latency = 1> <II = 1> <Delay = 3.25> <Storage> <Opcode : 'load' 'store'> <Ports = 2> <Width = 32> <Depth = 34> <RAM>

State 54 <SV = 15> <Delay = 5.70>
ST_54 : Operation 268 [1/4] (5.70ns)   --->   "%mul = fmul i32 %linsys_solver_rho_inv_vec_load, i32 %linsys_solver_sol_load_1" [srcs/src/qdldl_interface.c:42]   --->   Operation 268 'fmul' 'mul' <Predicate = (!icmp_ln41)> <Delay = 5.70> <CoreInst = "FMul_maxdsp">   --->   Core 30 'FMul_maxdsp' <Latency = 3> <II = 1> <Delay = 5.70> <FuncUnit> <Opcode : 'fmul'> <InPorts = 2> <OutPorts = 1>
ST_54 : Operation 269 [1/2] (3.25ns)   --->   "%work_xz_tilde_load_1 = load i6 %work_xz_tilde_addr_2" [srcs/src/qdldl_interface.c:42]   --->   Operation 269 'load' 'work_xz_tilde_load_1' <Predicate = (!icmp_ln41)> <Delay = 3.25> <CoreInst = "RAM">   --->   Core 82 'RAM' <Latency = 1> <II = 1> <Delay = 3.25> <Storage> <Opcode : 'load' 'store'> <Ports = 2> <Width = 32> <Depth = 34> <RAM>

State 55 <SV = 16> <Delay = 7.25>
ST_55 : Operation 270 [5/5] (7.25ns)   --->   "%add7 = fadd i32 %work_xz_tilde_load_1, i32 %mul" [srcs/src/qdldl_interface.c:42]   --->   Operation 270 'fadd' 'add7' <Predicate = (!icmp_ln41)> <Delay = 7.25> <CoreInst = "FAddSub_fulldsp">   --->   Core 18 'FAddSub_fulldsp' <Latency = 4> <II = 1> <Delay = 7.25> <FuncUnit> <Opcode : 'fadd' 'fsub'> <InPorts = 2> <OutPorts = 1>

State 56 <SV = 17> <Delay = 7.25>
ST_56 : Operation 271 [4/5] (7.25ns)   --->   "%add7 = fadd i32 %work_xz_tilde_load_1, i32 %mul" [srcs/src/qdldl_interface.c:42]   --->   Operation 271 'fadd' 'add7' <Predicate = (!icmp_ln41)> <Delay = 7.25> <CoreInst = "FAddSub_fulldsp">   --->   Core 18 'FAddSub_fulldsp' <Latency = 4> <II = 1> <Delay = 7.25> <FuncUnit> <Opcode : 'fadd' 'fsub'> <InPorts = 2> <OutPorts = 1>

State 57 <SV = 18> <Delay = 7.25>
ST_57 : Operation 272 [3/5] (7.25ns)   --->   "%add7 = fadd i32 %work_xz_tilde_load_1, i32 %mul" [srcs/src/qdldl_interface.c:42]   --->   Operation 272 'fadd' 'add7' <Predicate = (!icmp_ln41)> <Delay = 7.25> <CoreInst = "FAddSub_fulldsp">   --->   Core 18 'FAddSub_fulldsp' <Latency = 4> <II = 1> <Delay = 7.25> <FuncUnit> <Opcode : 'fadd' 'fsub'> <InPorts = 2> <OutPorts = 1>

State 58 <SV = 19> <Delay = 7.25>
ST_58 : Operation 273 [2/5] (7.25ns)   --->   "%add7 = fadd i32 %work_xz_tilde_load_1, i32 %mul" [srcs/src/qdldl_interface.c:42]   --->   Operation 273 'fadd' 'add7' <Predicate = (!icmp_ln41)> <Delay = 7.25> <CoreInst = "FAddSub_fulldsp">   --->   Core 18 'FAddSub_fulldsp' <Latency = 4> <II = 1> <Delay = 7.25> <FuncUnit> <Opcode : 'fadd' 'fsub'> <InPorts = 2> <OutPorts = 1>

State 59 <SV = 20> <Delay = 7.25>
ST_59 : Operation 274 [1/5] (7.25ns)   --->   "%add7 = fadd i32 %work_xz_tilde_load_1, i32 %mul" [srcs/src/qdldl_interface.c:42]   --->   Operation 274 'fadd' 'add7' <Predicate = (!icmp_ln41)> <Delay = 7.25> <CoreInst = "FAddSub_fulldsp">   --->   Core 18 'FAddSub_fulldsp' <Latency = 4> <II = 1> <Delay = 7.25> <FuncUnit> <Opcode : 'fadd' 'fsub'> <InPorts = 2> <OutPorts = 1>

State 60 <SV = 21> <Delay = 3.25>
ST_60 : Operation 275 [1/1] (0.00ns)   --->   "%specloopname_ln30 = specloopname void @_ssdm_op_SpecLoopName, void @empty_38" [srcs/src/qdldl_interface.c:30]   --->   Operation 275 'specloopname' 'specloopname_ln30' <Predicate = (!icmp_ln41)> <Delay = 0.00>
ST_60 : Operation 276 [1/1] (3.25ns)   --->   "%store_ln42 = store i32 %add7, i6 %work_xz_tilde_addr_2" [srcs/src/qdldl_interface.c:42]   --->   Operation 276 'store' 'store_ln42' <Predicate = (!icmp_ln41)> <Delay = 3.25> <CoreInst = "RAM">   --->   Core 82 'RAM' <Latency = 1> <II = 1> <Delay = 3.25> <Storage> <Opcode : 'load' 'store'> <Ports = 2> <Width = 32> <Depth = 34> <RAM>
ST_60 : Operation 277 [1/1] (0.00ns)   --->   "%br_ln0 = br void %.preheader"   --->   Operation 277 'br' 'br_ln0' <Predicate = (!icmp_ln41)> <Delay = 0.00>

State 61 <SV = 11> <Delay = 0.00>
ST_61 : Operation 278 [1/1] (0.00ns)   --->   "%ret_ln0 = ret"   --->   Operation 278 'ret' 'ret_ln0' <Predicate = true> <Delay = 0.00>


============================================================
+ Verbose Summary: Timing violations
============================================================
Target clock period: 10ns, clock uncertainty: 2.7ns.

 <State 1>: 1.59ns
The critical path consists of the following:
	multiplexor before 'phi' operation ('j') with incoming values : ('j', srcs/src/qdldl_interface.c:12) [21]  (1.59 ns)

 <State 2>: 2.32ns
The critical path consists of the following:
	'phi' operation ('j') with incoming values : ('j', srcs/src/qdldl_interface.c:12) [21]  (0 ns)
	'getelementptr' operation ('linsys_solver_P_addr', srcs/src/qdldl_interface.c:12) [29]  (0 ns)
	'load' operation ('linsys_solver_P_load', srcs/src/qdldl_interface.c:12) on array 'linsys_solver_P' [30]  (2.32 ns)

 <State 3>: 5.58ns
The critical path consists of the following:
	'load' operation ('linsys_solver_P_load', srcs/src/qdldl_interface.c:12) on array 'linsys_solver_P' [30]  (2.32 ns)
	'getelementptr' operation ('work_xz_tilde_addr', srcs/src/qdldl_interface.c:12) [32]  (0 ns)
	'load' operation ('work_xz_tilde_load', srcs/src/qdldl_interface.c:12) on array 'work_xz_tilde' [33]  (3.25 ns)

 <State 4>: 6.51ns
The critical path consists of the following:
	'load' operation ('work_xz_tilde_load', srcs/src/qdldl_interface.c:12) on array 'work_xz_tilde' [33]  (3.25 ns)
	'store' operation ('store_ln12', srcs/src/qdldl_interface.c:12) of variable 'work_xz_tilde_load', srcs/src/qdldl_interface.c:12 on array 'linsys_solver_bp' [35]  (3.25 ns)

 <State 5>: 4.15ns
The critical path consists of the following:
	'phi' operation ('i') with incoming values : ('i') [40]  (0 ns)
	'add' operation ('i') [41]  (1.83 ns)
	'getelementptr' operation ('linsys_solver_L_p_addr_1') [54]  (0 ns)
	'load' operation ('linsys_solver_L_p_load') on array 'linsys_solver_L_p' [55]  (2.32 ns)

 <State 6>: 3.25ns
The critical path consists of the following:
	'load' operation ('val', srcs/src/qdldl.c:244) on array 'linsys_solver_bp' [49]  (3.25 ns)

 <State 7>: 3.25ns
The critical path consists of the following:
	'phi' operation ('j') with incoming values : ('zext_ln242', srcs/src/qdldl.c:242) ('j', srcs/src/qdldl.c:245) [61]  (0 ns)
	'getelementptr' operation ('linsys_solver_L_x_addr', srcs/src/qdldl.c:246) [67]  (0 ns)
	'load' operation ('linsys_solver_L_x_load', srcs/src/qdldl.c:246) on array 'linsys_solver_L_x' [68]  (3.25 ns)

 <State 8>: 5.58ns
The critical path consists of the following:
	'load' operation ('linsys_solver_L_i_load', srcs/src/qdldl.c:246) on array 'linsys_solver_L_i' [71]  (2.32 ns)
	'getelementptr' operation ('linsys_solver_bp_addr_3', srcs/src/qdldl.c:246) [73]  (0 ns)
	'load' operation ('linsys_solver_bp_load_1', srcs/src/qdldl.c:246) on array 'linsys_solver_bp' [76]  (3.25 ns)

 <State 9>: 5.7ns
The critical path consists of the following:
	'fmul' operation ('mul_i_i_i', srcs/src/qdldl.c:246) [69]  (5.7 ns)

 <State 10>: 5.7ns
The critical path consists of the following:
	'fmul' operation ('mul_i_i_i', srcs/src/qdldl.c:246) [69]  (5.7 ns)

 <State 11>: 5.7ns
The critical path consists of the following:
	'fmul' operation ('mul_i_i_i', srcs/src/qdldl.c:246) [69]  (5.7 ns)

 <State 12>: 5.7ns
The critical path consists of the following:
	'fmul' operation ('mul_i_i_i', srcs/src/qdldl.c:246) [69]  (5.7 ns)

 <State 13>: 7.26ns
The critical path consists of the following:
	'fsub' operation ('sub_i_i_i', srcs/src/qdldl.c:246) [79]  (7.26 ns)

 <State 14>: 7.26ns
The critical path consists of the following:
	'fsub' operation ('sub_i_i_i', srcs/src/qdldl.c:246) [79]  (7.26 ns)

 <State 15>: 7.26ns
The critical path consists of the following:
	'fsub' operation ('sub_i_i_i', srcs/src/qdldl.c:246) [79]  (7.26 ns)

 <State 16>: 7.26ns
The critical path consists of the following:
	'fsub' operation ('sub_i_i_i', srcs/src/qdldl.c:246) [79]  (7.26 ns)

 <State 17>: 7.26ns
The critical path consists of the following:
	'fsub' operation ('sub_i_i_i', srcs/src/qdldl.c:246) [79]  (7.26 ns)

 <State 18>: 3.25ns
The critical path consists of the following:
	'store' operation ('store_ln246', srcs/src/qdldl.c:246) of variable 'sub_i_i_i', srcs/src/qdldl.c:246 on array 'linsys_solver_bp' [80]  (3.25 ns)

 <State 19>: 0ns
The critical path consists of the following:

 <State 20>: 3.25ns
The critical path consists of the following:
	'phi' operation ('i') with incoming values : ('i', srcs/src/qdldl.c:279) [90]  (0 ns)
	'getelementptr' operation ('linsys_solver_Dinv_addr', srcs/src/qdldl.c:279) [99]  (0 ns)
	'load' operation ('linsys_solver_Dinv_load', srcs/src/qdldl.c:279) on array 'linsys_solver_Dinv' [100]  (3.25 ns)

 <State 21>: 3.25ns
The critical path consists of the following:
	'load' operation ('linsys_solver_Dinv_load', srcs/src/qdldl.c:279) on array 'linsys_solver_Dinv' [100]  (3.25 ns)

 <State 22>: 5.7ns
The critical path consists of the following:
	'fmul' operation ('mul_i_i', srcs/src/qdldl.c:279) [103]  (5.7 ns)

 <State 23>: 5.7ns
The critical path consists of the following:
	'fmul' operation ('mul_i_i', srcs/src/qdldl.c:279) [103]  (5.7 ns)

 <State 24>: 5.7ns
The critical path consists of the following:
	'fmul' operation ('mul_i_i', srcs/src/qdldl.c:279) [103]  (5.7 ns)

 <State 25>: 5.7ns
The critical path consists of the following:
	'fmul' operation ('mul_i_i', srcs/src/qdldl.c:279) [103]  (5.7 ns)

 <State 26>: 3.25ns
The critical path consists of the following:
	'store' operation ('store_ln279', srcs/src/qdldl.c:279) of variable 'mul_i_i', srcs/src/qdldl.c:279 on array 'linsys_solver_bp' [104]  (3.25 ns)

 <State 27>: 1.59ns
The critical path consists of the following:
	multiplexor before 'phi' operation ('i') with incoming values : ('i', srcs/src/qdldl.c:259) [109]  (1.59 ns)

 <State 28>: 4.15ns
The critical path consists of the following:
	'phi' operation ('i') with incoming values : ('i', srcs/src/qdldl.c:259) [109]  (0 ns)
	'add' operation ('add_i7_i_i', srcs/src/qdldl.c:259) [122]  (1.83 ns)
	'getelementptr' operation ('linsys_solver_L_p_addr_3', srcs/src/qdldl.c:259) [124]  (0 ns)
	'load' operation ('linsys_solver_L_p_load_2', srcs/src/qdldl.c:259) on array 'linsys_solver_L_p' [125]  (2.32 ns)

 <State 29>: 3.25ns
The critical path consists of the following:
	'load' operation ('val', srcs/src/qdldl.c:260) on array 'linsys_solver_bp' [118]  (3.25 ns)

 <State 30>: 3.25ns
The critical path consists of the following:
	'phi' operation ('j') with incoming values : ('zext_ln258', srcs/src/qdldl.c:258) ('j', srcs/src/qdldl.c:261) [130]  (0 ns)
	'getelementptr' operation ('linsys_solver_L_x_addr_1', srcs/src/qdldl.c:262) [136]  (0 ns)
	'load' operation ('linsys_solver_L_x_load_1', srcs/src/qdldl.c:262) on array 'linsys_solver_L_x' [137]  (3.25 ns)

 <State 31>: 5.58ns
The critical path consists of the following:
	'load' operation ('linsys_solver_L_i_load_1', srcs/src/qdldl.c:262) on array 'linsys_solver_L_i' [139]  (2.32 ns)
	'getelementptr' operation ('linsys_solver_bp_addr_5', srcs/src/qdldl.c:262) [141]  (0 ns)
	'load' operation ('linsys_solver_bp_load_3', srcs/src/qdldl.c:262) on array 'linsys_solver_bp' [142]  (3.25 ns)

 <State 32>: 3.25ns
The critical path consists of the following:
	'load' operation ('linsys_solver_bp_load_3', srcs/src/qdldl.c:262) on array 'linsys_solver_bp' [142]  (3.25 ns)

 <State 33>: 5.7ns
The critical path consists of the following:
	'fmul' operation ('mul_i10_i_i', srcs/src/qdldl.c:262) [143]  (5.7 ns)

 <State 34>: 5.7ns
The critical path consists of the following:
	'fmul' operation ('mul_i10_i_i', srcs/src/qdldl.c:262) [143]  (5.7 ns)

 <State 35>: 5.7ns
The critical path consists of the following:
	'fmul' operation ('mul_i10_i_i', srcs/src/qdldl.c:262) [143]  (5.7 ns)

 <State 36>: 7.26ns
The critical path consists of the following:
	'phi' operation ('val') with incoming values : ('val', srcs/src/qdldl.c:260) ('val', srcs/src/qdldl.c:262) [129]  (0 ns)
	'fsub' operation ('val', srcs/src/qdldl.c:262) [144]  (7.26 ns)

 <State 37>: 7.26ns
The critical path consists of the following:
	'fsub' operation ('val', srcs/src/qdldl.c:262) [144]  (7.26 ns)

 <State 38>: 14.5ns
The critical path consists of the following:
	'fsub' operation ('val', srcs/src/qdldl.c:262) [144]  (7.26 ns)
	'phi' operation ('val') with incoming values : ('val', srcs/src/qdldl.c:260) ('val', srcs/src/qdldl.c:262) [129]  (0 ns)
	'fsub' operation ('val', srcs/src/qdldl.c:262) [144]  (7.26 ns)

 <State 39>: 14.5ns
The critical path consists of the following:
	'fsub' operation ('val', srcs/src/qdldl.c:262) [144]  (7.26 ns)
	'phi' operation ('val') with incoming values : ('val', srcs/src/qdldl.c:260) ('val', srcs/src/qdldl.c:262) [129]  (0 ns)
	'fsub' operation ('val', srcs/src/qdldl.c:262) [144]  (7.26 ns)

 <State 40>: 14.5ns
The critical path consists of the following:
	'fsub' operation ('val', srcs/src/qdldl.c:262) [144]  (7.26 ns)
	'phi' operation ('val') with incoming values : ('val', srcs/src/qdldl.c:260) ('val', srcs/src/qdldl.c:262) [129]  (0 ns)
	'fsub' operation ('val', srcs/src/qdldl.c:262) [144]  (7.26 ns)

 <State 41>: 14.5ns
The critical path consists of the following:
	'fsub' operation ('val', srcs/src/qdldl.c:262) [144]  (7.26 ns)
	'phi' operation ('val') with incoming values : ('val', srcs/src/qdldl.c:260) ('val', srcs/src/qdldl.c:262) [129]  (0 ns)
	'fsub' operation ('val', srcs/src/qdldl.c:262) [144]  (7.26 ns)

 <State 42>: 3.25ns
The critical path consists of the following:
	'store' operation ('store_ln264', srcs/src/qdldl.c:264) of variable 'val' on array 'linsys_solver_bp' [149]  (3.25 ns)

 <State 43>: 3.25ns
The critical path consists of the following:
	'phi' operation ('j') with incoming values : ('j', srcs/src/qdldl_interface.c:17) [154]  (0 ns)
	'getelementptr' operation ('linsys_solver_bp_addr_6', srcs/src/qdldl_interface.c:17) [163]  (0 ns)
	'load' operation ('linsys_solver_bp_load_4', srcs/src/qdldl_interface.c:17) on array 'linsys_solver_bp' [164]  (3.25 ns)

 <State 44>: 6.51ns
The critical path consists of the following:
	'load' operation ('linsys_solver_bp_load_4', srcs/src/qdldl_interface.c:17) on array 'linsys_solver_bp' [164]  (3.25 ns)
	'store' operation ('store_ln17', srcs/src/qdldl_interface.c:17) of variable 'linsys_solver_bp_load_4', srcs/src/qdldl_interface.c:17 on array 'linsys_solver_sol' [169]  (3.25 ns)

 <State 45>: 1.59ns
The critical path consists of the following:
	multiplexor before 'phi' operation ('j') with incoming values : ('j', srcs/src/qdldl_interface.c:37) [174]  (1.59 ns)

 <State 46>: 3.25ns
The critical path consists of the following:
	'phi' operation ('j') with incoming values : ('j', srcs/src/qdldl_interface.c:37) [174]  (0 ns)
	'getelementptr' operation ('linsys_solver_sol_addr_1', srcs/src/qdldl_interface.c:38) [183]  (0 ns)
	'load' operation ('linsys_solver_sol_load', srcs/src/qdldl_interface.c:38) on array 'linsys_solver_sol' [184]  (3.25 ns)

 <State 47>: 6.51ns
The critical path consists of the following:
	'load' operation ('linsys_solver_sol_load', srcs/src/qdldl_interface.c:38) on array 'linsys_solver_sol' [184]  (3.25 ns)
	'store' operation ('store_ln38', srcs/src/qdldl_interface.c:38) of variable 'linsys_solver_sol_load', srcs/src/qdldl_interface.c:38 on array 'work_xz_tilde' [186]  (3.25 ns)

 <State 48>: 1.59ns
The critical path consists of the following:
	multiplexor before 'phi' operation ('j') with incoming values : ('j', srcs/src/qdldl_interface.c:41) [191]  (1.59 ns)

 <State 49>: 5.03ns
The critical path consists of the following:
	'phi' operation ('j') with incoming values : ('j', srcs/src/qdldl_interface.c:41) [191]  (0 ns)
	'add' operation ('add_ln42', srcs/src/qdldl_interface.c:42) [203]  (1.78 ns)
	'getelementptr' operation ('linsys_solver_sol_addr_2', srcs/src/qdldl_interface.c:42) [205]  (0 ns)
	'load' operation ('linsys_solver_sol_load_1', srcs/src/qdldl_interface.c:42) on array 'linsys_solver_sol' [206]  (3.25 ns)

 <State 50>: 3.25ns
The critical path consists of the following:
	'load' operation ('linsys_solver_sol_load_1', srcs/src/qdldl_interface.c:42) on array 'linsys_solver_sol' [206]  (3.25 ns)

 <State 51>: 5.7ns
The critical path consists of the following:
	'fmul' operation ('mul', srcs/src/qdldl_interface.c:42) [207]  (5.7 ns)

 <State 52>: 5.7ns
The critical path consists of the following:
	'fmul' operation ('mul', srcs/src/qdldl_interface.c:42) [207]  (5.7 ns)

 <State 53>: 5.7ns
The critical path consists of the following:
	'fmul' operation ('mul', srcs/src/qdldl_interface.c:42) [207]  (5.7 ns)

 <State 54>: 5.7ns
The critical path consists of the following:
	'fmul' operation ('mul', srcs/src/qdldl_interface.c:42) [207]  (5.7 ns)

 <State 55>: 7.26ns
The critical path consists of the following:
	'fadd' operation ('add7', srcs/src/qdldl_interface.c:42) [210]  (7.26 ns)

 <State 56>: 7.26ns
The critical path consists of the following:
	'fadd' operation ('add7', srcs/src/qdldl_interface.c:42) [210]  (7.26 ns)

 <State 57>: 7.26ns
The critical path consists of the following:
	'fadd' operation ('add7', srcs/src/qdldl_interface.c:42) [210]  (7.26 ns)

 <State 58>: 7.26ns
The critical path consists of the following:
	'fadd' operation ('add7', srcs/src/qdldl_interface.c:42) [210]  (7.26 ns)

 <State 59>: 7.26ns
The critical path consists of the following:
	'fadd' operation ('add7', srcs/src/qdldl_interface.c:42) [210]  (7.26 ns)

 <State 60>: 3.25ns
The critical path consists of the following:
	'store' operation ('store_ln42', srcs/src/qdldl_interface.c:42) of variable 'add7', srcs/src/qdldl_interface.c:42 on array 'work_xz_tilde' [211]  (3.25 ns)

 <State 61>: 0ns
The critical path consists of the following:


============================================================
+ Verbose Summary: Binding
============================================================
N/A
* FSMD analyzer results:
  - Output states:
 - Input state : 
  - Chain level:
	State 1
	State 2
	State 3
	State 4
	State 5
	State 6
	State 7
	State 8
	State 9
	State 10
	State 11
	State 12
	State 13
	State 14
	State 15
	State 16
	State 17
	State 18
	State 19
	State 20
	State 21
	State 22
	State 23
	State 24
	State 25
	State 26
	State 27
	State 28
	State 29
	State 30
	State 31
	State 32
	State 33
	State 34
	State 35
	State 36
	State 37
	State 38
	State 39
	State 40
	State 41
	State 42
	State 43
	State 44
	State 45
	State 46
	State 47
	State 48
	State 49
	State 50
	State 51
	State 52
	State 53
	State 54
	State 55
	State 56
	State 57
	State 58
	State 59
	State 60
	State 61


============================================================
+ Verbose Summary: Datapath Resource usage 
============================================================
N/A
