INFO: [SIM 2] *************** CSIM start ***************
INFO: [SIM 4] CSIM will launch GCC as the compiler.
   Compiling(apcc) ../../../../srcs/src/simulink_block.c in debug mode
INFO: Applying HLS Y2K22 patch v1.2 for IP revision
INFO: [HLS 200-10] Running 'C:/Xilinx/Vitis_HLS/2020.2/bin/unwrapped/win64.o/apcc.exe'
INFO: [HLS 200-10] For user 'ruben.nieto' on host 'mp-5cg0326r5c' (Windows NT_amd64 version 6.2) on Sat Feb 07 12:00:00 +0100 2026
INFO: [HLS 200-10] In directory 'C:/Users/ruben.nieto.PERSONAL/Documents/GitHub/TFG_JorgeNieto_2026/hls_project/solution1/csim/build'
INFO: [APCC 202-3] Tmp directory is apcc_db
INFO: [APCC 202-1] APCC is done.
   Generating csim.exe
=============================================
   INICIO TESTBENCH HLS - OSQP SOLVER MPC    
=============================================

--- Iteracion 1 ---
Inputs: Vdc=750.00, iL=15.00
Resultados (Control Action):
  v_ref_d: 0.000000
  v_ref_q: 0.000000

--- Iteracion 2 ---
Inputs: Vdc=751.00, iL=15.00
Resultados (Control Action):
  v_ref_d: 0.000000
  v_ref_q: 0.000000

--- Iteracion 3 ---
Inputs: Vdc=752.00, iL=15.00
Resultados (Control Action):
  v_ref_d: 0.000000
  v_ref_q: 0.000000

=============================================
   TESTBENCH FINALIZADO EXITOSAMENTE (RET 0) 
=============================================
INFO: [SIM 1] CSim done with 0 errors.
INFO: [SIM 3] *************** CSIM finish ***************
